Iteration 0
Elapsed time for kappa 57.6149 sec
Elapsed time for experts 76.5393 sec
Elapsed time for households 76.1130 sec
Iteration 1
Elapsed time for kappa 25.1972 sec
Elapsed time for experts 71.0106 sec
Elapsed time for households 71.3516 sec
Iteration 2
Elapsed time for kappa 101.6560 sec
Elapsed time for experts 74.5940 sec
Elapsed time for households 68.2641 sec
Iteration 3
Elapsed time for kappa 105.3435 sec
Elapsed time for experts 78.0161 sec
Elapsed time for households 70.2307 sec
Iteration 4
Elapsed time for kappa 103.1165 sec
Elapsed time for experts 77.5417 sec
Elapsed time for households 70.2795 sec
Iteration 5
Elapsed time for kappa 102.4630 sec
Elapsed time for experts 75.6075 sec
Elapsed time for households 67.3475 sec
Iteration 6
Elapsed time for kappa 38.8841 sec
Elapsed time for experts 73.1344 sec
Elapsed time for households 67.8007 sec
Iteration 7
Elapsed time for kappa 100.1451 sec
Elapsed time for experts 73.1934 sec
Elapsed time for households 66.7643 sec
Iteration 8
Elapsed time for kappa 97.7387 sec
Elapsed time for experts 76.2116 sec
Elapsed time for households 69.3278 sec
Iteration 9
Elapsed time for kappa 101.6104 sec
Elapsed time for experts 74.3431 sec
Elapsed time for households 70.3541 sec
Elapsed time for training 2282.6705 sec
