/var/lib/slurmd/job9520191/slurm_script: line 16: /home/qhaomin/venv/tensorflow-gpu/bin/activate: No such file or directory
2022-07-21 14:40:43.132174: I tensorflow/core/platform/cpu_feature_guard.cc:151] This TensorFlow binary is optimized with oneAPI Deep Neural Network Library (oneDNN) to use the following CPU instructions in performance-critical operations:  AVX2 FMA
To enable them in other operations, rebuild TensorFlow with the appropriate compiler flags.
2022-07-21 14:40:44.166376: I tensorflow/core/common_runtime/gpu/gpu_device.cc:1525] Created device /job:localhost/replica:0/task:0/device:GPU:0 with 10794 MB memory:  -> device: 0, name: Tesla K80, pci bus id: 0000:0d:00.0, compute capability: 3.7
Iter: 1 loss: 3.0144553875288693e-06
Iter: 2 loss: 1.9554769096430391e-05
Iter: 3 loss: 3.229171852581203e-06
Iter: 4 loss: 2.565250269981334e-06
Iter: 5 loss: 2.5357119284308283e-06
Iter: 6 loss: 2.4178377771022497e-06
Iter: 7 loss: 1.966418949450599e-06
Iter: 8 loss: 4.4809701648773625e-05
Iter: 9 loss: 1.7783215753297554e-06
Iter: 10 loss: 3.0938529107515933e-06
Iter: 11 loss: 1.2611048987309914e-06
Iter: 12 loss: 7.71812665334437e-07
Iter: 13 loss: 6.8106862727290718e-07
Iter: 14 loss: 6.03459909598314e-07
Iter: 15 loss: 3.772173329252837e-07
Iter: 16 loss: 4.8095034799189307e-07
Iter: 17 loss: 2.1675484163097281e-07
Iter: 18 loss: 1.4921765512099228e-07
Iter: 19 loss: 1.4447576290876896e-07
Iter: 20 loss: 1.4120448099674832e-07
Iter: 21 loss: 1.3141374211045331e-07
Iter: 22 loss: 1.1706477209827426e-07
Iter: 23 loss: 1.0907145053806744e-07
Iter: 24 loss: 1.0812247808189568e-07
Iter: 25 loss: 1.0807623596065241e-07
Iter: 26 loss: 1.0806026295995252e-07
Iter: 27 loss: 1.0781856474295637e-07
Iter: 28 loss: 1.0634202141091009e-07
Iter: 29 loss: 1.0594497013016735e-07
Iter: 30 loss: 1.0560053453900764e-07
Iter: 31 loss: 1.055635721058934e-07
Iter: 32 loss: 1.0549431550543886e-07
Iter: 33 loss: 1.0544463435735452e-07
Iter: 34 loss: 1.0534360939118415e-07
Iter: 35 loss: 1.0508413339493927e-07
Iter: 36 loss: 1.0673605999045321e-07
Iter: 37 loss: 1.0474093414813979e-07
Iter: 38 loss: 1.052204083862307e-07
Iter: 39 loss: 1.0420946239264595e-07
Iter: 40 loss: 1.0254488813643547e-07
Iter: 41 loss: 1.0157634733332088e-07
Iter: 42 loss: 1.0147680029604089e-07
Iter: 43 loss: 1.0094557012507721e-07
Iter: 44 loss: 1.0077921785978106e-07
Iter: 45 loss: 1.0069245348631739e-07
Iter: 46 loss: 1.0065444655538158e-07
Iter: 47 loss: 1.0030762354062972e-07
Iter: 48 loss: 1.0003573436279112e-07
Iter: 49 loss: 9.96848825707275e-08
Iter: 50 loss: 9.9523617791419383e-08
Iter: 51 loss: 9.9323187896516174e-08
Iter: 52 loss: 9.9228671501805366e-08
Iter: 53 loss: 9.9132009268032562e-08
Iter: 54 loss: 9.9008481413420668e-08
Iter: 55 loss: 9.8705051243541675e-08
Iter: 56 loss: 9.8753233146453567e-08
Iter: 57 loss: 9.8638494705483026e-08
Iter: 58 loss: 9.8450030350250017e-08
Iter: 59 loss: 9.8415739557822235e-08
Iter: 60 loss: 9.8378677648724988e-08
Iter: 61 loss: 9.8323177155634767e-08
Iter: 62 loss: 9.8190767516825872e-08
Iter: 63 loss: 9.7768271700715559e-08
Iter: 64 loss: 9.744226048269411e-08
Iter: 65 loss: 9.7024461354067171e-08
Iter: 66 loss: 9.6913559843869734e-08
Iter: 67 loss: 9.6840111041274213e-08
Iter: 68 loss: 9.6763152157564036e-08
Iter: 69 loss: 9.6707367447379511e-08
Iter: 70 loss: 9.6580414776781254e-08
Iter: 71 loss: 9.6378130365337711e-08
Iter: 72 loss: 9.65591411272726e-08
Iter: 73 loss: 9.6281112860197027e-08
Iter: 74 loss: 9.6267136484584626e-08
Iter: 75 loss: 9.6190930776174355e-08
Iter: 76 loss: 9.6172662722437963e-08
Iter: 77 loss: 9.6152426465323515e-08
Iter: 78 loss: 9.6023107687415177e-08
Iter: 79 loss: 9.5890889895144937e-08
Iter: 80 loss: 9.58225214731101e-08
Iter: 81 loss: 9.5709900449492125e-08
Iter: 82 loss: 9.562639036175824e-08
Iter: 83 loss: 9.536172029811496e-08
Iter: 84 loss: 9.4586155796605453e-08
Iter: 85 loss: 9.9683383325555042e-08
Iter: 86 loss: 9.4336435552122566e-08
Iter: 87 loss: 9.3631634001667408e-08
Iter: 88 loss: 9.3561645542195038e-08
Iter: 89 loss: 9.3253603949960961e-08
Iter: 90 loss: 9.3120732458373823e-08
Iter: 91 loss: 9.2754618208346074e-08
Iter: 92 loss: 9.27979684206548e-08
Iter: 93 loss: 9.2686555319687614e-08
Iter: 94 loss: 9.2599478307420213e-08
Iter: 95 loss: 9.2357751668714627e-08
Iter: 96 loss: 9.1974001747985312e-08
Iter: 97 loss: 9.0839847644019756e-08
Iter: 98 loss: 9.00865799735584e-08
Iter: 99 loss: 9.2745906954405655e-08
Iter: 100 loss: 8.8711452406187163e-08
Iter: 101 loss: 8.80604460462564e-08
Iter: 102 loss: 8.79482655591346e-08
Iter: 103 loss: 8.7309913965327723e-08
Iter: 104 loss: 8.6953562572489318e-08
Iter: 105 loss: 8.6461753312505607e-08
Iter: 106 loss: 8.6201353610704246e-08
Iter: 107 loss: 8.5733852017710888e-08
Iter: 108 loss: 8.4437388636615651e-08
Iter: 109 loss: 8.3094164438080043e-08
Iter: 110 loss: 8.02097019914072e-08
Iter: 111 loss: 7.7933805187058169e-08
Iter: 112 loss: 7.73577610857501e-08
Iter: 113 loss: 7.746778862838255e-08
Iter: 114 loss: 7.59713998377265e-08
Iter: 115 loss: 7.4843782726929931e-08
Iter: 116 loss: 7.3192566674151749e-08
Iter: 117 loss: 7.0833344523180131e-08
Iter: 118 loss: 7.0431688925509661e-08
Iter: 119 loss: 6.9581275852215185e-08
Iter: 120 loss: 6.919518824588522e-08
Iter: 121 loss: 6.6887928085179738e-08
Iter: 122 loss: 6.66425563622397e-08
Iter: 123 loss: 6.6294539635691763e-08
Iter: 124 loss: 6.6102607831908244e-08
Iter: 125 loss: 6.5709130581126374e-08
Iter: 126 loss: 6.5492884004925145e-08
Iter: 127 loss: 6.5223446199524915e-08
Iter: 128 loss: 6.4203774741145025e-08
Iter: 129 loss: 6.3467638256042846e-08
Iter: 130 loss: 6.29816838682018e-08
Iter: 131 loss: 6.3017509432938823e-08
Iter: 132 loss: 6.2471642081618484e-08
Iter: 133 loss: 6.209710079474462e-08
Iter: 134 loss: 6.1571270748572715e-08
Iter: 135 loss: 6.1321927091739781e-08
Iter: 136 loss: 6.1057981781686976e-08
Iter: 137 loss: 6.0941189872210089e-08
Iter: 138 loss: 6.088920656566188e-08
Iter: 139 loss: 6.0870760876241548e-08
Iter: 140 loss: 6.0841770732622535e-08
Iter: 141 loss: 6.0719401062669931e-08
Iter: 142 loss: 6.0529160350597522e-08
Iter: 143 loss: 6.0218951603019377e-08
Iter: 144 loss: 5.9844879274351115e-08
Iter: 145 loss: 5.9452371914403557e-08
Iter: 146 loss: 5.9390789175495229e-08
Iter: 147 loss: 5.9115791373187676e-08
Iter: 148 loss: 5.8773593991645612e-08
Iter: 149 loss: 5.8646570266773779e-08
Iter: 150 loss: 5.8128826196934824e-08
Iter: 151 loss: 5.8017775472762878e-08
Iter: 152 loss: 5.7855494617342629e-08
Iter: 153 loss: 5.7734133918074804e-08
Iter: 154 loss: 5.7705982214883988e-08
Iter: 155 loss: 5.7668831487944772e-08
Iter: 156 loss: 5.7563465105658906e-08
Iter: 157 loss: 5.7370623807173615e-08
Iter: 158 loss: 5.7163344280297679e-08
Iter: 159 loss: 5.6919567725799425e-08
Iter: 160 loss: 5.6588145724845162e-08
Iter: 161 loss: 5.5978297552883305e-08
Iter: 162 loss: 5.423296300932634e-08
Iter: 163 loss: 2.6330215405323543e-05
Iter: 164 loss: 5.41911404638995e-08
Iter: 165 loss: 6.4279458911187248e-07
Iter: 166 loss: 5.4099380975003442e-08
Iter: 167 loss: 5.3376350450662358e-08
Iter: 168 loss: 5.9577580202585523e-08
Iter: 169 loss: 5.04993309391466e-08
Iter: 170 loss: 4.2354724172355418e-08
Iter: 171 loss: 1.086853416154554e-07
Iter: 172 loss: 4.209940840382842e-08
Iter: 173 loss: 4.6277907728153878e-08
Iter: 174 loss: 4.0266861844884261e-08
Iter: 175 loss: 3.5043729695871662e-08
Iter: 176 loss: 3.2935901117525646e-08
Iter: 177 loss: 3.2046756359704887e-08
Iter: 178 loss: 3.0128649797234175e-08
Iter: 179 loss: 2.9695035763666056e-08
Iter: 180 loss: 2.8978064392504166e-08
Iter: 181 loss: 7.1322695305298112e-08
Iter: 182 loss: 2.7867951502003052e-08
Iter: 183 loss: 7.5408010502542311e-08
Iter: 184 loss: 2.7216023212872642e-08
Iter: 185 loss: 2.3000229276703976e-08
Iter: 186 loss: 1.8959987357902719e-08
Iter: 187 loss: 1.7665453100335071e-08
Iter: 188 loss: 2.5835438677290767e-08
Iter: 189 loss: 1.621777201421537e-08
Iter: 190 loss: 1.4078134213946214e-08
Iter: 191 loss: 1.2073539501500363e-08
Iter: 192 loss: 1.042502439929649e-08
Iter: 193 loss: 9.0319502987767919e-09
Iter: 194 loss: 8.3040863074757e-09
Iter: 195 loss: 7.9937931829476838e-09
Iter: 196 loss: 6.77344047517181e-09
Iter: 197 loss: 6.5113296976448964e-09
Iter: 198 loss: 6.088446635743594e-09
Iter: 199 loss: 5.7270477249460328e-09
Iter: 200 loss: 5.6053006680656381e-09
Iter: 201 loss: 5.2507007630708813e-09
Iter: 202 loss: 5.5078706040490033e-09
Iter: 203 loss: 4.7376809142463117e-09
Iter: 204 loss: 4.4151313716156437e-09
Iter: 205 loss: 3.6424059324247082e-09
Iter: 206 loss: 1.2796627757438728e-08
Iter: 207 loss: 3.2295381924285493e-09
Iter: 208 loss: 2.6898692162546922e-09
Iter: 209 loss: 2.2856236903123772e-09
Iter: 210 loss: 2.0721209192942069e-09
Iter: 211 loss: 1.8762531528437876e-09
Iter: 212 loss: 1.7302536070573638e-09
Iter: 213 loss: 1.4556784666552858e-09
Iter: 214 loss: 1.2412196825906108e-09
Iter: 215 loss: 1.0138632156042604e-09
Iter: 216 loss: 9.447557181019306e-10
Iter: 217 loss: 9.6123331516650978e-10
Iter: 218 loss: 9.174428994285222e-10
Iter: 219 loss: 8.9478247033980551e-10
Iter: 220 loss: 8.5246820713535953e-10
Iter: 221 loss: 7.957636216637809e-10
Iter: 222 loss: 7.6280814997886637e-10
Iter: 223 loss: 7.2339739753957133e-10
Iter: 224 loss: 6.5860844555842846e-10
Iter: 225 loss: 5.6910931522935471e-10
Iter: 226 loss: 4.8907494720751288e-10
Iter: 227 loss: 4.2794140453494833e-10
Iter: 228 loss: 3.9837794174601981e-10
Iter: 229 loss: 3.609528786974181e-10
Iter: 230 loss: 3.36289940339185e-10
Iter: 231 loss: 3.2059177534904393e-10
Iter: 232 loss: 3.056662423173151e-10
Iter: 233 loss: 2.8859609146891785e-10
Iter: 234 loss: 2.6819563236912813e-10
Iter: 235 loss: 2.521058084514749e-10
Iter: 236 loss: 2.4361898609548405e-10
Iter: 237 loss: 2.4735619108540163e-10
Iter: 238 loss: 2.3928214964996641e-10
Iter: 239 loss: 2.3624907585784172e-10
Iter: 240 loss: 2.3257888670524807e-10
Iter: 241 loss: 2.3877305688202455e-10
Iter: 242 loss: 2.2543500399763161e-10
Iter: 243 loss: 2.1710974684729933e-10
Iter: 244 loss: 2.0508475473413057e-10
Iter: 245 loss: 1.7577155009274037e-10
Iter: 246 loss: 1.6455775631030178e-10
Iter: 247 loss: 9.3066943041009154e-10
Iter: 248 loss: 1.4963021099934082e-10
Iter: 249 loss: 1.4251781699226029e-10
Iter: 250 loss: 1.3866909009951911e-10
Iter: 251 loss: 1.3577891588845148e-10
Iter: 252 loss: 1.2858344944355338e-10
Iter: 253 loss: 1.2088639811391744e-10
Iter: 254 loss: 3.5832770084454069e-10
Iter: 255 loss: 1.1679555933508112e-10
Iter: 256 loss: 1.1123724164008308e-10
Iter: 257 loss: 1.0788910043135758e-10
Iter: 258 loss: 1.0513945269963187e-10
Iter: 259 loss: 1.0260416821727958e-10
Iter: 260 loss: 9.2689265984713387e-11
Iter: 261 loss: 8.7598858722337525e-11
Iter: 262 loss: 8.542384855037e-11
Iter: 263 loss: 8.3609626166936124e-11
Iter: 264 loss: 8.1279330488293056e-11
Iter: 265 loss: 7.8818014614956411e-11
Iter: 266 loss: 7.6338421695076875e-11
Iter: 267 loss: 7.3407932510427543e-11
Iter: 268 loss: 7.6607754861957034e-11
Iter: 269 loss: 7.16802381339754e-11
Iter: 270 loss: 6.883964231985118e-11
Iter: 271 loss: 6.4626186346838921e-11
Iter: 272 loss: 6.623596116028807e-11
Iter: 273 loss: 6.0578098093344579e-11
Iter: 274 loss: 5.867806934789499e-11
Iter: 275 loss: 5.74728702129601e-11
Iter: 276 loss: 5.6799166064935847e-11
Iter: 277 loss: 5.6628923772450435e-11
Iter: 278 loss: 5.6401078252221737e-11
Iter: 279 loss: 5.6010075050183517e-11
Iter: 280 loss: 5.5188964509511607e-11
Iter: 281 loss: 5.4591116349644864e-11
Iter: 282 loss: 5.2509309400594617e-11
Iter: 283 loss: 5.0723487909909437e-11
Iter: 284 loss: 4.7648544831968564e-11
Iter: 285 loss: 4.5714029783816557e-11
Iter: 286 loss: 4.4690490891285961e-11
Iter: 287 loss: 4.3696185558772527e-11
Iter: 288 loss: 4.2107931724766345e-11
Iter: 289 loss: 4.8690475262791466e-11
Iter: 290 loss: 4.1071302608886029e-11
Iter: 291 loss: 4.0026974790219327e-11
Iter: 292 loss: 3.9125053891142514e-11
Iter: 293 loss: 3.8095311627461825e-11
Iter: 294 loss: 3.8337007179922722e-11
Iter: 295 loss: 3.6320096236108768e-11
Iter: 296 loss: 3.5284768162835434e-11
Iter: 297 loss: 3.4066707788049655e-11
Iter: 298 loss: 3.2107167619033206e-11
Iter: 299 loss: 3.2967933938365945e-11
Iter: 300 loss: 2.8346481412144797e-11
Iter: 301 loss: 2.8334237733851353e-11
Iter: 302 loss: 2.726278057474385e-11
Iter: 303 loss: 2.6007824366347521e-11
Iter: 304 loss: 2.4716850094419485e-11
Iter: 305 loss: 2.4465379375171459e-11
Iter: 306 loss: 2.4229219325322404e-11
Iter: 307 loss: 2.4029122441815431e-11
Iter: 308 loss: 8.2109092858217991e-09
Iter: 309 loss: 2.4024430014812914e-11
Iter: 310 loss: 2.392463484268692e-11
Iter: 311 loss: 2.3734117102214292e-11
Iter: 312 loss: 2.3390909001386184e-11
Iter: 313 loss: 2.3093965975662378e-11
Iter: 314 loss: 2.2738751853657035e-11
Iter: 315 loss: 2.2020239798248298e-11
Iter: 316 loss: 2.5237751125062324e-11
Iter: 317 loss: 2.1837117183953758e-11
Iter: 318 loss: 2.1856832316258235e-11
Iter: 319 loss: 2.1642760500428793e-11
Iter: 320 loss: 2.1082816048512143e-11
Iter: 321 loss: 2.0711227871617055e-11
Iter: 322 loss: 2.0516807003323478e-11
Iter: 323 loss: 2.019372689898713e-11
Iter: 324 loss: 1.9995222491631104e-11
Iter: 325 loss: 1.9761723507594198e-11
Iter: 326 loss: 1.9545287263667e-11
Iter: 327 loss: 1.922181511182508e-11
Iter: 328 loss: 1.8673392693235868e-11
Iter: 329 loss: 2.0269955852691979e-11
Iter: 330 loss: 1.8066331416988213e-11
Iter: 331 loss: 1.7612106217868018e-11
Iter: 332 loss: 1.6806634209332039e-11
Iter: 333 loss: 1.6139055369901456e-11
Iter: 334 loss: 1.5766037780862163e-11
Iter: 335 loss: 1.5537477554561363e-11
Iter: 336 loss: 1.5292784399933979e-11
Iter: 337 loss: 1.4902301614938551e-11
Iter: 338 loss: 1.4660871475169479e-11
Iter: 339 loss: 1.3926420780463467e-11
Iter: 340 loss: 1.3078827083845557e-11
Iter: 341 loss: 1.2898393290938781e-11
Iter: 342 loss: 1.2582554789752898e-11
Iter: 343 loss: 1.2573849079988708e-11
Iter: 344 loss: 1.2489146869465451e-11
Iter: 345 loss: 1.2468579120572532e-11
Iter: 346 loss: 1.2418817710302399e-11
Iter: 347 loss: 1.2353883541149635e-11
Iter: 348 loss: 1.2268468359277751e-11
Iter: 349 loss: 1.2057002965470964e-11
Iter: 350 loss: 1.1898745877481076e-11
Iter: 351 loss: 1.1699795646191724e-11
Iter: 352 loss: 1.1488050961905305e-11
Iter: 353 loss: 1.1354926547635369e-11
Iter: 354 loss: 1.0914553982832587e-11
Iter: 355 loss: 1.062949468028096e-11
Iter: 356 loss: 1.0219372223452261e-11
Iter: 357 loss: 1.0026432809007169e-11
Iter: 358 loss: 9.81343305228588e-12
Iter: 359 loss: 9.7318177821881235e-12
Iter: 360 loss: 9.64221584520697e-12
Iter: 361 loss: 9.6015790804204748e-12
Iter: 362 loss: 9.5586420723048349e-12
Iter: 363 loss: 9.5317980938758318e-12
Iter: 364 loss: 9.50758395623641e-12
Iter: 365 loss: 9.446811388702514e-12
Iter: 366 loss: 9.363267106099471e-12
Iter: 367 loss: 9.2567351353545213e-12
Iter: 368 loss: 9.16793377325753e-12
Iter: 369 loss: 9.0875406158486e-12
Iter: 370 loss: 9.0190233753562055e-12
Iter: 371 loss: 8.9310355985694478e-12
Iter: 372 loss: 8.7935908554825915e-12
Iter: 373 loss: 8.65995990195767e-12
Iter: 374 loss: 8.5227267951348828e-12
Iter: 375 loss: 8.4415825024608537e-12
Iter: 376 loss: 8.3826903751749171e-12
Iter: 377 loss: 8.2555889208135724e-12
Iter: 378 loss: 8.7982659352503489e-12
Iter: 379 loss: 8.1545967894891547e-12
Iter: 380 loss: 8.1482598446314114e-12
Iter: 381 loss: 8.0762983106774655e-12
Iter: 382 loss: 7.9886687542884971e-12
Iter: 383 loss: 7.9601932684303378e-12
Iter: 384 loss: 7.8900063565923162e-12
Iter: 385 loss: 7.87086888720534e-12
Iter: 386 loss: 7.8517184073922941e-12
Iter: 387 loss: 7.82865612614092e-12
Iter: 388 loss: 7.8133003539315737e-12
Iter: 389 loss: 7.80262139621346e-12
Iter: 390 loss: 7.79576143222771e-12
Iter: 391 loss: 7.7825705949163826e-12
Iter: 392 loss: 7.759654897798729e-12
Iter: 393 loss: 7.740955446089437e-12
Iter: 394 loss: 7.713432323419589e-12
Iter: 395 loss: 7.6507385496360492e-12
Iter: 396 loss: 7.5741548449803631e-12
Iter: 397 loss: 7.4600334590280148e-12
Iter: 398 loss: 7.3543931361497172e-12
Iter: 399 loss: 7.2533251106732255e-12
Iter: 400 loss: 7.1028057567479319e-12
Iter: 401 loss: 7.1626524156265248e-12
Iter: 402 loss: 7.0837307374060909e-12
Iter: 403 loss: 7.0589810038934608e-12
Iter: 404 loss: 7.0413410345471217e-12
Iter: 405 loss: 7.0243936535485663e-12
Iter: 406 loss: 7.013868652538946e-12
Iter: 407 loss: 7.0323564679841688e-12
Iter: 408 loss: 7.0044963752791123e-12
Iter: 409 loss: 6.9878456319949489e-12
Iter: 410 loss: 6.9788697390493759e-12
Iter: 411 loss: 6.9727843290956493e-12
Iter: 412 loss: 6.9690967406665916e-12
Iter: 413 loss: 6.9610901244632206e-12
Iter: 414 loss: 6.9323726446801626e-12
Iter: 415 loss: 6.9061145691051706e-12
Iter: 416 loss: 6.8588771814925842e-12
Iter: 417 loss: 6.8056589010156987e-12
Iter: 418 loss: 6.7851653115513777e-12
Iter: 419 loss: 6.7620861167461133e-12
Iter: 420 loss: 6.7322341278097664e-12
Iter: 421 loss: 6.7016557234178542e-12
Iter: 422 loss: 6.6894697246799861e-12
Iter: 423 loss: 6.6759748770794936e-12
Iter: 424 loss: 6.6678121357632847e-12
Iter: 425 loss: 6.6594008953091421e-12
Iter: 426 loss: 6.6528171860369412e-12
Iter: 427 loss: 6.6474013793449416e-12
Iter: 428 loss: 6.6409586163551637e-12
Iter: 429 loss: 6.633678415607358e-12
Iter: 430 loss: 6.6226655236201193e-12
Iter: 431 loss: 6.6062988413051471e-12
Iter: 432 loss: 6.5758691894513e-12
Iter: 433 loss: 6.7055250241310205e-12
Iter: 434 loss: 6.5573865781765051e-12
Iter: 435 loss: 6.5400436802254269e-12
Iter: 436 loss: 6.5046483824215962e-12
Iter: 437 loss: 6.4711664846117678e-12
Iter: 438 loss: 6.4524358078799082e-12
Iter: 439 loss: 6.425975203339096e-12
Iter: 440 loss: 6.3562293449448415e-12
Iter: 441 loss: 6.3139701800274395e-12
Iter: 442 loss: 6.3395929131293549e-12
Iter: 443 loss: 6.2650743967718192e-12
Iter: 444 loss: 6.2286369638397954e-12
Iter: 445 loss: 6.1944212779996288e-12
Iter: 446 loss: 6.090668334263194e-12
Iter: 447 loss: 6.112133802554931e-12
Iter: 448 loss: 6.057304831330601e-12
Iter: 449 loss: 6.0165843661363905e-12
Iter: 450 loss: 5.989320150945332e-12
Iter: 451 loss: 5.9509320214645722e-12
Iter: 452 loss: 6.2548889678826214e-12
Iter: 453 loss: 5.9097683344222496e-12
Iter: 454 loss: 5.87717938552168e-12
Iter: 455 loss: 5.9699398202717191e-12
Iter: 456 loss: 5.8667237734510991e-12
Iter: 457 loss: 5.8594392358946035e-12
Iter: 458 loss: 5.8543677718125853e-12
Iter: 459 loss: 5.8515046107154856e-12
Iter: 460 loss: 5.8477112041543933e-12
Iter: 461 loss: 5.843245158565491e-12
Iter: 462 loss: 5.8364910127117753e-12
Iter: 463 loss: 5.8250431388129353e-12
Iter: 464 loss: 5.8118826591624373e-12
Iter: 465 loss: 5.7901990493935962e-12
Iter: 466 loss: 5.7744200046561112e-12
Iter: 467 loss: 5.7405009565303367e-12
Iter: 468 loss: 5.7131565103785142e-12
Iter: 469 loss: 5.6992492322716082e-12
Iter: 470 loss: 5.6820680972846649e-12
Iter: 471 loss: 5.6780821364177392e-12
Iter: 472 loss: 5.6739652039283772e-12
Iter: 473 loss: 5.6715387594663547e-12
Iter: 474 loss: 5.66740144397615e-12
Iter: 475 loss: 5.6555012409309491e-12
Iter: 476 loss: 5.6495702213665844e-12
Iter: 477 loss: 5.6457572991663874e-12
Iter: 478 loss: 5.6402556236623269e-12
Iter: 479 loss: 5.6370667682326125e-12
Iter: 480 loss: 5.6299544019811076e-12
Iter: 481 loss: 5.62007515178542e-12
Iter: 482 loss: 5.6004220358452095e-12
Iter: 483 loss: 5.5601937984373073e-12
Iter: 484 loss: 5.5037129367829785e-12
Iter: 485 loss: 7.35524141592947e-12
Iter: 486 loss: 5.4755041646592506e-12
Iter: 487 loss: 5.3728332546909563e-12
Iter: 488 loss: 5.7652554605325257e-12
Iter: 489 loss: 5.2603377383164673e-12
Iter: 490 loss: 1.1356564126596691e-11
Iter: 491 loss: 5.2520930313160186e-12
Iter: 492 loss: 5.205085494563999e-12
Iter: 493 loss: 6.3442489109388767e-12
Iter: 494 loss: 5.1636429507229131e-12
Iter: 495 loss: 5.1310336188215011e-12
Iter: 496 loss: 5.1303414641545864e-12
Iter: 497 loss: 5.1184924354519268e-12
Iter: 498 loss: 5.1155911104383556e-12
Iter: 499 loss: 5.1132583410440358e-12
Iter: 500 loss: 5.1086912478126578e-12
Iter: 501 loss: 5.1059790076579681e-12
Iter: 502 loss: 5.1017258993757419e-12
Iter: 503 loss: 5.1000501564979484e-12
Iter: 504 loss: 5.0961786873804371e-12
Iter: 505 loss: 5.0920491781458743e-12
Iter: 506 loss: 5.0890693568950152e-12
Iter: 507 loss: 5.0863657903577053e-12
Iter: 508 loss: 5.0844016497020306e-12
Iter: 509 loss: 5.0819084183861829e-12
Iter: 510 loss: 5.0790448236082142e-12
Iter: 511 loss: 5.0764011050308255e-12
Iter: 512 loss: 5.0716340849188413e-12
Iter: 513 loss: 5.0657785258256816e-12
Iter: 514 loss: 5.0555289121678726e-12
Iter: 515 loss: 5.0402798254522985e-12
Iter: 516 loss: 5.0197255206663183e-12
Iter: 517 loss: 5.0037764730281875e-12
Iter: 518 loss: 4.9942498053789919e-12
Iter: 519 loss: 4.9939783211550015e-12
Iter: 520 loss: 4.9723823149216972e-12
Iter: 521 loss: 4.9571063399922455e-12
Iter: 522 loss: 4.9453878492311532e-12
Iter: 523 loss: 4.9388245229597949e-12
Iter: 524 loss: 4.9273128979732128e-12
Iter: 525 loss: 4.9049089442809723e-12
Iter: 526 loss: 4.8857970620652669e-12
Iter: 527 loss: 4.8679242060922778e-12
Iter: 528 loss: 4.8609232958241044e-12
Iter: 529 loss: 4.8582795772467158e-12
Iter: 530 loss: 4.8565955944324113e-12
Iter: 531 loss: 4.8554094772557121e-12
Iter: 532 loss: 4.8533737792566534e-12
Iter: 533 loss: 4.85140486811142e-12
Iter: 534 loss: 4.8481301438696445e-12
Iter: 535 loss: 4.8433423070759485e-12
Iter: 536 loss: 4.8404700386806e-12
Iter: 537 loss: 4.8363010644869586e-12
Iter: 538 loss: 4.8303765501356288e-12
Iter: 539 loss: 4.8287493795151626e-12
Iter: 540 loss: 4.8266069960223312e-12
Iter: 541 loss: 4.8173908438753354e-12
Iter: 542 loss: 4.811517070185678e-12
Iter: 543 loss: 4.8076720556011754e-12
Iter: 544 loss: 4.7851748605221012e-12
Iter: 545 loss: 4.7736224695338336e-12
Iter: 546 loss: 4.7603921672634275e-12
Iter: 547 loss: 4.7607525560655617e-12
Iter: 548 loss: 4.7502791630793517e-12
Iter: 549 loss: 4.7456006138646423e-12
Iter: 550 loss: 4.7406206564459819e-12
Iter: 551 loss: 4.738739782517154e-12
Iter: 552 loss: 4.7359434082738794e-12
Iter: 553 loss: 4.7345205013427094e-12
Iter: 554 loss: 4.73275672124851e-12
Iter: 555 loss: 4.7311590409271354e-12
Iter: 556 loss: 4.7307483451441978e-12
Iter: 557 loss: 4.7278678368123384e-12
Iter: 558 loss: 4.7251343462950679e-12
Iter: 559 loss: 4.7163267215266647e-12
Iter: 560 loss: 4.7172318135002556e-12
Iter: 561 loss: 4.705755750344931e-12
Iter: 562 loss: 6.3109890577339733e-12
Iter: 563 loss: 4.7024931691674876e-12
Iter: 564 loss: 4.7129882461971473e-12
Iter: 565 loss: 4.69620132712012e-12
Iter: 566 loss: 4.6762220831664258e-12
Iter: 567 loss: 4.66651457059486e-12
Iter: 568 loss: 4.6593553668095034e-12
Iter: 569 loss: 4.6521367487450949e-12
Iter: 570 loss: 4.6318478566509391e-12
Iter: 571 loss: 4.628041005982908e-12
Iter: 572 loss: 2.1755877654960898e-10
Iter: 573 loss: 5.3214819703550909e-12
Iter: 574 loss: 4.6247211789307574e-12
Iter: 575 loss: 4.611364241846605e-12
Iter: 576 loss: 4.592288788823895e-12
Iter: 577 loss: 4.5814875331007254e-12
Iter: 578 loss: 4.58004554421132e-12
Iter: 579 loss: 4.5747351219704857e-12
Iter: 580 loss: 4.5609150137182475e-12
Iter: 581 loss: 4.55099673224435e-12
Iter: 582 loss: 4.5497238788938521e-12
Iter: 583 loss: 4.5446936144943884e-12
Iter: 584 loss: 4.5370573617531385e-12
Iter: 585 loss: 4.5270475736158833e-12
Iter: 586 loss: 4.5309259816272984e-12
Iter: 587 loss: 4.5248622557170215e-12
Iter: 588 loss: 4.521455258810203e-12
Iter: 589 loss: 4.5145519267375533e-12
Iter: 590 loss: 4.506799447523413e-12
Iter: 591 loss: 4.5003323984049715e-12
Iter: 592 loss: 4.4887522518410883e-12
Iter: 593 loss: 4.5433296881614016e-12
Iter: 594 loss: 4.4808648978766907e-12
Iter: 595 loss: 4.4706243915171306e-12
Iter: 596 loss: 4.4494351779389429e-12
Iter: 1 loss: 0.018366079777479172
Iter: 2 loss: 0.0052377106621861458
Iter: 3 loss: 0.0044274302199482918
Iter: 4 loss: 0.0037598158232867718
Iter: 5 loss: 0.0036974840331822634
Iter: 6 loss: 0.0035481422673910856
Iter: 7 loss: 0.0033839314710348845
Iter: 8 loss: 0.0024768402799963951
Iter: 9 loss: 0.029235685244202614
Iter: 10 loss: 0.0021352227777242661
Iter: 11 loss: 1.2205172777175903
Iter: 12 loss: 0.0047843023203313351
Iter: 13 loss: 0.0020441897213459015
Iter: 14 loss: 0.001798089942894876
Iter: 15 loss: 0.0011771426070481539
Iter: 16 loss: 0.0010057026520371437
Iter: 17 loss: 0.000907421694137156
Iter: 18 loss: 0.00069150730269029737
Iter: 19 loss: 0.00056218006648123264
Iter: 20 loss: 0.00050821545301005244
Iter: 21 loss: 0.00050044624367728829
Iter: 22 loss: 0.00045538399717770517
Iter: 23 loss: 0.00041166762821376324
Iter: 24 loss: 0.00036047352477908134
Iter: 25 loss: 0.00033304287353530526
Iter: 26 loss: 0.00032884796382859349
Iter: 27 loss: 0.00031878417939879
Iter: 28 loss: 0.00030531454831361771
Iter: 29 loss: 0.00029176654061302543
Iter: 30 loss: 0.00031109008705243468
Iter: 31 loss: 0.00028355707763694227
Iter: 32 loss: 0.00027678156038746238
Iter: 33 loss: 0.00026783478097058833
Iter: 34 loss: 0.00026067811995744705
Iter: 35 loss: 0.0002499700931366533
Iter: 36 loss: 0.00021187188394833356
Iter: 37 loss: 0.00026866252301260829
Iter: 38 loss: 0.00019224984862376004
Iter: 39 loss: 0.00037532550049945712
Iter: 40 loss: 0.0001820554316509515
Iter: 41 loss: 0.00017131662752944976
Iter: 42 loss: 0.00016349702491424978
Iter: 43 loss: 0.00015735559281893075
Iter: 44 loss: 0.00015476497355848551
Iter: 45 loss: 0.00015209017146844417
Iter: 46 loss: 0.00014919920067768544
Iter: 47 loss: 0.00014018145157024264
Iter: 48 loss: 0.00013124351971782744
Iter: 49 loss: 0.00011854436161229387
Iter: 50 loss: 0.00011300854384899139
Iter: 51 loss: 0.00010853463027160615
Iter: 52 loss: 0.00010373296390753239
Iter: 53 loss: 9.7335898317396641e-05
Iter: 54 loss: 9.0972534962929785e-05
Iter: 55 loss: 0.00010747207852546126
Iter: 56 loss: 8.699540194356814e-05
Iter: 57 loss: 8.4067265561316162e-05
Iter: 58 loss: 8.0172903835773468e-05
Iter: 59 loss: 7.61455376050435e-05
Iter: 60 loss: 7.3715462349355221e-05
Iter: 61 loss: 7.04680714989081e-05
Iter: 62 loss: 6.8216177169233561e-05
Iter: 63 loss: 6.5590327722020447e-05
Iter: 64 loss: 6.1813050706405193e-05
Iter: 65 loss: 5.6459452025592327e-05
Iter: 66 loss: 5.3520216169999912e-05
Iter: 67 loss: 4.3420419387985021e-05
Iter: 68 loss: 3.4137858165195212e-05
Iter: 69 loss: 2.8666534490184858e-05
Iter: 70 loss: 2.2868738597026095e-05
Iter: 71 loss: 2.1074145479360595e-05
Iter: 72 loss: 1.97811568796169e-05
Iter: 73 loss: 1.8721544620348141e-05
Iter: 74 loss: 1.7047375877154991e-05
Iter: 75 loss: 1.5873878510319628e-05
Iter: 76 loss: 1.5250590877258219e-05
Iter: 77 loss: 1.4832214219495654e-05
Iter: 78 loss: 1.45612766573322e-05
Iter: 79 loss: 1.3933056834503077e-05
Iter: 80 loss: 1.2478512871894054e-05
Iter: 81 loss: 1.1298458048258908e-05
Iter: 82 loss: 1.0877223758143373e-05
Iter: 83 loss: 1.0620166904118378e-05
Iter: 84 loss: 1.0488623047422152e-05
Iter: 85 loss: 1.0420731086924206e-05
Iter: 86 loss: 1.0286849828844424e-05
Iter: 87 loss: 9.98874929791782e-06
Iter: 88 loss: 9.67025880527217e-06
Iter: 89 loss: 9.2490099632414058e-06
Iter: 90 loss: 8.5930560089764185e-06
Iter: 91 loss: 8.2467968240962364e-06
Iter: 92 loss: 8.1934467743849382e-06
Iter: 93 loss: 8.1689277067198418e-06
Iter: 94 loss: 8.092140888038557e-06
Iter: 95 loss: 7.8227240010164678e-06
Iter: 96 loss: 7.6437299867393449e-06
Iter: 97 loss: 7.4242911978217307e-06
Iter: 98 loss: 7.3001224336621817e-06
Iter: 99 loss: 7.186858965724241e-06
Iter: 100 loss: 7.0735272856836673e-06
Iter: 101 loss: 6.9970410550013185e-06
Iter: 102 loss: 6.9215980147419032e-06
Iter: 103 loss: 6.88556383465766e-06
Iter: 104 loss: 6.8682616074511316e-06
Iter: 105 loss: 6.8513481892296113e-06
Iter: 106 loss: 6.8117260525468737e-06
Iter: 107 loss: 6.7348300945013762e-06
Iter: 108 loss: 6.5700310187821742e-06
Iter: 109 loss: 6.370975370373344e-06
Iter: 110 loss: 6.244471478566993e-06
Iter: 111 loss: 6.1855898820795119e-06
Iter: 112 loss: 6.2383769545704126e-06
Iter: 113 loss: 6.147863132355269e-06
Iter: 114 loss: 6.1296859712456353e-06
Iter: 115 loss: 6.1160039876995143e-06
Iter: 116 loss: 6.1007490330666769e-06
Iter: 117 loss: 6.0796701291110367e-06
Iter: 118 loss: 6.0496836340462323e-06
Iter: 119 loss: 5.9898698054894339e-06
Iter: 120 loss: 5.9396375036158133e-06
Iter: 121 loss: 5.90780973652727e-06
Iter: 122 loss: 5.8978043853130657e-06
Iter: 123 loss: 5.8946279750671238e-06
Iter: 124 loss: 5.8876348703051917e-06
Iter: 125 loss: 5.86842270422494e-06
Iter: 126 loss: 5.8264258768758737e-06
Iter: 127 loss: 5.7580414249969181e-06
Iter: 128 loss: 5.70405018152087e-06
Iter: 129 loss: 5.6672165555937681e-06
Iter: 130 loss: 5.6531994232500438e-06
Iter: 131 loss: 5.6443564062647056e-06
Iter: 132 loss: 5.6357503126491793e-06
Iter: 133 loss: 5.606640570476884e-06
Iter: 134 loss: 5.5635150602029171e-06
Iter: 135 loss: 5.4794504649180453e-06
Iter: 136 loss: 5.3914995987724978e-06
Iter: 137 loss: 5.380900802265387e-06
Iter: 138 loss: 5.3429839681484737e-06
Iter: 139 loss: 5.3147414291743189e-06
Iter: 140 loss: 5.4022661970520858e-06
Iter: 141 loss: 5.3027406465844251e-06
Iter: 142 loss: 5.2853342822345439e-06
Iter: 143 loss: 5.2734631026396528e-06
Iter: 144 loss: 5.2614436754083727e-06
Iter: 145 loss: 5.2511359172058292e-06
Iter: 146 loss: 5.23493099535699e-06
Iter: 147 loss: 5.2152267926430795e-06
Iter: 148 loss: 5.1783017624984495e-06
Iter: 149 loss: 5.15067222295329e-06
Iter: 150 loss: 5.1296065066708252e-06
Iter: 151 loss: 5.11071038999944e-06
Iter: 152 loss: 5.0939729590027127e-06
Iter: 153 loss: 5.0802436817320995e-06
Iter: 154 loss: 5.0672347242652904e-06
Iter: 155 loss: 5.05844718645676e-06
Iter: 156 loss: 5.0451735660317354e-06
Iter: 157 loss: 5.0315952648816165e-06
Iter: 158 loss: 5.0098433348466642e-06
Iter: 159 loss: 4.9978057177213486e-06
Iter: 160 loss: 4.9893596951733343e-06
Iter: 161 loss: 4.982287464372348e-06
Iter: 162 loss: 4.97551172884414e-06
Iter: 163 loss: 4.9661721277516335e-06
Iter: 164 loss: 4.9492855396238156e-06
Iter: 165 loss: 4.9214609134651255e-06
Iter: 166 loss: 4.89465946884593e-06
Iter: 167 loss: 4.8818269533512648e-06
Iter: 168 loss: 4.8541196520091034e-06
Iter: 169 loss: 4.8500660341233015e-06
Iter: 170 loss: 4.8504743972443976e-06
Iter: 171 loss: 4.8486172090633772e-06
Iter: 172 loss: 4.8463962230016477e-06
Iter: 173 loss: 4.84415568280383e-06
Iter: 174 loss: 4.8376746235589962e-06
Iter: 175 loss: 4.8311526370525826e-06
Iter: 176 loss: 4.8113133743754588e-06
Iter: 177 loss: 4.7872536015347578e-06
Iter: 178 loss: 4.7613252718292642e-06
Iter: 179 loss: 4.7663097575423308e-06
Iter: 180 loss: 4.7443550101888832e-06
Iter: 181 loss: 4.7253115553758107e-06
Iter: 182 loss: 4.7107946556934621e-06
Iter: 183 loss: 4.6844697862979956e-06
Iter: 184 loss: 4.7048260967130773e-06
Iter: 185 loss: 4.6751620175200514e-06
Iter: 186 loss: 4.6735926844121423e-06
Iter: 187 loss: 4.6614472921646666e-06
Iter: 188 loss: 4.6532013584510423e-06
Iter: 189 loss: 4.6473173824779224e-06
Iter: 190 loss: 4.6435038711933885e-06
Iter: 191 loss: 4.6409172682615463e-06
Iter: 192 loss: 4.6377708713407628e-06
Iter: 193 loss: 4.6338332140294369e-06
Iter: 194 loss: 4.6296404434542637e-06
Iter: 195 loss: 4.625594101526076e-06
Iter: 196 loss: 4.62048683402827e-06
Iter: 197 loss: 4.6097716221993323e-06
Iter: 198 loss: 4.5980668801348656e-06
Iter: 199 loss: 4.5827814574295189e-06
Iter: 200 loss: 4.5694296204601415e-06
Iter: 201 loss: 4.5597835196531378e-06
Iter: 202 loss: 4.5479105210688431e-06
Iter: 203 loss: 4.5323163249122445e-06
Iter: 204 loss: 4.51728328698664e-06
Iter: 205 loss: 4.5141136979509611e-06
Iter: 206 loss: 4.5122687879484147e-06
Iter: 207 loss: 4.5113438318367116e-06
Iter: 208 loss: 4.5100682655174751e-06
Iter: 209 loss: 4.50900870418991e-06
Iter: 210 loss: 4.5073670662532095e-06
Iter: 211 loss: 4.5031238187220879e-06
Iter: 212 loss: 4.4937696657143533e-06
Iter: 213 loss: 4.4839662223239429e-06
Iter: 214 loss: 4.46810827270383e-06
Iter: 215 loss: 4.441064902493963e-06
Iter: 216 loss: 4.4051603254047222e-06
Iter: 217 loss: 4.3851810005435254e-06
Iter: 218 loss: 4.3660738811013289e-06
Iter: 219 loss: 4.3543695937842131e-06
Iter: 220 loss: 4.3513864511623979e-06
Iter: 221 loss: 4.3465734052006155e-06
Iter: 222 loss: 4.3374416236474644e-06
Iter: 223 loss: 4.3319123506080359e-06
Iter: 224 loss: 4.3279892452119384e-06
Iter: 225 loss: 4.3261438804620411e-06
Iter: 226 loss: 4.3263271436444484e-06
Iter: 227 loss: 4.3247150642855559e-06
Iter: 228 loss: 4.3235086195636541e-06
Iter: 229 loss: 4.3229169932601508e-06
Iter: 230 loss: 4.3221821215411182e-06
Iter: 231 loss: 4.3212812670390122e-06
Iter: 232 loss: 4.3195914258831181e-06
Iter: 233 loss: 4.3169152377231512e-06
Iter: 234 loss: 4.3127452045155223e-06
Iter: 235 loss: 4.3051586544606835e-06
Iter: 236 loss: 4.2942510845023207e-06
Iter: 237 loss: 4.2807146201084834e-06
Iter: 238 loss: 4.2658448364818469e-06
Iter: 239 loss: 4.2533188207016792e-06
Iter: 240 loss: 4.2426877371326555e-06
Iter: 241 loss: 4.2404190025990829e-06
Iter: 242 loss: 4.2375722841825336e-06
Iter: 243 loss: 4.2365945773781277e-06
Iter: 244 loss: 4.23457458964549e-06
Iter: 245 loss: 4.2336209844506811e-06
Iter: 246 loss: 4.232600076647941e-06
Iter: 247 loss: 4.230393187754089e-06
Iter: 248 loss: 4.2285496419935953e-06
Iter: 249 loss: 4.2264568946848158e-06
Iter: 250 loss: 4.2252117964380886e-06
Iter: 251 loss: 4.2243905227223877e-06
Iter: 252 loss: 4.2237961679347791e-06
Iter: 253 loss: 4.22319635617896e-06
Iter: 254 loss: 4.2227034100505989e-06
Iter: 255 loss: 4.2213455344608519e-06
Iter: 256 loss: 4.2191345528408419e-06
Iter: 257 loss: 4.2135820876865182e-06
Iter: 258 loss: 4.2063911678269506e-06
Iter: 259 loss: 4.1991329453594517e-06
Iter: 260 loss: 4.1944267650251277e-06
Iter: 261 loss: 4.1920620788005181e-06
Iter: 262 loss: 4.1893695197359193e-06
Iter: 263 loss: 4.18765648646513e-06
Iter: 264 loss: 4.1854282244457863e-06
Iter: 265 loss: 4.1814164433162659e-06
Iter: 266 loss: 4.17632463722839e-06
Iter: 267 loss: 4.1666621655167546e-06
Iter: 268 loss: 4.1635134948592167e-06
Iter: 269 loss: 4.1533485273248516e-06
Iter: 270 loss: 4.1508310459903441e-06
Iter: 271 loss: 4.1471876102150418e-06
Iter: 272 loss: 4.1453154153714422e-06
Iter: 273 loss: 4.1421549212827813e-06
Iter: 274 loss: 4.1408507058804389e-06
Iter: 275 loss: 4.1390785554540344e-06
Iter: 276 loss: 4.137870291742729e-06
Iter: 277 loss: 4.1365829019923694e-06
Iter: 278 loss: 4.1349790080857929e-06
Iter: 279 loss: 4.134125447308179e-06
Iter: 280 loss: 4.1335079004056752e-06
Iter: 281 loss: 4.1319362935610116e-06
Iter: 282 loss: 4.130200068175327e-06
Iter: 283 loss: 4.1271459849667735e-06
Iter: 284 loss: 4.1244438762078062e-06
Iter: 285 loss: 4.12062399846036e-06
Iter: 286 loss: 4.117583557672333e-06
Iter: 287 loss: 4.1184621295542456e-06
Iter: 288 loss: 4.11573000747012e-06
Iter: 289 loss: 4.1149514800054021e-06
Iter: 290 loss: 4.1122380025626626e-06
Iter: 291 loss: 4.1112384678854141e-06
Iter: 292 loss: 4.1099469854088966e-06
Iter: 293 loss: 4.1081211747950874e-06
Iter: 294 loss: 4.106660981051391e-06
Iter: 295 loss: 4.1045286707230844e-06
Iter: 296 loss: 4.102755610801978e-06
Iter: 297 loss: 4.100965270481538e-06
Iter: 298 loss: 4.0984809857036453e-06
Iter: 299 loss: 4.09842687076889e-06
Iter: 300 loss: 4.0963846004160587e-06
Iter: 301 loss: 4.0908726077759638e-06
Iter: 302 loss: 4.0814838939695619e-06
Iter: 303 loss: 4.0748218452790752e-06
Iter: 304 loss: 4.0611339500173926e-06
Iter: 305 loss: 4.0559580156696029e-06
Iter: 306 loss: 4.0677782635611948e-06
Iter: 307 loss: 4.0418653952656314e-06
Iter: 308 loss: 4.0334653022000566e-06
Iter: 309 loss: 4.0286731746164151e-06
Iter: 310 loss: 4.0122467908076942e-06
Iter: 311 loss: 4.0001409615797456e-06
Iter: 312 loss: 3.9928709156811237e-06
Iter: 313 loss: 3.9887977436592337e-06
Iter: 314 loss: 3.9823544284445234e-06
Iter: 315 loss: 3.97960320697166e-06
Iter: 316 loss: 3.977153028245084e-06
Iter: 317 loss: 3.9754318095219787e-06
Iter: 318 loss: 3.9735018617648166e-06
Iter: 319 loss: 3.9707747419015504e-06
Iter: 320 loss: 3.9700489651295356e-06
Iter: 321 loss: 3.9691476558800787e-06
Iter: 322 loss: 3.9685355659457855e-06
Iter: 323 loss: 3.9681563066551462e-06
Iter: 324 loss: 3.9676010601397138e-06
Iter: 325 loss: 3.9667438613832928e-06
Iter: 326 loss: 3.9649485188419931e-06
Iter: 327 loss: 3.9612068576388992e-06
Iter: 328 loss: 3.9570891203766223e-06
Iter: 329 loss: 3.9538995224575046e-06
Iter: 330 loss: 3.9515357457275968e-06
Iter: 331 loss: 3.9496139834227506e-06
Iter: 332 loss: 3.9470701267418917e-06
Iter: 333 loss: 3.9432416087947786e-06
Iter: 334 loss: 3.9323522287304513e-06
Iter: 335 loss: 3.915110482921591e-06
Iter: 336 loss: 3.8992866393527947e-06
Iter: 337 loss: 3.8875928112247493e-06
Iter: 338 loss: 3.8772395782871172e-06
Iter: 339 loss: 3.8882876651769038e-06
Iter: 340 loss: 3.8748285078327172e-06
Iter: 341 loss: 3.8697371564921923e-06
Iter: 342 loss: 3.8668158595100977e-06
Iter: 343 loss: 3.8646189750579651e-06
Iter: 344 loss: 3.8636831050098408e-06
Iter: 345 loss: 3.8619205042778049e-06
Iter: 346 loss: 3.8595667319896165e-06
Iter: 347 loss: 3.8566295188502409e-06
Iter: 348 loss: 3.8533494262082968e-06
Iter: 349 loss: 3.8534899431397207e-06
Iter: 350 loss: 3.8509847399836872e-06
Iter: 351 loss: 3.8485600271087606e-06
Iter: 352 loss: 3.8470416257041506e-06
Iter: 353 loss: 3.8457314985862467e-06
Iter: 354 loss: 3.8439675336121581e-06
Iter: 355 loss: 3.8410194065363612e-06
Iter: 356 loss: 3.8398256947402842e-06
Iter: 357 loss: 3.8383304854505695e-06
Iter: 358 loss: 3.8375374060706235e-06
Iter: 359 loss: 3.8366597436834127e-06
Iter: 360 loss: 3.8354592106770724e-06
Iter: 361 loss: 3.8335078897944186e-06
Iter: 362 loss: 3.8300986489048228e-06
Iter: 363 loss: 3.8286848393909167e-06
Iter: 364 loss: 3.8207317629712634e-06
Iter: 365 loss: 3.82027337764157e-06
Iter: 366 loss: 3.8093771763669793e-06
Iter: 367 loss: 3.8034784211049555e-06
Iter: 368 loss: 3.7932775285298703e-06
Iter: 369 loss: 3.8017074075469282e-06
Iter: 370 loss: 3.7849190448469017e-06
Iter: 371 loss: 3.7731265365437139e-06
Iter: 372 loss: 3.7588458781101508e-06
Iter: 373 loss: 3.7495251490327064e-06
Iter: 374 loss: 3.8711577872163616e-06
Iter: 375 loss: 3.7468682876351522e-06
Iter: 376 loss: 3.7400266137410654e-06
Iter: 377 loss: 3.7465877085196553e-06
Iter: 378 loss: 3.7378802062448813e-06
Iter: 379 loss: 3.7361387512646616e-06
Iter: 380 loss: 3.7322365642467048e-06
Iter: 381 loss: 3.7340091694204602e-06
Iter: 382 loss: 3.7311772302928148e-06
Iter: 383 loss: 3.7305246678442927e-06
Iter: 384 loss: 3.729095624294132e-06
Iter: 385 loss: 3.7285331018210854e-06
Iter: 386 loss: 3.7280697142705321e-06
Iter: 387 loss: 3.7274298847478349e-06
Iter: 388 loss: 3.7270797292876523e-06
Iter: 389 loss: 3.7264130696712527e-06
Iter: 390 loss: 3.7254249036777765e-06
Iter: 391 loss: 3.7236998196021887e-06
Iter: 392 loss: 3.7214326766843442e-06
Iter: 393 loss: 3.7201898521743715e-06
Iter: 394 loss: 3.7150409752939595e-06
Iter: 395 loss: 3.7116078601684421e-06
Iter: 396 loss: 3.7064303342049243e-06
Iter: 397 loss: 3.7007503124186769e-06
Iter: 398 loss: 3.6937460663466481e-06
Iter: 399 loss: 3.6875458135909867e-06
Iter: 400 loss: 3.6815158637182321e-06
Iter: 401 loss: 3.675610741993296e-06
Iter: 402 loss: 3.6732060380018083e-06
Iter: 403 loss: 3.6719829950015992e-06
Iter: 404 loss: 3.6704236663354095e-06
Iter: 405 loss: 3.6696892493637279e-06
Iter: 406 loss: 3.6683145481219981e-06
Iter: 407 loss: 3.6666374398919288e-06
Iter: 408 loss: 3.6643637031374965e-06
Iter: 409 loss: 3.6604189972422319e-06
Iter: 410 loss: 3.6569429084920557e-06
Iter: 411 loss: 3.653993871921557e-06
Iter: 412 loss: 3.6520748381008161e-06
Iter: 413 loss: 3.6504461604636163e-06
Iter: 414 loss: 3.6498561257758411e-06
Iter: 415 loss: 3.6473495583777549e-06
Iter: 416 loss: 3.64468974112242e-06
Iter: 417 loss: 3.6399003420228837e-06
Iter: 418 loss: 3.6373980947246309e-06
Iter: 419 loss: 3.63610479325871e-06
Iter: 420 loss: 3.6352357710711658e-06
Iter: 421 loss: 3.6342821658763569e-06
Iter: 422 loss: 3.6332112358650193e-06
Iter: 423 loss: 3.6316378100309521e-06
Iter: 424 loss: 3.6280157473811414e-06
Iter: 425 loss: 3.6231344893167261e-06
Iter: 426 loss: 3.6153105611447245e-06
Iter: 427 loss: 3.6082874430576339e-06
Iter: 428 loss: 3.6010692383570131e-06
Iter: 429 loss: 3.5956368265033234e-06
Iter: 430 loss: 3.5925208976550493e-06
Iter: 431 loss: 3.5908662994188489e-06
Iter: 432 loss: 3.589972720874357e-06
Iter: 433 loss: 3.5887242120224983e-06
Iter: 434 loss: 3.5867408314516069e-06
Iter: 435 loss: 3.5836196730087977e-06
Iter: 436 loss: 3.5784476040134905e-06
Iter: 437 loss: 3.5725302041100804e-06
Iter: 438 loss: 3.5646542073664023e-06
Iter: 439 loss: 3.6185506360197905e-06
Iter: 440 loss: 3.5619013942778111e-06
Iter: 441 loss: 3.5570005820773076e-06
Iter: 442 loss: 3.5531079447537195e-06
Iter: 443 loss: 3.5486707474774448e-06
Iter: 444 loss: 3.5453831515042111e-06
Iter: 445 loss: 3.5413108889770228e-06
Iter: 446 loss: 3.5367204418434994e-06
Iter: 447 loss: 3.5289062907395419e-06
Iter: 448 loss: 3.5226391901233e-06
Iter: 449 loss: 3.7474615055543836e-06
Iter: 450 loss: 3.5188127185392659e-06
Iter: 451 loss: 3.5180637496523559e-06
Iter: 452 loss: 3.5139830742991762e-06
Iter: 453 loss: 3.51031189893547e-06
Iter: 454 loss: 3.5096679766866146e-06
Iter: 455 loss: 3.5067071166849928e-06
Iter: 456 loss: 3.5054058571404312e-06
Iter: 457 loss: 3.5031746392633067e-06
Iter: 458 loss: 3.5016776109841885e-06
Iter: 459 loss: 3.5002528875338612e-06
Iter: 460 loss: 3.4989436699106591e-06
Iter: 461 loss: 3.4980462260136846e-06
Iter: 462 loss: 3.4954889542859746e-06
Iter: 463 loss: 3.4898494050139561e-06
Iter: 464 loss: 3.4863799101003679e-06
Iter: 465 loss: 3.4794727525877533e-06
Iter: 466 loss: 3.4670385957724648e-06
Iter: 467 loss: 3.4547606446722057e-06
Iter: 468 loss: 3.4379827411612496e-06
Iter: 469 loss: 3.4540310025477083e-06
Iter: 470 loss: 3.4318436519242823e-06
Iter: 471 loss: 3.4226388834213139e-06
Iter: 472 loss: 3.4181909995822934e-06
Iter: 473 loss: 3.4051197417284129e-06
Iter: 474 loss: 3.3961612189159496e-06
Iter: 475 loss: 3.3930384688574122e-06
Iter: 476 loss: 3.3849078135972377e-06
Iter: 477 loss: 3.3822657314885873e-06
Iter: 478 loss: 3.3782548598537687e-06
Iter: 479 loss: 3.3747862744348822e-06
Iter: 480 loss: 3.3761912163754459e-06
Iter: 481 loss: 3.3724713830451947e-06
Iter: 482 loss: 3.370351350895362e-06
Iter: 483 loss: 3.368933448655298e-06
Iter: 484 loss: 3.3671135497570504e-06
Iter: 485 loss: 3.3647133932390716e-06
Iter: 486 loss: 3.3628700748522533e-06
Iter: 487 loss: 3.3611345315875951e-06
Iter: 488 loss: 3.3595556487853173e-06
Iter: 489 loss: 3.3578958209545817e-06
Iter: 490 loss: 3.3563544548087521e-06
Iter: 491 loss: 3.3547075872775167e-06
Iter: 492 loss: 3.3530334349052282e-06
Iter: 493 loss: 3.3516867006255779e-06
Iter: 494 loss: 3.3505864394101081e-06
Iter: 495 loss: 3.3493481623736443e-06
Iter: 496 loss: 3.3475212148914579e-06
Iter: 497 loss: 3.3440992410760373e-06
Iter: 498 loss: 3.3400515349057969e-06
Iter: 499 loss: 3.3343426366627682e-06
Iter: 500 loss: 3.3292133139184443e-06
Iter: 501 loss: 3.3256735605391441e-06
Iter: 502 loss: 3.3228684515052009e-06
Iter: 503 loss: 3.3236119634239003e-06
Iter: 504 loss: 3.3217243071703706e-06
Iter: 505 loss: 3.3198987239302369e-06
Iter: 506 loss: 3.3183400773850735e-06
Iter: 507 loss: 3.3170622373290826e-06
Iter: 508 loss: 3.3161263672809582e-06
Iter: 509 loss: 3.314733476145193e-06
Iter: 510 loss: 3.3126702874142211e-06
Iter: 511 loss: 3.3080482353398111e-06
Iter: 512 loss: 3.3012518088071374e-06
Iter: 513 loss: 3.3097380764957052e-06
Iter: 514 loss: 3.2989264582283795e-06
Iter: 515 loss: 3.2969073799904436e-06
Iter: 516 loss: 3.29330941895023e-06
Iter: 517 loss: 3.2920906960498542e-06
Iter: 518 loss: 3.2906259548326489e-06
Iter: 519 loss: 3.2891839509829879e-06
Iter: 520 loss: 3.2884167922020424e-06
Iter: 521 loss: 3.2870043469301891e-06
Iter: 522 loss: 3.2862651551113231e-06
Iter: 523 loss: 3.285554612375563e-06
Iter: 524 loss: 3.2844061479408992e-06
Iter: 525 loss: 3.2837838261912111e-06
Iter: 526 loss: 3.2829473184392555e-06
Iter: 527 loss: 3.2817370083648711e-06
Iter: 528 loss: 3.2802358873595949e-06
Iter: 529 loss: 3.27715792991512e-06
Iter: 530 loss: 3.2733787520555779e-06
Iter: 531 loss: 3.2684645248082234e-06
Iter: 532 loss: 3.2656528219376924e-06
Iter: 533 loss: 3.2616342195979087e-06
Iter: 534 loss: 3.2580144306848524e-06
Iter: 535 loss: 3.2552684388065245e-06
Iter: 536 loss: 3.252644773965585e-06
Iter: 537 loss: 3.25014912050392e-06
Iter: 1 loss: 0.023688850924372673
Iter: 2 loss: 0.0076295407488942146
Iter: 3 loss: 0.0032688495703041553
Iter: 4 loss: 0.0030918784905225039
Iter: 5 loss: 0.0029913238249719143
Iter: 6 loss: 0.0025617033243179321
Iter: 7 loss: 0.0018990902462974191
Iter: 8 loss: 0.002054848475381732
Iter: 9 loss: 0.000729722494725138
Iter: 10 loss: 0.010630907490849495
Iter: 11 loss: 0.00062669318867847323
Iter: 12 loss: 0.008684404194355011
Iter: 13 loss: 0.00035077641950920224
Iter: 14 loss: 0.00026080344105139375
Iter: 15 loss: 0.00021895844838581979
Iter: 16 loss: 0.00013687869068235159
Iter: 17 loss: 0.00010305342584615573
Iter: 18 loss: 9.2684218543581665e-05
Iter: 19 loss: 8.6297673988156021e-05
Iter: 20 loss: 7.3454924859106541e-05
Iter: 21 loss: 5.2833911468042061e-05
Iter: 22 loss: 3.3342170354444534e-05
Iter: 23 loss: 2.6327776140533388e-05
Iter: 24 loss: 2.5338837076560594e-05
Iter: 25 loss: 2.4654402295709588e-05
Iter: 26 loss: 2.4013177608139813e-05
Iter: 27 loss: 2.3122844140743837e-05
Iter: 28 loss: 2.1098085198900662e-05
Iter: 29 loss: 1.8943446775665507e-05
Iter: 30 loss: 1.8226952306577004e-05
Iter: 31 loss: 1.5215077837638091e-05
Iter: 32 loss: 1.4773357179365121e-05
Iter: 33 loss: 1.3356516319618095e-05
Iter: 34 loss: 1.2953484656463843e-05
Iter: 35 loss: 1.2698231330432463e-05
Iter: 36 loss: 1.2433233678166289e-05
Iter: 37 loss: 1.2027073353237938e-05
Iter: 38 loss: 1.0809144441736862e-05
Iter: 39 loss: 9.400129783898592e-06
Iter: 40 loss: 8.02136491984129e-06
Iter: 41 loss: 7.4875765676551964e-06
Iter: 42 loss: 7.3743708526308183e-06
Iter: 43 loss: 7.3242017606389709e-06
Iter: 44 loss: 7.2089969762600958e-06
Iter: 45 loss: 6.7947376010124572e-06
Iter: 46 loss: 6.2328449530468788e-06
Iter: 47 loss: 5.9532080740609672e-06
Iter: 48 loss: 5.8452305893297307e-06
Iter: 49 loss: 5.6907656471594237e-06
Iter: 50 loss: 5.1921961130574346e-06
Iter: 51 loss: 4.9020600272342563e-06
Iter: 52 loss: 4.68189182356582e-06
Iter: 53 loss: 4.5367632992565632e-06
Iter: 54 loss: 4.4878252083435655e-06
Iter: 55 loss: 4.4501707634481136e-06
Iter: 56 loss: 4.4067878661735449e-06
Iter: 57 loss: 4.353568783699302e-06
Iter: 58 loss: 4.2489095903874841e-06
Iter: 59 loss: 4.11172868552967e-06
Iter: 60 loss: 4.3045201891800389e-06
Iter: 61 loss: 4.0140962482837494e-06
Iter: 62 loss: 3.9108431337808724e-06
Iter: 63 loss: 3.8971966205281205e-06
Iter: 64 loss: 3.8991342989902478e-06
Iter: 65 loss: 3.8934517760935705e-06
Iter: 66 loss: 3.8924181353650056e-06
Iter: 67 loss: 3.8917578422115184e-06
Iter: 68 loss: 3.8894431781955063e-06
Iter: 69 loss: 3.8865009628352709e-06
Iter: 70 loss: 3.8806188058515545e-06
Iter: 71 loss: 3.86863302992424e-06
Iter: 72 loss: 3.8476900954265147e-06
Iter: 73 loss: 3.8228972698561847e-06
Iter: 74 loss: 3.7978454656695249e-06
Iter: 75 loss: 3.7804420571774244e-06
Iter: 76 loss: 3.7616111967508914e-06
Iter: 77 loss: 3.7459146824403433e-06
Iter: 78 loss: 3.732408003997989e-06
Iter: 79 loss: 3.6972282941860612e-06
Iter: 80 loss: 3.6659257602877915e-06
Iter: 81 loss: 3.6210574307915522e-06
Iter: 82 loss: 3.5828397813020274e-06
Iter: 83 loss: 3.5543976082408335e-06
Iter: 84 loss: 3.5414389003562974e-06
Iter: 85 loss: 3.5298398870509118e-06
Iter: 86 loss: 3.5179004953533877e-06
Iter: 87 loss: 3.5092648431600537e-06
Iter: 88 loss: 3.502528898025048e-06
Iter: 89 loss: 3.4992401651834371e-06
Iter: 90 loss: 3.4969489206559956e-06
Iter: 91 loss: 3.4944562230521115e-06
Iter: 92 loss: 3.489323034955305e-06
Iter: 93 loss: 3.4830620734283e-06
Iter: 94 loss: 3.4701249660429312e-06
Iter: 95 loss: 3.4469042020646157e-06
Iter: 96 loss: 3.4385279832349624e-06
Iter: 97 loss: 3.4595891520439181e-06
Iter: 98 loss: 3.428664513194235e-06
Iter: 99 loss: 3.4192421480838675e-06
Iter: 100 loss: 3.4125296224374324e-06
Iter: 101 loss: 3.4036661418213043e-06
Iter: 102 loss: 3.3974006328207906e-06
Iter: 103 loss: 3.3897827051987406e-06
Iter: 104 loss: 3.3834232908702688e-06
Iter: 105 loss: 3.3805940802267287e-06
Iter: 106 loss: 3.3775177143979818e-06
Iter: 107 loss: 3.3756550692487508e-06
Iter: 108 loss: 3.3711107789713424e-06
Iter: 109 loss: 3.3615528991504107e-06
Iter: 110 loss: 3.3508499654999468e-06
Iter: 111 loss: 3.3301344046776649e-06
Iter: 112 loss: 3.3020346563716885e-06
Iter: 113 loss: 3.27587804349605e-06
Iter: 114 loss: 3.2451794140797574e-06
Iter: 115 loss: 3.2334853585780365e-06
Iter: 116 loss: 3.2217812986345962e-06
Iter: 117 loss: 3.2154962354979943e-06
Iter: 118 loss: 3.2059826935437741e-06
Iter: 119 loss: 3.1963304536475334e-06
Iter: 120 loss: 3.1939321161189582e-06
Iter: 121 loss: 3.1899514851829736e-06
Iter: 122 loss: 3.1885356293059886e-06
Iter: 123 loss: 3.1873119041847531e-06
Iter: 124 loss: 3.1860938634054037e-06
Iter: 125 loss: 3.1851109270064626e-06
Iter: 126 loss: 3.1844156183069572e-06
Iter: 127 loss: 3.1839019811741309e-06
Iter: 128 loss: 3.1821768970985431e-06
Iter: 129 loss: 3.1804593163542449e-06
Iter: 130 loss: 3.1771646717970725e-06
Iter: 131 loss: 3.1784813927515643e-06
Iter: 132 loss: 3.1741190014145104e-06
Iter: 133 loss: 3.166820988553809e-06
Iter: 134 loss: 3.1250267511495622e-06
Iter: 135 loss: 3.1078911888471339e-06
Iter: 136 loss: 3.1145245884545147e-06
Iter: 137 loss: 3.0982032512838487e-06
Iter: 138 loss: 3.0882117698638467e-06
Iter: 139 loss: 3.0772619084018515e-06
Iter: 140 loss: 3.073671223319252e-06
Iter: 141 loss: 3.0699707167514134e-06
Iter: 142 loss: 3.0671931199321989e-06
Iter: 143 loss: 3.0652875011583092e-06
Iter: 144 loss: 3.0641799639852252e-06
Iter: 145 loss: 3.0637354484497337e-06
Iter: 146 loss: 3.0634244012617273e-06
Iter: 147 loss: 3.06293327412277e-06
Iter: 148 loss: 3.06231004287838e-06
Iter: 149 loss: 3.0615742616646457e-06
Iter: 150 loss: 3.0600331228924915e-06
Iter: 151 loss: 3.058138872802374e-06
Iter: 152 loss: 3.0541509659087751e-06
Iter: 153 loss: 3.0490259632642847e-06
Iter: 154 loss: 3.0423311727645341e-06
Iter: 155 loss: 3.03273100143997e-06
Iter: 156 loss: 3.0249468636611709e-06
Iter: 157 loss: 3.0344003789650742e-06
Iter: 158 loss: 3.0141102342895465e-06
Iter: 159 loss: 3.0076562325120904e-06
Iter: 160 loss: 2.9958484901726479e-06
Iter: 161 loss: 2.9906943836977007e-06
Iter: 162 loss: 2.9860143513360526e-06
Iter: 163 loss: 2.9808102226525079e-06
Iter: 164 loss: 2.9806174097757321e-06
Iter: 165 loss: 2.9767102205369156e-06
Iter: 166 loss: 2.9675986752408789e-06
Iter: 167 loss: 2.9572061066573951e-06
Iter: 168 loss: 2.9512248147511855e-06
Iter: 169 loss: 2.9465422812791076e-06
Iter: 170 loss: 2.9484285732905846e-06
Iter: 171 loss: 2.94452229354647e-06
Iter: 172 loss: 2.9418652047752403e-06
Iter: 173 loss: 2.947960410892847e-06
Iter: 174 loss: 2.9393136173894163e-06
Iter: 175 loss: 2.9393024760793196e-06
Iter: 176 loss: 2.9371890377660748e-06
Iter: 177 loss: 2.9336745228647487e-06
Iter: 178 loss: 2.9306236228876514e-06
Iter: 179 loss: 2.9281845854711719e-06
Iter: 180 loss: 2.9265065677464008e-06
Iter: 181 loss: 2.9291354621818755e-06
Iter: 182 loss: 2.9258812901389319e-06
Iter: 183 loss: 2.9250168154248968e-06
Iter: 184 loss: 2.9239160994620761e-06
Iter: 185 loss: 2.9229902338556712e-06
Iter: 186 loss: 2.9216746497695567e-06
Iter: 187 loss: 2.9203542908362579e-06
Iter: 188 loss: 2.9184527647885261e-06
Iter: 189 loss: 2.9138957415852929e-06
Iter: 190 loss: 2.9086254471621942e-06
Iter: 191 loss: 2.9003008421568666e-06
Iter: 192 loss: 2.8949227726116078e-06
Iter: 193 loss: 2.88868841380463e-06
Iter: 194 loss: 2.884612285924959e-06
Iter: 195 loss: 2.8807048693124671e-06
Iter: 196 loss: 2.8784011192328762e-06
Iter: 197 loss: 2.8763656700903084e-06
Iter: 198 loss: 2.8704203032248188e-06
Iter: 199 loss: 2.8624508559005335e-06
Iter: 200 loss: 2.8531887892313534e-06
Iter: 201 loss: 2.844456957973307e-06
Iter: 202 loss: 2.8369900064717513e-06
Iter: 203 loss: 2.8360889245959697e-06
Iter: 204 loss: 2.8314329938439187e-06
Iter: 205 loss: 2.8278723220864777e-06
Iter: 206 loss: 2.824526291078655e-06
Iter: 207 loss: 2.823526983775082e-06
Iter: 208 loss: 2.8211920835019555e-06
Iter: 209 loss: 2.8202844077895861e-06
Iter: 210 loss: 2.8192357603984419e-06
Iter: 211 loss: 2.8180645585962338e-06
Iter: 212 loss: 2.8171034500701353e-06
Iter: 213 loss: 2.8161109639768256e-06
Iter: 214 loss: 2.8150166144769173e-06
Iter: 215 loss: 2.8135186767030973e-06
Iter: 216 loss: 2.8116819521528669e-06
Iter: 217 loss: 2.8088547878724057e-06
Iter: 218 loss: 2.8070048756489996e-06
Iter: 219 loss: 2.8046838451700751e-06
Iter: 220 loss: 2.8032354748575017e-06
Iter: 221 loss: 2.8012143502564868e-06
Iter: 222 loss: 2.79926416624221e-06
Iter: 223 loss: 2.7951650736213196e-06
Iter: 224 loss: 2.7924829737457912e-06
Iter: 225 loss: 2.7920057164010359e-06
Iter: 226 loss: 2.7910355129279196e-06
Iter: 227 loss: 2.78790139418561e-06
Iter: 228 loss: 2.7846431294165086e-06
Iter: 229 loss: 2.7823746222566115e-06
Iter: 230 loss: 2.7792689252237324e-06
Iter: 231 loss: 2.7763842354033841e-06
Iter: 232 loss: 2.7741441499529174e-06
Iter: 233 loss: 2.7725404834200162e-06
Iter: 234 loss: 2.7730984584195539e-06
Iter: 235 loss: 2.7711928396456642e-06
Iter: 236 loss: 2.7696842153090984e-06
Iter: 237 loss: 2.7675050660036504e-06
Iter: 238 loss: 2.7661394597089384e-06
Iter: 239 loss: 2.7637045150186168e-06
Iter: 240 loss: 2.7653047709463863e-06
Iter: 241 loss: 2.7623345886240713e-06
Iter: 242 loss: 2.7614535156317288e-06
Iter: 243 loss: 2.7604357910604449e-06
Iter: 244 loss: 2.7595651772571728e-06
Iter: 245 loss: 2.7614023565547541e-06
Iter: 246 loss: 2.7578007575357333e-06
Iter: 247 loss: 2.7565479285840411e-06
Iter: 248 loss: 2.7555017823033268e-06
Iter: 249 loss: 2.7541536837816238e-06
Iter: 250 loss: 2.7527842121344293e-06
Iter: 251 loss: 2.7522066829988034e-06
Iter: 252 loss: 2.7523717562871752e-06
Iter: 253 loss: 2.7516348382050637e-06
Iter: 254 loss: 2.7509511255630059e-06
Iter: 255 loss: 2.7498529107106151e-06
Iter: 256 loss: 2.7473736281535821e-06
Iter: 257 loss: 2.7463277092465432e-06
Iter: 258 loss: 2.7454759674583329e-06
Iter: 259 loss: 2.7448481887404341e-06
Iter: 260 loss: 2.743989398368285e-06
Iter: 261 loss: 2.7419794150773669e-06
Iter: 262 loss: 2.7392375159251969e-06
Iter: 263 loss: 2.7353030418453272e-06
Iter: 264 loss: 2.7320415938447695e-06
Iter: 265 loss: 2.7305534331389936e-06
Iter: 266 loss: 2.7271828457742231e-06
Iter: 267 loss: 2.7249395770923e-06
Iter: 268 loss: 2.7238561415288132e-06
Iter: 269 loss: 2.7231883450440364e-06
Iter: 270 loss: 2.72247962129768e-06
Iter: 271 loss: 2.721679948081146e-06
Iter: 272 loss: 2.7211442557018017e-06
Iter: 273 loss: 2.7205940114072291e-06
Iter: 274 loss: 2.7195999336981913e-06
Iter: 275 loss: 2.7178430173080415e-06
Iter: 276 loss: 2.7161438538314542e-06
Iter: 277 loss: 2.71402041107649e-06
Iter: 278 loss: 2.7121409402752761e-06
Iter: 279 loss: 2.7118596790387528e-06
Iter: 280 loss: 2.7093508379039122e-06
Iter: 281 loss: 2.7089297418569913e-06
Iter: 282 loss: 2.7087103262601886e-06
Iter: 283 loss: 2.7084911380370613e-06
Iter: 284 loss: 2.7083719942311291e-06
Iter: 285 loss: 2.7082755877927411e-06
Iter: 286 loss: 2.7081241569248959e-06
Iter: 287 loss: 2.7078742732555838e-06
Iter: 288 loss: 2.7074813715444179e-06
Iter: 289 loss: 2.7070768737758044e-06
Iter: 290 loss: 2.7064329515269492e-06
Iter: 291 loss: 2.705552560655633e-06
Iter: 292 loss: 2.7072917418990983e-06
Iter: 293 loss: 2.7052367386204423e-06
Iter: 294 loss: 2.7041035082220333e-06
Iter: 295 loss: 2.7037235668103676e-06
Iter: 296 loss: 2.7027699616155587e-06
Iter: 297 loss: 2.7023281745641725e-06
Iter: 298 loss: 2.7018515993404435e-06
Iter: 299 loss: 2.7016196781914914e-06
Iter: 300 loss: 2.7013459202862578e-06
Iter: 301 loss: 2.7009984933101805e-06
Iter: 302 loss: 2.7003407012671232e-06
Iter: 303 loss: 2.6998154680768494e-06
Iter: 304 loss: 2.70013379122247e-06
Iter: 305 loss: 2.6995492135029053e-06
Iter: 306 loss: 2.699344349821331e-06
Iter: 307 loss: 2.6991228878614493e-06
Iter: 308 loss: 2.6988504941982683e-06
Iter: 309 loss: 2.6978916594089242e-06
Iter: 310 loss: 2.6971858915203484e-06
Iter: 311 loss: 2.6963261916534975e-06
Iter: 312 loss: 2.6949571747536538e-06
Iter: 313 loss: 2.6936429549095919e-06
Iter: 314 loss: 2.6932170840154868e-06
Iter: 315 loss: 2.6926809368887916e-06
Iter: 316 loss: 2.6914503905572928e-06
Iter: 317 loss: 2.6914813133771531e-06
Iter: 318 loss: 2.69045108325372e-06
Iter: 319 loss: 2.69002794084372e-06
Iter: 320 loss: 2.6896188956015976e-06
Iter: 321 loss: 2.6897928364633117e-06
Iter: 322 loss: 2.6893164886132581e-06
Iter: 323 loss: 2.6887969397648703e-06
Iter: 324 loss: 2.6881004941969877e-06
Iter: 325 loss: 2.6873699425777886e-06
Iter: 326 loss: 2.686703282961389e-06
Iter: 327 loss: 2.6961606636177748e-06
Iter: 328 loss: 2.6865077416005079e-06
Iter: 329 loss: 2.6874943159782561e-06
Iter: 330 loss: 2.6860484467761125e-06
Iter: 331 loss: 2.6855791475099977e-06
Iter: 332 loss: 2.6853181225305889e-06
Iter: 333 loss: 2.6849238565773703e-06
Iter: 334 loss: 2.684614855752443e-06
Iter: 335 loss: 2.6844534204428783e-06
Iter: 336 loss: 2.6843906653084559e-06
Iter: 337 loss: 2.6843113118957262e-06
Iter: 338 loss: 2.68421831606247e-06
Iter: 339 loss: 2.6841294129553717e-06
Iter: 340 loss: 2.6840411919692997e-06
Iter: 341 loss: 2.6839722977456404e-06
Iter: 342 loss: 2.6839456950256135e-06
Iter: 343 loss: 2.6839395559363766e-06
Iter: 344 loss: 2.6839272777579026e-06
Iter: 345 loss: 2.683911588974297e-06
Iter: 346 loss: 2.6838954454433406e-06
Iter: 347 loss: 2.6838811209017877e-06
Iter: 348 loss: 2.6838690700969892e-06
Iter: 349 loss: 2.6838583835342433e-06
Iter: 350 loss: 2.6838501980819274e-06
Iter: 351 loss: 2.6838367830350762e-06
Iter: 352 loss: 2.6838029043574352e-06
Iter: 353 loss: 2.6837099085241789e-06
Iter: 354 loss: 2.6834998152480694e-06
Iter: 355 loss: 2.6831751256395364e-06
Iter: 356 loss: 2.7079686333308928e-06
Iter: 357 loss: 2.6830193746718578e-06
Iter: 358 loss: 2.6833427000383381e-06
Iter: 359 loss: 2.6829002308659256e-06
Iter: 360 loss: 2.6825334771274356e-06
Iter: 361 loss: 2.6820966922969092e-06
Iter: 362 loss: 2.6814777811523527e-06
Iter: 363 loss: 2.6817981506610522e-06
Iter: 364 loss: 2.6812097075890051e-06
Iter: 365 loss: 2.6809605060407193e-06
Iter: 366 loss: 2.6809075279743411e-06
Iter: 367 loss: 2.6807319954968989e-06
Iter: 368 loss: 2.6806883397512138e-06
Iter: 369 loss: 2.6806305868376512e-06
Iter: 370 loss: 2.6805776087712729e-06
Iter: 371 loss: 2.6805159905052278e-06
Iter: 372 loss: 2.6803977561939973e-06
Iter: 373 loss: 2.6802979391504778e-06
Iter: 374 loss: 2.6801276362675708e-06
Iter: 375 loss: 2.6804543722391827e-06
Iter: 376 loss: 2.6800098567036912e-06
Iter: 377 loss: 2.6799082206707681e-06
Iter: 378 loss: 2.6798159069585381e-06
Iter: 379 loss: 2.6797724785865285e-06
Iter: 380 loss: 2.6796030851983232e-06
Iter: 381 loss: 2.6794668883667327e-06
Iter: 382 loss: 2.679335693756002e-06
Iter: 383 loss: 2.6792281460075174e-06
Iter: 384 loss: 2.6792035896505695e-06
Iter: 385 loss: 2.679163344510016e-06
Iter: 386 loss: 2.679069439182058e-06
Iter: 387 loss: 2.6789482490130467e-06
Iter: 388 loss: 2.6788998184201773e-06
Iter: 389 loss: 2.678861164895352e-06
Iter: 390 loss: 2.6788213745021494e-06
Iter: 391 loss: 2.6787979550135788e-06
Iter: 392 loss: 2.6787658953253413e-06
Iter: 393 loss: 2.678748842299683e-06
Iter: 394 loss: 2.6787365641212091e-06
Iter: 395 loss: 2.6787295155372703e-06
Iter: 396 loss: 2.6787238311953843e-06
Iter: 397 loss: 2.678706778169726e-06
Iter: 398 loss: 2.6786685793922516e-06
Iter: 399 loss: 2.6785983209265396e-06
Iter: 400 loss: 2.6785567115439335e-06
Iter: 401 loss: 2.6784214242070448e-06
Iter: 402 loss: 2.6783495741256047e-06
Iter: 403 loss: 2.678294322322472e-06
Iter: 404 loss: 2.6782595341501292e-06
Iter: 405 loss: 2.6782115583046107e-06
Iter: 406 loss: 2.6781340238812845e-06
Iter: 407 loss: 2.6780712687468622e-06
Iter: 408 loss: 2.6780317057273351e-06
Iter: 409 loss: 2.6780182906804839e-06
Iter: 410 loss: 2.6779950985655887e-06
Iter: 411 loss: 2.6780655844049761e-06
Iter: 412 loss: 2.6779662221088074e-06
Iter: 413 loss: 2.6778841402119724e-06
Iter: 414 loss: 2.6776990580401616e-06
Iter: 415 loss: 2.6774075649882434e-06
Iter: 416 loss: 2.67740074377798e-06
Iter: 417 loss: 2.6771785996970721e-06
Iter: 418 loss: 2.6855402666114969e-06
Iter: 419 loss: 2.676826170500135e-06
Iter: 420 loss: 2.6769398573378567e-06
Iter: 421 loss: 2.6764753329189261e-06
Iter: 422 loss: 2.6757466002891306e-06
Iter: 423 loss: 2.6753059501061216e-06
Iter: 424 loss: 2.6751677069114521e-06
Iter: 425 loss: 2.6748634809337091e-06
Iter: 426 loss: 2.6746217827167129e-06
Iter: 427 loss: 2.6744908154796576e-06
Iter: 428 loss: 2.67439190793084e-06
Iter: 429 loss: 2.6744182832771912e-06
Iter: 430 loss: 2.6743605303636286e-06
Iter: 431 loss: 2.6743286980490666e-06
Iter: 432 loss: 2.6742986847239081e-06
Iter: 433 loss: 2.6742800400825217e-06
Iter: 434 loss: 2.6742420686787227e-06
Iter: 435 loss: 2.6741945475805551e-06
Iter: 436 loss: 2.674152938197949e-06
Iter: 437 loss: 2.674110874067992e-06
Iter: 438 loss: 2.6740394787339028e-06
Iter: 439 loss: 2.673904646144365e-06
Iter: 440 loss: 2.6738221095001791e-06
Iter: 441 loss: 2.6737616281025112e-06
Iter: 442 loss: 2.6737250209407648e-06
Iter: 443 loss: 2.6736950076156063e-06
Iter: 444 loss: 2.673659992069588e-06
Iter: 445 loss: 2.6736038307717536e-06
Iter: 446 loss: 2.6735644951259019e-06
Iter: 447 loss: 2.6735458504845155e-06
Iter: 448 loss: 2.6735328901850153e-06
Iter: 449 loss: 2.673510152817471e-06
Iter: 450 loss: 2.6734371658676537e-06
Iter: 451 loss: 2.6732620881375624e-06
Iter: 452 loss: 2.6729728688223986e-06
Iter: 453 loss: 2.6733287086244673e-06
Iter: 454 loss: 2.6728457669378258e-06
Iter: 455 loss: 2.6729960609372938e-06
Iter: 456 loss: 2.6724753752205288e-06
Iter: 457 loss: 2.6721822905528825e-06
Iter: 458 loss: 2.6725347197498195e-06
Iter: 459 loss: 2.6720654204837047e-06
Iter: 460 loss: 2.6719710604083957e-06
Iter: 461 loss: 2.6717984837887343e-06
Iter: 462 loss: 2.6716520551417489e-06
Iter: 463 loss: 2.6715260901255533e-06
Iter: 464 loss: 2.6714174055086914e-06
Iter: 465 loss: 2.6712968974607065e-06
Iter: 466 loss: 2.6711343252827646e-06
Iter: 467 loss: 2.6710122256190516e-06
Iter: 468 loss: 2.6708507903094869e-06
Iter: 469 loss: 2.670738467713818e-06
Iter: 470 loss: 2.6706084099714644e-06
Iter: 471 loss: 2.6704547053668648e-06
Iter: 472 loss: 2.6703230560087832e-06
Iter: 473 loss: 2.6702380182541674e-06
Iter: 474 loss: 2.6701959541242104e-06
Iter: 475 loss: 2.670161393325543e-06
Iter: 476 loss: 2.6701354727265425e-06
Iter: 477 loss: 2.6701113711169455e-06
Iter: 478 loss: 2.6700938633439364e-06
Iter: 479 loss: 2.6700724902184447e-06
Iter: 480 loss: 2.6700606667873217e-06
Iter: 481 loss: 2.6700481612351723e-06
Iter: 482 loss: 2.6700402031565318e-06
Iter: 483 loss: 2.6700286070990842e-06
Iter: 484 loss: 2.670009507710347e-06
Iter: 485 loss: 2.6699717636802234e-06
Iter: 486 loss: 2.6698919555201428e-06
Iter: 487 loss: 2.6697400699049467e-06
Iter: 488 loss: 2.6695338419813197e-06
Iter: 489 loss: 2.6694328880694229e-06
Iter: 490 loss: 2.669394461918273e-06
Iter: 491 loss: 2.6691493530961452e-06
Iter: 492 loss: 2.6689308469940443e-06
Iter: 493 loss: 2.6689224341680529e-06
Iter: 494 loss: 2.66883625954506e-06
Iter: 495 loss: 2.6687562240113039e-06
Iter: 496 loss: 2.6687816898629535e-06
Iter: 497 loss: 2.668609567990643e-06
Iter: 498 loss: 2.668455181265017e-06
Iter: 499 loss: 2.6683196665544529e-06
Iter: 500 loss: 2.6682957923185313e-06
Iter: 501 loss: 2.668166871444555e-06
Iter: 502 loss: 2.6681736926548183e-06
Iter: 503 loss: 2.6681195777200628e-06
Iter: 504 loss: 2.6681143481255276e-06
Iter: 505 loss: 2.6680663722800091e-06
Iter: 506 loss: 2.6680409064283594e-06
Iter: 507 loss: 2.6680083919927711e-06
Iter: 508 loss: 2.6679747406888055e-06
Iter: 509 loss: 2.6679635993787088e-06
Iter: 510 loss: 2.6679522306949366e-06
Iter: 511 loss: 2.667946773726726e-06
Iter: 512 loss: 2.66793608716398e-06
Iter: 513 loss: 2.6679213078750763e-06
Iter: 514 loss: 2.6678865197027335e-06
Iter: 515 loss: 2.6678094400267582e-06
Iter: 516 loss: 2.6676959805627121e-06
Iter: 517 loss: 2.6676120796764735e-06
Iter: 518 loss: 2.6676509605749743e-06
Iter: 519 loss: 2.6675520530261565e-06
Iter: 520 loss: 2.6674495074985316e-06
Iter: 521 loss: 2.6673565116652753e-06
Iter: 522 loss: 2.6672664716898e-06
Iter: 523 loss: 2.6672314561437815e-06
Iter: 524 loss: 2.6672043986764038e-06
Iter: 525 loss: 2.6671484647522448e-06
Iter: 526 loss: 2.6671093564800685e-06
Iter: 527 loss: 2.66693064077117e-06
Iter: 528 loss: 2.6667748898034915e-06
Iter: 529 loss: 2.6668699319998268e-06
Iter: 530 loss: 2.6666916710382793e-06
Iter: 531 loss: 2.6665973109629704e-06
Iter: 532 loss: 2.6665450150176184e-06
Iter: 533 loss: 2.6664943106879946e-06
Iter: 534 loss: 2.6664097276807297e-06
Iter: 535 loss: 2.6663719836506061e-06
Iter: 536 loss: 2.6662660275178496e-06
Iter: 537 loss: 2.6661587071430404e-06
Iter: 538 loss: 2.6660336516215466e-06
Iter: 539 loss: 2.6658922251954209e-06
Iter: 540 loss: 2.6657351099856896e-06
Iter: 541 loss: 2.665651663846802e-06
Iter: 542 loss: 2.6657016860553995e-06
Iter: 543 loss: 2.6655989131540991e-06
Iter: 544 loss: 2.6654820430849213e-06
Iter: 545 loss: 2.6664342840376776e-06
Iter: 546 loss: 2.6654265639081132e-06
Iter: 547 loss: 2.6653376608010149e-06
Iter: 548 loss: 2.6652651285985485e-06
Iter: 549 loss: 2.6651800908439327e-06
Iter: 550 loss: 2.6651459847926162e-06
Iter: 551 loss: 2.665080728547764e-06
Iter: 552 loss: 2.6650200197764207e-06
Iter: 553 loss: 2.6649759092833847e-06
Iter: 554 loss: 2.6649468054529279e-06
Iter: 555 loss: 2.6649058781913482e-06
Iter: 556 loss: 2.6649654500943143e-06
Iter: 557 loss: 2.6648592665878823e-06
Iter: 558 loss: 2.6648419861885486e-06
Iter: 559 loss: 2.6647937829693547e-06
Iter: 560 loss: 2.6647535378288012e-06
