/var/lib/slurmd/job9520192/slurm_script: line 16: /home/qhaomin/venv/tensorflow-gpu/bin/activate: No such file or directory
2022-07-21 14:41:49.361875: I tensorflow/core/platform/cpu_feature_guard.cc:151] This TensorFlow binary is optimized with oneAPI Deep Neural Network Library (oneDNN) to use the following CPU instructions in performance-critical operations:  AVX2 FMA
To enable them in other operations, rebuild TensorFlow with the appropriate compiler flags.
2022-07-21 14:41:50.627805: I tensorflow/core/common_runtime/gpu/gpu_device.cc:1525] Created device /job:localhost/replica:0/task:0/device:GPU:0 with 10794 MB memory:  -> device: 0, name: Tesla K80, pci bus id: 0000:0d:00.0, compute capability: 3.7
Iter: 1 loss: 7.7676577348029241e-06
Iter: 2 loss: 3.2264993024000432e-06
Iter: 3 loss: 1.9594067452999298e-06
Iter: 4 loss: 5.8962154980690684e-06
Iter: 5 loss: 1.1248911278016749e-06
Iter: 6 loss: 1.57288673108269e-06
Iter: 7 loss: 1.0634399814080098e-06
Iter: 8 loss: 1.0599678716971539e-06
Iter: 9 loss: 1.0368476068833843e-06
Iter: 10 loss: 1.0088513135997346e-06
Iter: 11 loss: 9.6109613423323026e-07
Iter: 12 loss: 8.9507886968931416e-07
Iter: 13 loss: 8.209147495108482e-07
Iter: 14 loss: 9.63344746196526e-07
Iter: 15 loss: 7.8510004186682636e-07
Iter: 16 loss: 7.7992683600314194e-07
Iter: 17 loss: 7.7001260478937184e-07
Iter: 18 loss: 1.3882357734473771e-06
Iter: 19 loss: 7.5696641488320893e-07
Iter: 20 loss: 7.5027799084637081e-07
Iter: 21 loss: 7.3382540222155512e-07
Iter: 22 loss: 7.1467690077042789e-07
Iter: 23 loss: 6.9235221644703415e-07
Iter: 24 loss: 6.7658351099453284e-07
Iter: 25 loss: 6.6126159481427749e-07
Iter: 26 loss: 6.5138704030687222e-07
Iter: 27 loss: 6.4170569658017484e-07
Iter: 28 loss: 6.3290940488514025e-07
Iter: 29 loss: 6.0144873259559972e-07
Iter: 30 loss: 1.32289767407201e-06
Iter: 31 loss: 5.9845626765309134e-07
Iter: 32 loss: 5.1141762469342211e-07
Iter: 33 loss: 4.7313392315118108e-06
Iter: 34 loss: 4.9426023451815126e-07
Iter: 35 loss: 5.1560670044636936e-07
Iter: 36 loss: 4.5913549229226192e-07
Iter: 37 loss: 5.7378684914510814e-07
Iter: 38 loss: 4.3893561496588518e-07
Iter: 39 loss: 3.9347634128716891e-07
Iter: 40 loss: 3.7433062516356586e-07
Iter: 41 loss: 3.467544900104258e-07
Iter: 42 loss: 3.4394170711493643e-07
Iter: 43 loss: 3.630918286035012e-07
Iter: 44 loss: 3.3640282026681234e-07
Iter: 45 loss: 3.302889979295287e-07
Iter: 46 loss: 3.23299019555634e-07
Iter: 47 loss: 2.4740285198276979e-07
Iter: 48 loss: 3.8487728488689754e-06
Iter: 49 loss: 2.4035725232351979e-07
Iter: 50 loss: 2.3320299646911735e-07
Iter: 51 loss: 1.6989153664326295e-05
Iter: 52 loss: 2.3289285877581278e-07
Iter: 53 loss: 2.0859556570940185e-07
Iter: 54 loss: 1.3855428449005558e-07
Iter: 55 loss: 6.6109279828197032e-08
Iter: 56 loss: 5.9815668862484017e-08
Iter: 57 loss: 4.8363752114255476e-08
Iter: 58 loss: 3.52919329316137e-08
Iter: 59 loss: 2.5186363217244434e-08
Iter: 60 loss: 1.7191293721907641e-08
Iter: 61 loss: 1.2708793128979323e-08
Iter: 62 loss: 9.67123714445961e-09
Iter: 63 loss: 8.6768165985517953e-09
Iter: 64 loss: 8.38660252355794e-09
Iter: 65 loss: 8.1613302782557184e-09
Iter: 66 loss: 7.9600832592063853e-09
Iter: 67 loss: 7.7386950181335123e-09
Iter: 68 loss: 7.4694970209066014e-09
Iter: 69 loss: 7.1993708772311038e-09
Iter: 70 loss: 7.067213481093404e-09
Iter: 71 loss: 6.9637913213682623e-09
Iter: 72 loss: 6.819473874486448e-09
Iter: 73 loss: 6.713096745158964e-09
Iter: 74 loss: 6.5199783350067264e-09
Iter: 75 loss: 3.449955698897611e-08
Iter: 76 loss: 5.9774576399718171e-09
Iter: 77 loss: 5.56148904706788e-09
Iter: 78 loss: 5.2684336893094041e-09
Iter: 79 loss: 4.8293862242587693e-09
Iter: 80 loss: 4.7149661952516908e-09
Iter: 81 loss: 4.609106873942892e-09
Iter: 82 loss: 4.5432626549768429e-09
Iter: 83 loss: 4.5026702366612881e-09
Iter: 84 loss: 4.4339700799866932e-09
Iter: 85 loss: 4.2202761285636825e-09
Iter: 86 loss: 4.0800332001822426e-09
Iter: 87 loss: 3.9504350901609087e-09
Iter: 88 loss: 3.73993369606751e-09
Iter: 89 loss: 3.029440920343518e-09
Iter: 90 loss: 2.2817521205809044e-09
Iter: 91 loss: 1.8234190823918084e-09
Iter: 92 loss: 1.3654321007194881e-09
Iter: 93 loss: 1.247665304404677e-09
Iter: 94 loss: 1.1658202181408228e-09
Iter: 95 loss: 1.139223826385205e-09
Iter: 96 loss: 1.082439693433912e-09
Iter: 97 loss: 1.6928931589887952e-09
Iter: 98 loss: 1.0319387566681826e-09
Iter: 99 loss: 9.6515373471106614e-10
Iter: 100 loss: 8.1338064061853288e-10
Iter: 101 loss: 7.2841471743245734e-10
Iter: 102 loss: 6.3739313826971511e-10
Iter: 103 loss: 5.3471865824050724e-10
Iter: 104 loss: 4.1186734578424478e-10
Iter: 105 loss: 3.8370653876462768e-10
Iter: 106 loss: 3.7361527760459978e-10
Iter: 107 loss: 3.7097258598350891e-10
Iter: 108 loss: 3.6887695675780208e-10
Iter: 109 loss: 3.640140133764902e-10
Iter: 110 loss: 3.71002256693842e-10
Iter: 111 loss: 3.5888297889030696e-10
Iter: 112 loss: 3.4507890989132761e-10
Iter: 113 loss: 3.070391996207178e-10
Iter: 114 loss: 2.9597929662728006e-10
Iter: 115 loss: 2.6987559409441531e-10
Iter: 116 loss: 2.6280866372019318e-10
Iter: 117 loss: 2.5483901100464834e-10
Iter: 118 loss: 2.3220354805619792e-10
Iter: 119 loss: 2.2419958944919216e-10
Iter: 120 loss: 2.1886883971866666e-10
Iter: 121 loss: 2.1593071775072303e-10
Iter: 122 loss: 2.1457183252415746e-10
Iter: 123 loss: 2.1387591697674679e-10
Iter: 124 loss: 2.1344903622377842e-10
Iter: 125 loss: 2.1241089442902705e-10
Iter: 126 loss: 2.0731745487001518e-10
Iter: 127 loss: 2.0172070958057731e-10
Iter: 128 loss: 1.9524770689116622e-10
Iter: 129 loss: 1.8252259426088102e-10
Iter: 130 loss: 1.8019703784677432e-10
Iter: 131 loss: 1.7799385576555693e-10
Iter: 132 loss: 1.7532998664027133e-10
Iter: 133 loss: 1.7136569940845447e-10
Iter: 134 loss: 1.6932230617605626e-10
Iter: 135 loss: 1.6717596751369967e-10
Iter: 136 loss: 1.9356694025418619e-10
Iter: 137 loss: 1.6423465365456025e-10
Iter: 138 loss: 1.6108966938155334e-10
Iter: 139 loss: 1.5072479375710657e-10
Iter: 140 loss: 1.479384392766292e-10
Iter: 141 loss: 1.465463028704761e-10
Iter: 142 loss: 1.4548290350191451e-10
Iter: 143 loss: 1.4526664593450533e-10
Iter: 144 loss: 1.4503462320014648e-10
Iter: 145 loss: 1.7247525629926486e-10
Iter: 146 loss: 1.4464947295511621e-10
Iter: 147 loss: 1.4403336856538829e-10
Iter: 148 loss: 1.4047105145742478e-10
Iter: 149 loss: 1.3762570250097639e-10
Iter: 150 loss: 1.3117584796162873e-10
Iter: 151 loss: 1.26784138743119e-10
Iter: 152 loss: 1.2099933555109743e-10
Iter: 153 loss: 1.1690504120309697e-10
Iter: 154 loss: 1.1436497582284488e-10
Iter: 155 loss: 1.0891354484954263e-10
Iter: 156 loss: 1.0721772081279113e-10
Iter: 157 loss: 1.054294984648152e-10
Iter: 158 loss: 1.0499880132019968e-10
Iter: 159 loss: 1.0210195189319649e-10
Iter: 160 loss: 9.6625887846535363e-11
Iter: 161 loss: 9.5505915675975217e-11
Iter: 162 loss: 9.2840554688500276e-11
Iter: 163 loss: 9.1733121099224491e-11
Iter: 164 loss: 9.0753612957961138e-11
Iter: 165 loss: 8.8721134605673768e-11
Iter: 166 loss: 8.80168576911089e-11
Iter: 167 loss: 8.6755228001500484e-11
Iter: 168 loss: 8.95924515131874e-11
Iter: 169 loss: 8.5759545298547124e-11
Iter: 170 loss: 8.5284876383262542e-11
Iter: 171 loss: 8.4712806214248815e-11
Iter: 172 loss: 8.5628150403582737e-11
Iter: 173 loss: 8.41111069682654e-11
Iter: 174 loss: 8.343446072922589e-11
Iter: 175 loss: 8.3253785809755954e-11
Iter: 176 loss: 8.2905453335779811e-11
Iter: 177 loss: 8.2472570439584558e-11
Iter: 178 loss: 8.1725473610738675e-11
Iter: 179 loss: 8.1198402168691786e-11
Iter: 180 loss: 8.0309633943009828e-11
Iter: 181 loss: 8.0705775395983892e-11
Iter: 182 loss: 7.95200155723208e-11
Iter: 183 loss: 7.8550874138549887e-11
Iter: 184 loss: 7.78364456222036e-11
Iter: 185 loss: 7.7092388028887626e-11
Iter: 186 loss: 7.6760507672357647e-11
Iter: 187 loss: 7.64151936172297e-11
Iter: 188 loss: 7.60168455959942e-11
Iter: 189 loss: 7.5022113521505673e-11
Iter: 190 loss: 7.4367498270611065e-11
Iter: 191 loss: 7.3823558377483778e-11
Iter: 192 loss: 7.3289298241352441e-11
Iter: 193 loss: 7.295295617604225e-11
Iter: 194 loss: 7.262819512465768e-11
Iter: 195 loss: 7.2215879109993608e-11
Iter: 196 loss: 7.1861655515093048e-11
Iter: 197 loss: 1.95926788681966e-10
Iter: 198 loss: 7.1503282461637951e-11
Iter: 199 loss: 7.1000219592498581e-11
Iter: 200 loss: 7.0453032297024265e-11
Iter: 201 loss: 6.9258321300225134e-11
Iter: 202 loss: 6.6517083507910968e-11
Iter: 203 loss: 6.5640645696696254e-11
Iter: 204 loss: 6.4619851136704654e-11
Iter: 205 loss: 6.4269610466904936e-11
Iter: 206 loss: 6.3824813489876675e-11
Iter: 207 loss: 6.3451480181164754e-11
Iter: 208 loss: 6.2974528369785787e-11
Iter: 209 loss: 6.9003046332394291e-11
Iter: 210 loss: 6.2691921098867454e-11
Iter: 211 loss: 6.2315215487718234e-11
Iter: 212 loss: 6.2058726213454207e-11
Iter: 213 loss: 6.1885954694140821e-11
Iter: 214 loss: 6.1682353669212375e-11
Iter: 215 loss: 6.1682055296774507e-11
Iter: 216 loss: 1.776263358621577e-09
Iter: 217 loss: 6.1640546833441334e-11
Iter: 218 loss: 6.9571751137864624e-11
Iter: 219 loss: 6.15923562152787e-11
Iter: 220 loss: 6.1367202985884717e-11
Iter: 221 loss: 6.0895642695069085e-11
Iter: 222 loss: 6.0624227860017754e-11
Iter: 223 loss: 6.0419981517956245e-11
Iter: 224 loss: 6.0227538234425282e-11
Iter: 225 loss: 5.9995543255642048e-11
Iter: 226 loss: 5.9657279116720474e-11
Iter: 227 loss: 5.50456416559264e-11
Iter: 228 loss: 1.1695968851199723e-06
Iter: 229 loss: 5.5042765484403233e-11
Iter: 230 loss: 5.5016012578956719e-11
Iter: 231 loss: 5.43324274460133e-11
Iter: 232 loss: 5.1485905816495148e-11
Iter: 233 loss: 4.0630990127965561e-08
Iter: 234 loss: 5.1471882311915351e-11
Iter: 235 loss: 5.1301084907917627e-11
Iter: 236 loss: 5.0526156175623171e-11
Iter: 237 loss: 4.958247007413874e-11
Iter: 238 loss: 4.8907721622581946e-11
Iter: 239 loss: 5.2848125181581551e-11
Iter: 240 loss: 4.8476077318948541e-11
Iter: 241 loss: 4.801927605546652e-11
Iter: 242 loss: 4.7537491304483481e-11
Iter: 243 loss: 4.71821644254522e-11
Iter: 244 loss: 4.6636826345203275e-11
Iter: 245 loss: 4.6110955331801762e-11
Iter: 246 loss: 4.5670432713418307e-11
Iter: 247 loss: 4.537542216964674e-11
Iter: 248 loss: 4.4654755587680839e-11
Iter: 249 loss: 4.4562842999029684e-11
Iter: 250 loss: 4.4305704938185642e-11
Iter: 251 loss: 4.3678411582037668e-11
Iter: 252 loss: 4.3244855613133737e-11
Iter: 253 loss: 4.2925156484852067e-11
Iter: 254 loss: 4.2784963072417526e-11
Iter: 255 loss: 4.2644388020818269e-11
Iter: 256 loss: 4.2518634446597758e-11
Iter: 257 loss: 4.22501027219635e-11
Iter: 258 loss: 4.2063685867788081e-11
Iter: 259 loss: 4.278086912501422e-11
Iter: 260 loss: 4.189545238508785e-11
Iter: 261 loss: 5.1184379651347811e-11
Iter: 262 loss: 4.1783708437659328e-11
Iter: 263 loss: 4.1342939488542285e-11
Iter: 264 loss: 4.0994468236688064e-11
Iter: 265 loss: 4.0663798717144317e-11
Iter: 266 loss: 4.041508794294657e-11
Iter: 267 loss: 4.0250143495956792e-11
Iter: 268 loss: 3.99997535094343e-11
Iter: 269 loss: 3.9590945105638653e-11
Iter: 270 loss: 3.8398558638297331e-11
Iter: 271 loss: 9.6185240328061639e-11
Iter: 272 loss: 3.7999135088506719e-11
Iter: 273 loss: 3.7317669787650942e-11
Iter: 274 loss: 3.661506167706996e-11
Iter: 275 loss: 3.6212456644424407e-11
Iter: 276 loss: 3.6067489272983977e-11
Iter: 277 loss: 3.6012422210962569e-11
Iter: 278 loss: 3.5926057267987588e-11
Iter: 279 loss: 3.6131635877678647e-11
Iter: 280 loss: 3.5893801819675275e-11
Iter: 281 loss: 3.5813369630988134e-11
Iter: 282 loss: 3.5671049447572045e-11
Iter: 283 loss: 3.5570997536371607e-11
Iter: 284 loss: 3.5418411259424687e-11
Iter: 285 loss: 3.4973069579224969e-11
Iter: 286 loss: 3.4579006324975126e-11
Iter: 287 loss: 3.3909784702412793e-11
Iter: 288 loss: 3.333047726705729e-11
Iter: 289 loss: 3.2980326802878324e-11
Iter: 290 loss: 3.2644269232218193e-11
Iter: 291 loss: 3.224578590255156e-11
Iter: 292 loss: 3.1852909199159285e-11
Iter: 293 loss: 3.1731617333718987e-11
Iter: 294 loss: 3.1359158325638958e-11
Iter: 295 loss: 3.12326935147933e-11
Iter: 296 loss: 3.1162704361431537e-11
Iter: 297 loss: 3.1106024006577471e-11
Iter: 298 loss: 3.0984492749297488e-11
Iter: 299 loss: 3.0755162305773354e-11
Iter: 300 loss: 3.041389709523834e-11
Iter: 301 loss: 3.0093885716730995e-11
Iter: 302 loss: 2.9936421397369628e-11
Iter: 303 loss: 2.9665998824146556e-11
Iter: 304 loss: 2.9520254296588888e-11
Iter: 305 loss: 2.9359837477871409e-11
Iter: 306 loss: 2.9209978186228724e-11
Iter: 307 loss: 2.9046301822099885e-11
Iter: 308 loss: 2.8787083827808146e-11
Iter: 309 loss: 2.9662754891246479e-11
Iter: 310 loss: 2.8245242950086791e-11
Iter: 311 loss: 4.3757077822226265e-11
Iter: 312 loss: 2.8141688632188355e-11
Iter: 313 loss: 2.7623245704710975e-11
Iter: 314 loss: 2.6989882551120559e-11
Iter: 315 loss: 2.6708810510478465e-11
Iter: 316 loss: 2.6149776788386703e-11
Iter: 317 loss: 2.5972885300817872e-11
Iter: 318 loss: 2.5737623837729373e-11
Iter: 319 loss: 2.5532631564573194e-11
Iter: 320 loss: 2.5332458353233278e-11
Iter: 321 loss: 2.5110784979132106e-11
Iter: 322 loss: 5.5474191212878665e-11
Iter: 323 loss: 2.4917396271306735e-11
Iter: 324 loss: 2.0329918304362593e-10
Iter: 325 loss: 2.5077278795193614e-11
Iter: 326 loss: 2.482294404748675e-11
Iter: 327 loss: 2.4670881657029575e-11
Iter: 328 loss: 2.4439752305260853e-11
Iter: 329 loss: 2.4314389043822437e-11
Iter: 330 loss: 2.4101073567428521e-11
Iter: 331 loss: 2.391102246757093e-11
Iter: 332 loss: 2.3608153626453188e-11
Iter: 333 loss: 2.3274965288422322e-11
Iter: 334 loss: 2.3558233488985003e-11
Iter: 335 loss: 2.2716611577933143e-11
Iter: 336 loss: 2.256861884875061e-11
Iter: 337 loss: 2.2383062417419275e-11
Iter: 338 loss: 2.2193850923724057e-11
Iter: 339 loss: 2.2136551272589067e-11
Iter: 340 loss: 2.2068605623482007e-11
Iter: 341 loss: 2.1957879958733884e-11
Iter: 342 loss: 2.1907930330966607e-11
Iter: 343 loss: 2.1841757569251996e-11
Iter: 344 loss: 2.1755486301344718e-11
Iter: 345 loss: 2.1689145271452936e-11
Iter: 346 loss: 2.14772609419267e-11
Iter: 347 loss: 2.1269076777574725e-11
Iter: 348 loss: 2.1036818120823142e-11
Iter: 349 loss: 2.0578266521353861e-11
Iter: 350 loss: 2.1993424442756648e-11
Iter: 351 loss: 2.028391690722664e-11
Iter: 352 loss: 2.0123713459496706e-11
Iter: 353 loss: 1.979702339560685e-11
Iter: 354 loss: 1.9538811540931178e-11
Iter: 355 loss: 1.9371480114438455e-11
Iter: 356 loss: 1.9445618726354752e-11
Iter: 357 loss: 1.9314888230481664e-11
Iter: 358 loss: 1.9165368944640271e-11
Iter: 359 loss: 1.9008253304697575e-11
Iter: 360 loss: 1.8844703575382482e-11
Iter: 361 loss: 1.8725488173942928e-11
Iter: 362 loss: 1.8570919108062967e-11
Iter: 363 loss: 1.8406217522359825e-11
Iter: 364 loss: 1.8331610535105014e-11
Iter: 365 loss: 1.8142551697075682e-11
Iter: 366 loss: 1.8099414328398566e-11
Iter: 367 loss: 1.7949031150266137e-11
Iter: 368 loss: 3.918139701575285e-10
Iter: 369 loss: 1.9617979116204332e-11
Iter: 370 loss: 1.7874059871081371e-11
Iter: 371 loss: 1.7793197470972189e-11
Iter: 372 loss: 1.7672471125385059e-11
Iter: 373 loss: 1.7562021281669615e-11
Iter: 374 loss: 1.7419227518744584e-11
Iter: 375 loss: 1.7239557004167239e-11
Iter: 376 loss: 1.7113579650618327e-11
Iter: 377 loss: 1.6997880533664578e-11
Iter: 378 loss: 1.6897996890641309e-11
Iter: 379 loss: 1.6767399968475871e-11
Iter: 380 loss: 1.6540463443348585e-11
Iter: 381 loss: 1.6242115291609238e-11
Iter: 382 loss: 1.6054362700357316e-11
Iter: 383 loss: 1.582970733660094e-11
Iter: 384 loss: 1.5668338154695149e-11
Iter: 385 loss: 1.5479931572692784e-11
Iter: 386 loss: 1.5286178572937459e-11
Iter: 387 loss: 2.0707247028184383e-10
Iter: 388 loss: 1.6276827108363534e-11
Iter: 389 loss: 1.512570103889832e-11
Iter: 390 loss: 1.5052644894431033e-11
Iter: 391 loss: 1.4981136123304317e-11
Iter: 392 loss: 1.4944925505466777e-11
Iter: 393 loss: 1.4917725041363461e-11
Iter: 394 loss: 1.4903149894718304e-11
Iter: 395 loss: 1.4881443299863406e-11
Iter: 396 loss: 1.4831883984878225e-11
Iter: 397 loss: 1.4746395077258612e-11
Iter: 398 loss: 1.462532872587019e-11
