==========================================
SLURM_JOB_ID = 9520598
SLURM_SUBMIT_DIR = /home/qhaomin/NNHJB/src
SLURM_JOB_NODELIST = mgpu02
==========================================
Iteration 0
Elapsed time for kappa 170.6887 sec
Elapsed time for experts 100.9168 sec
Elapsed time for households 88.6392 sec
Iteration 1
Elapsed time for kappa 71.3325 sec
Elapsed time for experts 93.3355 sec
Elapsed time for households 87.4676 sec
Iteration 2
Elapsed time for kappa 34.7117 sec
Elapsed time for experts 91.2372 sec
Elapsed time for households 87.1207 sec
Iteration 3
Elapsed time for kappa 33.2566 sec
Elapsed time for experts 89.4301 sec
Elapsed time for households 85.8302 sec
Iteration 4
Elapsed time for kappa 24.2274 sec
Elapsed time for experts 89.8173 sec
Elapsed time for households 84.6104 sec
Iteration 5
Elapsed time for kappa 42.3580 sec
Elapsed time for experts 90.0378 sec
Elapsed time for households 88.7062 sec
Iteration 6
Elapsed time for kappa 40.4336 sec
Elapsed time for experts 41.4570 sec
Elapsed time for households 83.8247 sec
Iteration 7
Elapsed time for kappa 31.4885 sec
Elapsed time for experts 69.9398 sec
Elapsed time for households 84.4410 sec
Iteration 8
Elapsed time for kappa 36.3049 sec
Elapsed time for experts 89.2108 sec
Elapsed time for households 83.0943 sec
Iteration 9
Elapsed time for kappa 27.6641 sec
Elapsed time for experts 88.8455 sec
Elapsed time for households 83.6026 sec
Elapsed time for training 2214.9715 sec
