==========================================
SLURM_JOB_ID = 9522530
SLURM_SUBMIT_DIR = /home/qhaomin/NNHJB/src
SLURM_JOB_NODELIST = mgpu02
==========================================
Iteration 0
Elapsed time for kappa 75.0647 sec
Elapsed time for experts 39.9785 sec
Elapsed time for households 34.1619 sec
Iteration 1
Elapsed time for kappa 41.0817 sec
Elapsed time for experts 35.1119 sec
Elapsed time for households 31.5394 sec
Iteration 2
Elapsed time for kappa 21.7467 sec
Elapsed time for experts 35.4850 sec
Elapsed time for households 31.2278 sec
Iteration 3
Elapsed time for kappa 24.8328 sec
Elapsed time for experts 34.8946 sec
Elapsed time for households 32.1116 sec
Iteration 4
Elapsed time for kappa 19.8918 sec
Elapsed time for experts 35.2804 sec
Elapsed time for households 30.9838 sec
Iteration 5
Elapsed time for kappa 19.6273 sec
Elapsed time for experts 38.7919 sec
Elapsed time for households 31.1948 sec
Iteration 6
Elapsed time for kappa 20.4573 sec
Elapsed time for experts 35.2593 sec
Elapsed time for households 31.2953 sec
Iteration 7
Elapsed time for kappa 15.6217 sec
Elapsed time for experts 34.6598 sec
Elapsed time for households 30.7739 sec
Iteration 8
Elapsed time for kappa 21.0918 sec
Elapsed time for experts 35.0099 sec
Elapsed time for households 30.6324 sec
Iteration 9
Elapsed time for kappa 18.2213 sec
Elapsed time for experts 34.6906 sec
Elapsed time for households 31.1336 sec
Elapsed time for training 952.5061 sec
