==========================================
SLURM_JOB_ID = 9520600
SLURM_SUBMIT_DIR = /home/qhaomin/NNHJB/src
SLURM_JOB_NODELIST = mgpu02
==========================================
Iteration 0
Elapsed time for kappa 171.9501 sec
Elapsed time for experts 99.8407 sec
Elapsed time for households 90.8549 sec
Iteration 1
Elapsed time for kappa 74.1468 sec
Elapsed time for experts 91.5806 sec
Elapsed time for households 87.4291 sec
Iteration 2
Elapsed time for kappa 24.2104 sec
Elapsed time for experts 91.4509 sec
Elapsed time for households 86.7467 sec
Iteration 3
Elapsed time for kappa 50.6273 sec
Elapsed time for experts 89.0135 sec
Elapsed time for households 83.8616 sec
Iteration 4
Elapsed time for kappa 42.2039 sec
Elapsed time for experts 87.9425 sec
Elapsed time for households 83.4318 sec
Iteration 5
Elapsed time for kappa 38.1011 sec
Elapsed time for experts 88.3235 sec
Elapsed time for households 30.9747 sec
Iteration 6
Elapsed time for kappa 39.8410 sec
Elapsed time for experts 86.7549 sec
Elapsed time for households 83.4295 sec
Iteration 7
Elapsed time for kappa 45.0129 sec
Elapsed time for experts 87.0793 sec
Elapsed time for households 27.0310 sec
Iteration 8
Elapsed time for kappa 49.3799 sec
Elapsed time for experts 31.7229 sec
Elapsed time for households 59.0671 sec
Iteration 9
Elapsed time for kappa 35.1148 sec
Elapsed time for experts 47.0935 sec
Elapsed time for households 82.4228 sec
Elapsed time for training 2087.5826 sec
