==========================================
SLURM_JOB_ID = 9536061
SLURM_SUBMIT_DIR = /home/qhaomin/NNHJB/src
SLURM_JOB_NODELIST = mgpu02
==========================================
Iteration 0
Elapsed time for kappa 162.5290 sec
Elapsed time for experts 87.4834 sec
Elapsed time for households 79.4632 sec
Iteration 1
Elapsed time for kappa 25.8916 sec
Elapsed time for experts 12.7858 sec
Elapsed time for households 76.6642 sec
Iteration 2
Elapsed time for kappa 25.1568 sec
Elapsed time for experts 83.6437 sec
Elapsed time for households 76.1717 sec
Iteration 3
Elapsed time for kappa 23.8233 sec
Elapsed time for experts 78.7983 sec
Elapsed time for households 76.9477 sec
Iteration 4
Elapsed time for kappa 24.8571 sec
Elapsed time for experts 77.6317 sec
Elapsed time for households 73.5028 sec
Iteration 5
Elapsed time for kappa 21.9956 sec
Elapsed time for experts 78.0289 sec
Elapsed time for households 73.3609 sec
Iteration 6
Elapsed time for kappa 21.9001 sec
Elapsed time for experts 77.4904 sec
Elapsed time for households 74.2080 sec
Iteration 7
Elapsed time for kappa 21.6244 sec
Elapsed time for experts 77.2043 sec
Elapsed time for households 48.4822 sec
Iteration 8
Elapsed time for kappa 22.9536 sec
Elapsed time for experts 78.1847 sec
Elapsed time for households 34.5911 sec
Iteration 9
Elapsed time for kappa 22.5239 sec
Elapsed time for experts 77.1145 sec
Elapsed time for households 21.5536 sec
Elapsed time for training 1737.6500 sec
