==========================================
SLURM_JOB_ID = 9522518
SLURM_SUBMIT_DIR = /home/qhaomin/NNHJB/src
SLURM_JOB_NODELIST = mgpu02
==========================================
Iteration 0
Elapsed time for kappa 77.9554 sec
Elapsed time for experts 38.6809 sec
Elapsed time for households 35.4855 sec
Iteration 1
Elapsed time for kappa 15.0273 sec
Elapsed time for experts 33.7290 sec
Elapsed time for households 32.2743 sec
Iteration 2
Elapsed time for kappa 52.0669 sec
Elapsed time for experts 33.8090 sec
Elapsed time for households 31.1211 sec
Iteration 3
Elapsed time for kappa 49.7789 sec
Elapsed time for experts 33.7021 sec
Elapsed time for households 31.6408 sec
Iteration 4
Elapsed time for kappa 51.0725 sec
Elapsed time for experts 33.8656 sec
Elapsed time for households 30.7838 sec
Iteration 5
Elapsed time for kappa 51.7110 sec
Elapsed time for experts 33.7008 sec
Elapsed time for households 35.4863 sec
Iteration 6
Elapsed time for kappa 51.0261 sec
Elapsed time for experts 33.8169 sec
Elapsed time for households 32.3414 sec
Iteration 7
Elapsed time for kappa 51.8212 sec
Elapsed time for experts 33.7789 sec
Elapsed time for households 31.6925 sec
Iteration 8
Elapsed time for kappa 49.3319 sec
Elapsed time for experts 33.8803 sec
Elapsed time for households 31.6890 sec
Iteration 9
Elapsed time for kappa 50.6506 sec
Elapsed time for experts 33.8527 sec
Elapsed time for households 31.6230 sec
Elapsed time for training 1168.0526 sec
