==========================================
SLURM_JOB_ID = 9526447
SLURM_SUBMIT_DIR = /home/qhaomin/NNHJB/src
SLURM_JOB_NODELIST = mgpu02
==========================================
Iteration 0
Elapsed time for kappa 76.0385 sec
Elapsed time for experts 46.5758 sec
Elapsed time for households 40.8898 sec
Iteration 1
Elapsed time for kappa 16.0842 sec
Elapsed time for experts 41.4228 sec
Elapsed time for households 37.9401 sec
Iteration 2
Elapsed time for kappa 15.7245 sec
Elapsed time for experts 41.2115 sec
Elapsed time for households 37.9238 sec
Iteration 3
Elapsed time for kappa 15.6585 sec
Elapsed time for experts 40.8671 sec
Elapsed time for households 38.5229 sec
Iteration 4
Elapsed time for kappa 15.7408 sec
Elapsed time for experts 40.9556 sec
Elapsed time for households 6.2041 sec
Iteration 5
Elapsed time for kappa 15.3954 sec
Elapsed time for experts 45.4075 sec
Elapsed time for households 37.4204 sec
Iteration 6
Elapsed time for kappa 16.1953 sec
Elapsed time for experts 40.9108 sec
Elapsed time for households 37.1770 sec
Iteration 7
Elapsed time for kappa 15.7309 sec
Elapsed time for experts 40.7191 sec
Elapsed time for households 22.8580 sec
Iteration 8
Elapsed time for kappa 15.2754 sec
Elapsed time for experts 41.2938 sec
Elapsed time for households 21.4307 sec
Iteration 9
Elapsed time for kappa 15.7945 sec
Elapsed time for experts 40.5984 sec
Elapsed time for households 32.3952 sec
Elapsed time for training 951.0194 sec
