==========================================
SLURM_JOB_ID = 9536054
SLURM_SUBMIT_DIR = /home/qhaomin/NNHJB/src
SLURM_JOB_NODELIST = mgpu01
==========================================
Iteration 0
Elapsed time for kappa 157.1954 sec
Elapsed time for experts 89.2669 sec
Elapsed time for households 79.7833 sec
Iteration 1
Elapsed time for kappa 51.5545 sec
Elapsed time for experts 80.9514 sec
Elapsed time for households 76.7296 sec
Iteration 2
Elapsed time for kappa 55.5384 sec
Elapsed time for experts 81.2878 sec
Elapsed time for households 75.6622 sec
Iteration 3
Elapsed time for kappa 117.7228 sec
Elapsed time for experts 77.0848 sec
Elapsed time for households 75.6588 sec
Iteration 4
Elapsed time for kappa 21.8677 sec
Elapsed time for experts 76.7252 sec
Elapsed time for households 9.3910 sec
Iteration 5
Elapsed time for kappa 115.8563 sec
Elapsed time for experts 77.1699 sec
Elapsed time for households 75.2270 sec
Iteration 6
Elapsed time for kappa 115.1931 sec
Elapsed time for experts 76.0726 sec
Elapsed time for households 8.3657 sec
Iteration 7
Elapsed time for kappa 117.0605 sec
Elapsed time for experts 76.8667 sec
Elapsed time for households 9.5367 sec
Iteration 8
Elapsed time for kappa 115.7170 sec
Elapsed time for experts 76.9886 sec
Elapsed time for households 9.0324 sec
Iteration 9
Elapsed time for kappa 64.5487 sec
Elapsed time for experts 8.9766 sec
Elapsed time for households 75.7457 sec
Elapsed time for training 2149.6304 sec
