==========================================
SLURM_JOB_ID = 9536024
SLURM_SUBMIT_DIR = /home/qhaomin/NNHJB/src
SLURM_JOB_NODELIST = mgpu02
==========================================
Iteration 0
Elapsed time for kappa 119.0401 sec
Elapsed time for experts 85.2407 sec
Elapsed time for households 80.6477 sec
Iteration 1
Elapsed time for kappa 57.5232 sec
Elapsed time for experts 11.7343 sec
Elapsed time for households 75.6709 sec
Iteration 2
Elapsed time for kappa 25.9485 sec
Elapsed time for experts 84.5132 sec
Elapsed time for households 78.0425 sec
Iteration 3
Elapsed time for kappa 37.8314 sec
Elapsed time for experts 80.6721 sec
Elapsed time for households 74.8382 sec
Iteration 4
Elapsed time for kappa 40.0611 sec
Elapsed time for experts 78.9255 sec
Elapsed time for households 75.2337 sec
Iteration 5
Elapsed time for kappa 35.3205 sec
Elapsed time for experts 78.3713 sec
Elapsed time for households 74.6950 sec
Iteration 6
Elapsed time for kappa 34.3007 sec
Elapsed time for experts 80.5043 sec
Elapsed time for households 10.3835 sec
Iteration 7
Elapsed time for kappa 36.5393 sec
Elapsed time for experts 86.6851 sec
Elapsed time for households 9.7786 sec
Iteration 8
Elapsed time for kappa 35.7117 sec
Elapsed time for experts 10.5258 sec
Elapsed time for households 23.9389 sec
Iteration 9
Elapsed time for kappa 26.1832 sec
Elapsed time for experts 81.3924 sec
Elapsed time for households 33.9286 sec
Elapsed time for training 1665.1179 sec
