==========================================
SLURM_JOB_ID = 9525988
SLURM_SUBMIT_DIR = /home/qhaomin/NNHJB/src
SLURM_JOB_NODELIST = mgpu01
==========================================
Iteration 0
Elapsed time for kappa 104.1324 sec
Elapsed time for experts 89.5136 sec
Elapsed time for households 76.3623 sec
Iteration 1
Elapsed time for kappa 30.0499 sec
Elapsed time for experts 79.5240 sec
Elapsed time for households 74.4404 sec
Iteration 2
Elapsed time for kappa 31.1031 sec
Elapsed time for experts 84.3369 sec
Elapsed time for households 74.5533 sec
Iteration 3
Elapsed time for kappa 28.6221 sec
Elapsed time for experts 10.9797 sec
Elapsed time for households 74.5181 sec
Iteration 4
Elapsed time for kappa 26.5278 sec
Elapsed time for experts 81.9565 sec
Elapsed time for households 71.6537 sec
Iteration 5
Elapsed time for kappa 25.5261 sec
Elapsed time for experts 78.8925 sec
Elapsed time for households 43.8482 sec
Iteration 6
Elapsed time for kappa 22.8460 sec
Elapsed time for experts 9.4055 sec
Elapsed time for households 36.7957 sec
Iteration 7
Elapsed time for kappa 23.0179 sec
Elapsed time for experts 9.3225 sec
Elapsed time for households 12.8591 sec
Iteration 8
Elapsed time for kappa 22.1189 sec
Elapsed time for experts 10.5492 sec
Elapsed time for households 8.1768 sec
Iteration 9
Elapsed time for kappa 21.3548 sec
Elapsed time for experts 79.1999 sec
Elapsed time for households 72.4264 sec
Elapsed time for training 1415.6662 sec
