==========================================
SLURM_JOB_ID = 9526442
SLURM_SUBMIT_DIR = /home/qhaomin/NNHJB/src
SLURM_JOB_NODELIST = mgpu02
==========================================
Iteration 0
Elapsed time for kappa 80.9587 sec
Elapsed time for experts 45.5473 sec
Elapsed time for households 39.9286 sec
Iteration 1
Elapsed time for kappa 63.3042 sec
Elapsed time for experts 40.4917 sec
Elapsed time for households 37.4180 sec
Iteration 2
Elapsed time for kappa 62.8433 sec
Elapsed time for experts 40.4718 sec
Elapsed time for households 38.3997 sec
Iteration 3
Elapsed time for kappa 60.9546 sec
Elapsed time for experts 8.0468 sec
Elapsed time for households 37.9438 sec
Iteration 4
Elapsed time for kappa 60.6631 sec
Elapsed time for experts 8.1086 sec
Elapsed time for households 38.9582 sec
Iteration 5
Elapsed time for kappa 53.8682 sec
Elapsed time for experts 41.2173 sec
Elapsed time for households 38.6219 sec
Iteration 6
Elapsed time for kappa 62.2890 sec
Elapsed time for experts 40.6487 sec
Elapsed time for households 38.7196 sec
Iteration 7
Elapsed time for kappa 61.6581 sec
Elapsed time for experts 40.7804 sec
Elapsed time for households 37.8100 sec
Iteration 8
Elapsed time for kappa 63.3028 sec
Elapsed time for experts 7.7284 sec
Elapsed time for households 38.8723 sec
Iteration 9
Elapsed time for kappa 61.5177 sec
Elapsed time for experts 40.4066 sec
Elapsed time for households 36.7819 sec
Elapsed time for training 1328.9220 sec
