/var/lib/slurmd/job9536055/slurm_script: line 16: /home/qhaomin/venv/tensorflow-gpu/bin/activate: No such file or directory
2022-07-24 23:40:56.308198: I tensorflow/core/platform/cpu_feature_guard.cc:151] This TensorFlow binary is optimized with oneAPI Deep Neural Network Library (oneDNN) to use the following CPU instructions in performance-critical operations:  AVX2 FMA
To enable them in other operations, rebuild TensorFlow with the appropriate compiler flags.
2022-07-24 23:40:56.870157: I tensorflow/core/common_runtime/gpu/gpu_device.cc:1525] Created device /job:localhost/replica:0/task:0/device:GPU:0 with 10794 MB memory:  -> device: 0, name: Tesla K80, pci bus id: 0000:83:00.0, compute capability: 3.7
Iter: 1 loss: 3.7346755561884493e-05
Iter: 2 loss: 3.5980527172796428e-05
Iter: 3 loss: 3.4478445741115138e-05
Iter: 4 loss: 3.2710500818211585e-05
Iter: 5 loss: 3.1716524972580373e-05
Iter: 6 loss: 3.1053605198394507e-05
Iter: 7 loss: 3.0643335776403546e-05
Iter: 8 loss: 3.0054248782107607e-05
Iter: 9 loss: 2.6992336643161252e-05
Iter: 10 loss: 2.4976296117529273e-05
Iter: 11 loss: 4.4088497816119343e-05
Iter: 12 loss: 2.596583726699464e-05
Iter: 13 loss: 2.4273627786897123e-05
Iter: 14 loss: 2.3742421035422012e-05
Iter: 15 loss: 2.3769160179654136e-05
Iter: 16 loss: 2.3610384232597426e-05
Iter: 17 loss: 2.3564756702398881e-05
Iter: 18 loss: 2.3088723537512124e-05
Iter: 19 loss: 1.1795738828368485e-05
Iter: 20 loss: 9.563378625898622e-06
Iter: 21 loss: 9.2382379079936072e-06
Iter: 22 loss: 9.1255515144439414e-06
Iter: 23 loss: 9.1059919213876128e-06
Iter: 24 loss: 2.2350603103404865e-05
Iter: 25 loss: 9.10328708414454e-06
Iter: 26 loss: 9.501656677457504e-06
Iter: 27 loss: 8.9430450316285715e-06
Iter: 28 loss: 8.8420292740920559e-06
Iter: 29 loss: 8.8038159447023645e-06
Iter: 30 loss: 8.752862413530238e-06
Iter: 31 loss: 8.6607269622618333e-06
Iter: 32 loss: 8.4377115854294971e-06
Iter: 33 loss: 8.3201939560240135e-06
Iter: 34 loss: 8.2922897490789182e-06
Iter: 35 loss: 8.242003787017893e-06
Iter: 36 loss: 8.0772342698764987e-06
Iter: 37 loss: 8.029526725295e-06
Iter: 38 loss: 8.0053559941006824e-06
Iter: 39 loss: 7.9597539297537878e-06
Iter: 40 loss: 7.9247356552514248e-06
Iter: 41 loss: 7.8419034252874553e-06
Iter: 42 loss: 7.7944769145688042e-06
Iter: 43 loss: 7.78650246502366e-06
Iter: 44 loss: 7.7682525443378836e-06
Iter: 45 loss: 7.6946334957028739e-06
Iter: 46 loss: 7.5845064202439971e-06
Iter: 47 loss: 7.7818940553697757e-06
Iter: 48 loss: 7.5281050158082508e-06
Iter: 49 loss: 7.45339775676257e-06
Iter: 50 loss: 7.2861635089793708e-06
Iter: 51 loss: 8.7450331193394959e-05
Iter: 52 loss: 7.2077045842888765e-06
Iter: 53 loss: 8.661078754812479e-05
Iter: 54 loss: 7.1939766712603159e-06
Iter: 55 loss: 7.0095748014864512e-06
Iter: 56 loss: 6.8662166086141951e-06
Iter: 57 loss: 6.7496425799618009e-06
Iter: 58 loss: 6.64618210066692e-06
Iter: 59 loss: 7.85247357271146e-06
Iter: 60 loss: 6.4354885580542032e-06
Iter: 61 loss: 6.0533229770953767e-06
Iter: 62 loss: 6.01827196078375e-06
Iter: 63 loss: 5.7949137044488452e-06
Iter: 64 loss: 5.5658060773566831e-06
Iter: 65 loss: 5.124244125909172e-06
Iter: 66 loss: 4.7412149797310121e-06
Iter: 67 loss: 4.3410823309386615e-06
Iter: 68 loss: 3.2745915632403921e-06
Iter: 69 loss: 2.411738478258485e-06
Iter: 70 loss: 2.0044953998876736e-06
Iter: 71 loss: 1.953355649675359e-06
Iter: 72 loss: 1.8910174048869521e-06
Iter: 73 loss: 1.8131107708541094e-06
Iter: 74 loss: 1.7262722167288302e-06
Iter: 75 loss: 1.5859237691984163e-06
Iter: 76 loss: 1.479781872149033e-06
Iter: 77 loss: 1.3645635590364691e-06
Iter: 78 loss: 1.2718390962618287e-06
Iter: 79 loss: 1.1554900538612856e-06
Iter: 80 loss: 1.0885644314839737e-06
Iter: 81 loss: 1.0541830306465272e-06
Iter: 82 loss: 1.0193417665504967e-06
Iter: 83 loss: 9.62263015935605e-07
Iter: 84 loss: 9.3279669499679585e-07
Iter: 85 loss: 9.1822494141524658e-07
Iter: 86 loss: 9.0028788690688089e-07
Iter: 87 loss: 8.6517894715143484e-07
Iter: 88 loss: 8.1132145623996621e-07
Iter: 89 loss: 7.6021888162358664e-07
Iter: 90 loss: 6.6840499357567751e-07
Iter: 91 loss: 6.4494395246583736e-07
Iter: 92 loss: 6.2080624729787814e-07
Iter: 93 loss: 6.117606972111389e-07
Iter: 94 loss: 5.8905254718411015e-07
Iter: 95 loss: 5.6689884786464972e-07
Iter: 96 loss: 5.4555783890464227e-07
Iter: 97 loss: 5.0023675157717662e-07
Iter: 98 loss: 4.7946269887688686e-07
Iter: 99 loss: 4.6503774342454562e-07
Iter: 100 loss: 4.4700041712530947e-07
Iter: 101 loss: 4.2291776480851695e-07
Iter: 102 loss: 4.1402563510928303e-07
Iter: 103 loss: 4.0939511336546275e-07
Iter: 104 loss: 4.0509812038180826e-07
Iter: 105 loss: 3.9262104678527976e-07
Iter: 106 loss: 3.7513169104386179e-07
Iter: 107 loss: 3.6402997238838e-07
Iter: 108 loss: 3.4868546094912745e-07
Iter: 109 loss: 3.38575148361997e-07
Iter: 110 loss: 3.3324499781883787e-07
Iter: 111 loss: 3.2426197549284552e-07
Iter: 112 loss: 3.1836611924518365e-07
Iter: 113 loss: 3.1044754678077879e-07
Iter: 114 loss: 3.0361661629285663e-07
Iter: 115 loss: 2.9925621447546291e-07
Iter: 116 loss: 2.9550497515629104e-07
Iter: 117 loss: 2.9084736752338358e-07
Iter: 118 loss: 2.8705426302622072e-07
Iter: 119 loss: 2.8206500246596988e-07
Iter: 120 loss: 2.7599637064668059e-07
Iter: 121 loss: 2.6263029440087848e-07
Iter: 122 loss: 2.7270371560916828e-07
Iter: 123 loss: 2.5442486162319256e-07
Iter: 124 loss: 2.7655204348775442e-07
Iter: 125 loss: 2.5172735718115291e-07
Iter: 126 loss: 2.69293650489999e-07
Iter: 127 loss: 2.4771094331299537e-07
Iter: 128 loss: 2.3599075404945324e-07
Iter: 129 loss: 2.2969661017668841e-07
Iter: 130 loss: 2.2154192436119047e-07
Iter: 131 loss: 2.1289663720835961e-07
Iter: 132 loss: 2.0075688667020586e-07
Iter: 133 loss: 2.2637659924384934e-07
Iter: 134 loss: 1.9378623505872383e-07
Iter: 135 loss: 1.8539473956025176e-07
Iter: 136 loss: 1.7736297763804032e-07
Iter: 137 loss: 1.7238656369045202e-07
Iter: 138 loss: 1.6988371953630121e-07
Iter: 139 loss: 1.6668619196025247e-07
Iter: 140 loss: 1.5671233200009738e-07
Iter: 141 loss: 1.5187404756034084e-07
Iter: 142 loss: 1.4451362062573025e-07
Iter: 143 loss: 1.3475739990553848e-07
Iter: 144 loss: 1.7087991466269159e-07
Iter: 145 loss: 1.2645122637877648e-07
Iter: 146 loss: 1.4060978514862654e-07
Iter: 147 loss: 1.2471734578411997e-07
Iter: 148 loss: 1.1957607171098061e-07
Iter: 149 loss: 1.159323446131566e-07
Iter: 150 loss: 1.1218891415865073e-07
Iter: 151 loss: 1.0995294275062406e-07
Iter: 152 loss: 1.1065119309705551e-07
Iter: 153 loss: 1.0942240180611407e-07
Iter: 154 loss: 1.0828303231846803e-07
Iter: 155 loss: 1.0579907439023373e-07
Iter: 156 loss: 1.0837521813300555e-07
Iter: 157 loss: 1.0436667707836023e-07
Iter: 158 loss: 1.0222613866517349e-07
Iter: 159 loss: 1.0003488171150821e-07
Iter: 160 loss: 9.81805072797215e-08
Iter: 161 loss: 9.56419157205346e-08
Iter: 162 loss: 9.2120082229030231e-08
Iter: 163 loss: 8.8321293389981292e-08
Iter: 164 loss: 8.663992900892481e-08
Iter: 165 loss: 8.34437372532193e-08
Iter: 166 loss: 8.1383930705669627e-08
Iter: 167 loss: 7.8521836144318513e-08
Iter: 168 loss: 7.7541486120935588e-08
Iter: 169 loss: 7.5652692999028659e-08
Iter: 170 loss: 7.49802353539053e-08
Iter: 171 loss: 7.4243907022264466e-08
Iter: 172 loss: 7.35244256588885e-08
Iter: 173 loss: 7.1918435651241452e-08
Iter: 174 loss: 7.0939869090125285e-08
Iter: 175 loss: 6.9366699051442993e-08
Iter: 176 loss: 6.8380437312498543e-08
Iter: 177 loss: 6.7211097132258146e-08
Iter: 178 loss: 6.5977687313534261e-08
Iter: 179 loss: 6.433177190956485e-08
Iter: 180 loss: 6.1748792745675019e-08
Iter: 181 loss: 6.02902048285614e-08
Iter: 182 loss: 5.7927856289552437e-08
Iter: 183 loss: 5.824630378015172e-08
Iter: 184 loss: 5.6971543926920276e-08
Iter: 185 loss: 6.0234121690427855e-08
Iter: 186 loss: 5.57982282600733e-08
Iter: 187 loss: 5.2706987219153234e-08
Iter: 188 loss: 5.160836735740304e-08
Iter: 189 loss: 5.0725351030678212e-08
Iter: 190 loss: 5.0363286874244295e-08
Iter: 191 loss: 5.0185985145390077e-08
Iter: 192 loss: 4.9354930808931385e-08
Iter: 193 loss: 4.9455355366490039e-08
Iter: 194 loss: 4.8908749050724509e-08
Iter: 195 loss: 4.8554124276734e-08
Iter: 196 loss: 4.8217884796031285e-08
Iter: 197 loss: 4.7902311450798152e-08
Iter: 198 loss: 4.7334431485523965e-08
Iter: 199 loss: 4.6794269792371779e-08
Iter: 200 loss: 4.536811459843193e-08
Iter: 201 loss: 4.2972157388021515e-08
Iter: 202 loss: 4.1774633530167193e-08
Iter: 203 loss: 4.0855162808384193e-08
Iter: 204 loss: 3.872600018439698e-08
Iter: 205 loss: 3.7710769618115592e-08
Iter: 206 loss: 3.7289634491344259e-08
Iter: 207 loss: 3.6555888982547913e-08
Iter: 208 loss: 3.5960496802545094e-08
Iter: 209 loss: 3.5164532619091915e-08
Iter: 210 loss: 3.4408589755230423e-08
Iter: 211 loss: 3.5042205581703456e-08
Iter: 212 loss: 3.4128028403301869e-08
Iter: 213 loss: 3.3947106459208953e-08
Iter: 214 loss: 3.3731918591684007e-08
Iter: 215 loss: 3.331120979055413e-08
Iter: 216 loss: 3.3021450462911162e-08
Iter: 217 loss: 3.2604663857682681e-08
Iter: 218 loss: 3.1425365421000606e-08
Iter: 219 loss: 3.067183484972702e-08
Iter: 220 loss: 2.9057924066933083e-08
Iter: 221 loss: 2.8128431139862187e-08
Iter: 222 loss: 2.7490653309314439e-08
Iter: 223 loss: 2.6886599613362705e-08
Iter: 224 loss: 2.672632071210046e-08
Iter: 225 loss: 2.6613211190351649e-08
Iter: 226 loss: 2.6525700747015435e-08
Iter: 227 loss: 2.6312557466212638e-08
Iter: 228 loss: 2.5937273662179905e-08
Iter: 229 loss: 2.5536271763826335e-08
Iter: 230 loss: 2.5277026693970583e-08
Iter: 231 loss: 2.5076184684280634e-08
Iter: 232 loss: 2.5016081650619526e-08
Iter: 233 loss: 2.4970656653522383e-08
Iter: 234 loss: 2.4960423061770598e-08
Iter: 235 loss: 2.4937616416309538e-08
Iter: 236 loss: 2.4879483362383326e-08
Iter: 237 loss: 2.4781204643886667e-08
Iter: 238 loss: 2.45818903010786e-08
Iter: 239 loss: 2.4236646467556966e-08
Iter: 240 loss: 2.3896898682096435e-08
Iter: 241 loss: 2.3675148952406744e-08
Iter: 242 loss: 2.3537896964853644e-08
Iter: 243 loss: 2.3473271326679424e-08
Iter: 244 loss: 2.3415626770884046e-08
Iter: 245 loss: 2.3380275493423142e-08
Iter: 246 loss: 2.3345208433056541e-08
Iter: 247 loss: 2.3290937178899185e-08
Iter: 248 loss: 2.30184671323741e-08
Iter: 249 loss: 2.2741659222447197e-08
Iter: 250 loss: 2.2560435297691583e-08
Iter: 251 loss: 2.2427325774287965e-08
Iter: 252 loss: 2.2284176282028056e-08
Iter: 253 loss: 2.2220969952968517e-08
Iter: 254 loss: 2.217996986075832e-08
Iter: 255 loss: 2.2165185242783991e-08
Iter: 256 loss: 2.2142637945421484e-08
Iter: 257 loss: 2.2091658280487536e-08
Iter: 258 loss: 2.2028961765840904e-08
Iter: 259 loss: 2.1955418816332894e-08
Iter: 260 loss: 2.1911166214749755e-08
Iter: 261 loss: 2.1890883772357483e-08
Iter: 262 loss: 2.1853049148035097e-08
Iter: 263 loss: 2.1814113182472283e-08
Iter: 264 loss: 2.174517099717832e-08
Iter: 265 loss: 2.1605400135626951e-08
Iter: 266 loss: 2.1466751931598083e-08
Iter: 267 loss: 2.1388029125546382e-08
Iter: 268 loss: 2.1222851032121071e-08
Iter: 269 loss: 2.1128917282453585e-08
Iter: 270 loss: 2.1078331968737984e-08
Iter: 271 loss: 2.1010482242900252e-08
Iter: 272 loss: 2.1277170247913091e-08
Iter: 273 loss: 2.0927496180433991e-08
Iter: 274 loss: 3.7129794350221346e-08
Iter: 275 loss: 2.093437068140247e-08
Iter: 276 loss: 2.0889078911068282e-08
Iter: 277 loss: 2.0737456196684434e-08
Iter: 278 loss: 2.0609896012047102e-08
Iter: 279 loss: 2.057166348379269e-08
Iter: 280 loss: 2.0550999124679947e-08
Iter: 281 loss: 2.0531524924649602e-08
Iter: 282 loss: 2.0509599352180885e-08
Iter: 283 loss: 2.0474400841408169e-08
Iter: 284 loss: 2.0440532821908164e-08
Iter: 285 loss: 2.034413704166127e-08
Iter: 286 loss: 2.0211913920320512e-08
Iter: 287 loss: 2.0084439000811471e-08
Iter: 288 loss: 2.0087957963710323e-08
Iter: 289 loss: 2.0002739020696936e-08
Iter: 290 loss: 1.9982657306627516e-08
Iter: 291 loss: 1.9950457286199708e-08
Iter: 292 loss: 1.9891498226343174e-08
Iter: 293 loss: 1.9852130606068386e-08
Iter: 294 loss: 1.9817390395360235e-08
Iter: 295 loss: 1.9798578776430986e-08
Iter: 296 loss: 1.9786654092968092e-08
Iter: 297 loss: 1.9781383642225592e-08
Iter: 298 loss: 1.9774800463778774e-08
Iter: 299 loss: 1.9762481429097534e-08
Iter: 300 loss: 1.9745161949913381e-08
Iter: 301 loss: 1.971015706203616e-08
Iter: 302 loss: 1.9659676553374084e-08
Iter: 303 loss: 1.9589197819414039e-08
Iter: 304 loss: 1.9501873893545962e-08
Iter: 305 loss: 1.942617622319176e-08
Iter: 306 loss: 1.9507169213284214e-08
Iter: 307 loss: 1.9375494986206832e-08
Iter: 308 loss: 1.9301864995213691e-08
Iter: 309 loss: 1.9209611679116279e-08
Iter: 310 loss: 1.8932093226453617e-08
Iter: 311 loss: 4.026410849178319e-08
Iter: 312 loss: 1.8667186907350697e-08
Iter: 313 loss: 3.021557092666626
Iter: 314 loss: 1.8667186907350697e-08
Iter: 315 loss: 1.8591510553278567e-08
Iter: 316 loss: 1.8772245979903346e-08
Iter: 317 loss: 1.8356242748041041e-08
Iter: 318 loss: 1.874676058832847e-08
Iter: 319 loss: 1.8202069185235814e-08
Iter: 320 loss: 1.8124563183619102e-08
Iter: 321 loss: 1.8178781147071277e-08
Iter: 322 loss: 1.8093093245852288e-08
Iter: 323 loss: 1.8065552609414226e-08
Iter: 324 loss: 1.80294339457987e-08
Iter: 325 loss: 1.7997489720755766e-08
Iter: 326 loss: 1.7975564148287049e-08
Iter: 327 loss: 1.7942687335903429e-08
Iter: 328 loss: 1.7930414486500013e-08
Iter: 329 loss: 1.7917397343580888e-08
Iter: 330 loss: 1.7907662908100974e-08
Iter: 331 loss: 1.7879068892057148e-08
Iter: 332 loss: 1.7839971278021949e-08
Iter: 333 loss: 1.7797068707636754e-08
Iter: 334 loss: 1.7746057068279697e-08
Iter: 335 loss: 1.7701154320093337e-08
Iter: 336 loss: 1.7681106356803866e-08
Iter: 337 loss: 1.7645040983893523e-08
Iter: 338 loss: 1.7611631264458083e-08
Iter: 339 loss: 1.7569536936434815e-08
Iter: 340 loss: 1.7531295526396207e-08
Iter: 341 loss: 1.7479090175243073e-08
Iter: 342 loss: 1.7428778420480739e-08
Iter: 343 loss: 1.7366653892736394e-08
Iter: 344 loss: 1.7292066445406817e-08
Iter: 345 loss: 1.7230682658464502e-08
Iter: 346 loss: 1.7192061108062262e-08
Iter: 347 loss: 1.7174912159134692e-08
Iter: 348 loss: 1.715777031563448e-08
Iter: 349 loss: 1.715306119365323e-08
Iter: 350 loss: 1.7142474106890404e-08
Iter: 351 loss: 1.7127694817986594e-08
Iter: 352 loss: 1.7109163863437971e-08
Iter: 353 loss: 1.7071442925953306e-08
Iter: 354 loss: 1.700096952106378e-08
Iter: 355 loss: 1.68804223932284e-08
Iter: 356 loss: 1.678866468068918e-08
Iter: 357 loss: 1.6726072971096073e-08
Iter: 358 loss: 1.9032507125871234e-08
Iter: 359 loss: 1.6420258930338605e-08
Iter: 360 loss: 1.6400440117081416e-08
Iter: 361 loss: 1.6236842981243171e-08
Iter: 362 loss: 1.6576308325966238e-08
Iter: 363 loss: 1.6143182790528954e-08
Iter: 364 loss: 1.6119866330654986e-08
Iter: 365 loss: 1.6042147166217546e-08
Iter: 366 loss: 1.60318567310469e-08
Iter: 367 loss: 1.5992558388688849e-08
Iter: 368 loss: 1.5978779188685621e-08
Iter: 369 loss: 1.5960500476808193e-08
Iter: 370 loss: 1.5939175312951193e-08
Iter: 371 loss: 1.5924673135714329e-08
Iter: 372 loss: 1.5898939054181938e-08
Iter: 373 loss: 1.5878082848530539e-08
Iter: 374 loss: 1.5863980351582541e-08
Iter: 375 loss: 1.585278752713748e-08
Iter: 376 loss: 1.5845994738583613e-08
Iter: 377 loss: 1.5838192979344967e-08
Iter: 378 loss: 1.5822996246583898e-08
Iter: 379 loss: 1.5808801379080251e-08
Iter: 380 loss: 1.580234609832587e-08
Iter: 381 loss: 1.5796459251760098e-08
Iter: 382 loss: 1.5792048557727867e-08
Iter: 383 loss: 1.5785342810659131e-08
Iter: 384 loss: 1.5774759276609984e-08
Iter: 385 loss: 1.5764522132144521e-08
Iter: 386 loss: 1.5748799597758989e-08
Iter: 387 loss: 1.57309330006683e-08
Iter: 388 loss: 1.5748186754649396e-08
Iter: 389 loss: 1.5718816470666752e-08
Iter: 390 loss: 1.5689712640210018e-08
Iter: 391 loss: 1.5665257535601995e-08
Iter: 392 loss: 1.5657377616662416e-08
Iter: 393 loss: 1.5609639802960373e-08
Iter: 394 loss: 1.556593254292693e-08
Iter: 395 loss: 1.5521491647518815e-08
Iter: 396 loss: 1.5501248284977009e-08
Iter: 397 loss: 1.5449469259465332e-08
Iter: 398 loss: 1.5417512599924521e-08
Iter: 399 loss: 1.5360004823605777e-08
Iter: 400 loss: 1.5290025245917604e-08
Iter: 401 loss: 1.524495907290202e-08
Iter: 402 loss: 1.5238578399134894e-08
Iter: 403 loss: 1.5200097180922967e-08
Iter: 404 loss: 1.514594494267385e-08
Iter: 405 loss: 1.5091075056261616e-08
Iter: 406 loss: 1.5046845547317389e-08
Iter: 407 loss: 1.5030659383796774e-08
Iter: 408 loss: 1.5012753706855619e-08
Iter: 409 loss: 1.4991591967827844e-08
Iter: 410 loss: 1.4997363351199056e-08
Iter: 411 loss: 1.4980654938767657e-08
Iter: 412 loss: 1.4958652982954845e-08
Iter: 413 loss: 1.4919951496494832e-08
Iter: 414 loss: 1.4887628019266685e-08
Iter: 415 loss: 1.4836096795534104e-08
Iter: 416 loss: 1.4829616645783972e-08
Iter: 417 loss: 1.4793771541121714e-08
Iter: 418 loss: 1.4736789566427433e-08
Iter: 419 loss: 1.4704019335454177e-08
Iter: 420 loss: 1.4688632532511292e-08
Iter: 421 loss: 1.4673057435743431e-08
Iter: 422 loss: 1.4666746039893042e-08
Iter: 423 loss: 1.4657996594280576e-08
Iter: 424 loss: 1.4639480738765087e-08
Iter: 425 loss: 1.462830567788842e-08
Iter: 426 loss: 1.4613107168770512e-08
Iter: 427 loss: 1.4599052633457177e-08
Iter: 428 loss: 1.4589754293581336e-08
Iter: 429 loss: 1.4572249185107466e-08
Iter: 430 loss: 1.4553952709661644e-08
Iter: 431 loss: 1.4538379389250622e-08
Iter: 432 loss: 1.4520892932523566e-08
Iter: 433 loss: 1.45059804168568e-08
Iter: 434 loss: 1.4477825160952307e-08
Iter: 435 loss: 1.442761288217298e-08
Iter: 436 loss: 1.4359779143546803e-08
Iter: 437 loss: 1.4347267374148487e-08
Iter: 438 loss: 1.4313409124611098e-08
Iter: 439 loss: 1.4298658257416719e-08
Iter: 440 loss: 1.4284649019202789e-08
Iter: 441 loss: 1.4268056069965951e-08
Iter: 442 loss: 1.4231119394025882e-08
Iter: 443 loss: 1.4203990872374561e-08
Iter: 444 loss: 1.4207557796908077e-08
Iter: 445 loss: 1.4181327223639073e-08
Iter: 446 loss: 1.4151439131637744e-08
Iter: 447 loss: 1.4115930646596553e-08
Iter: 448 loss: 1.4102918832747946e-08
Iter: 449 loss: 1.4092944589094714e-08
Iter: 450 loss: 1.4083873622894316e-08
Iter: 451 loss: 1.4075196119733846e-08
Iter: 452 loss: 1.4056736219458799e-08
Iter: 453 loss: 1.4033031625615422e-08
Iter: 454 loss: 1.3993654235378017e-08
Iter: 455 loss: 1.3970074874691818e-08
Iter: 456 loss: 1.3963122214022405e-08
Iter: 457 loss: 1.3950651300831396e-08
Iter: 458 loss: 1.3942243803910515e-08
Iter: 459 loss: 1.3927942354996503e-08
Iter: 460 loss: 1.3898615591756425e-08
Iter: 461 loss: 1.3849478008864935e-08
Iter: 462 loss: 1.3798239884010854e-08
Iter: 463 loss: 1.4087012445429536e-08
Iter: 464 loss: 1.3771075835222746e-08
Iter: 465 loss: 1.3797782472124709e-08
Iter: 466 loss: 1.3723507663598866e-08
Iter: 467 loss: 1.3660442554908059e-08
Iter: 468 loss: 1.3629176009999355e-08
Iter: 469 loss: 1.3626018535717321e-08
Iter: 470 loss: 1.361438251024083e-08
Iter: 471 loss: 1.3608419280330963e-08
Iter: 472 loss: 1.3596624270917346e-08
Iter: 473 loss: 1.3577936108788435e-08
Iter: 474 loss: 1.3551861854921299e-08
Iter: 475 loss: 1.3511870733395881e-08
Iter: 476 loss: 1.3506792129192036e-08
Iter: 477 loss: 1.3470819126837341e-08
Iter: 478 loss: 1.3461990633345522e-08
Iter: 479 loss: 1.3448594238241185e-08
Iter: 480 loss: 1.3429155565347628e-08
Iter: 481 loss: 1.3416250332909385e-08
Iter: 482 loss: 1.3399009901604586e-08
Iter: 483 loss: 1.3372082996454537e-08
Iter: 484 loss: 1.3350549110668908e-08
Iter: 485 loss: 1.333771670886108e-08
Iter: 486 loss: 1.3318474323398277e-08
Iter: 487 loss: 1.3300021528550587e-08
Iter: 488 loss: 1.3286426181480238e-08
Iter: 489 loss: 1.327012988383558e-08
Iter: 490 loss: 1.3251198360819672e-08
Iter: 491 loss: 1.3231238327193751e-08
Iter: 492 loss: 1.3219048078383366e-08
Iter: 493 loss: 1.3208304672218674e-08
Iter: 494 loss: 1.3198172332806735e-08
Iter: 495 loss: 1.319095854768193e-08
Iter: 496 loss: 1.318062192723346e-08
Iter: 497 loss: 1.3166314261070511e-08
Iter: 498 loss: 1.3155700528955094e-08
Iter: 499 loss: 1.3144929589259391e-08
Iter: 500 loss: 1.3133922394104047e-08
Iter: 501 loss: 1.3126955522579919e-08
Iter: 502 loss: 1.3123437447859487e-08
Iter: 503 loss: 1.3121228548129693e-08
Iter: 504 loss: 1.3118994779404147e-08
Iter: 505 loss: 1.3116887132014199e-08
Iter: 506 loss: 1.3115737829139107e-08
Iter: 507 loss: 1.31135688974382e-08
Iter: 508 loss: 1.3110474483823964e-08
Iter: 509 loss: 1.3104521023876714e-08
Iter: 510 loss: 1.3099755946655023e-08
Iter: 511 loss: 1.3095631246073935e-08
Iter: 512 loss: 1.3093531592289764e-08
Iter: 513 loss: 1.3091622008687409e-08
Iter: 514 loss: 1.308717667569681e-08
Iter: 515 loss: 1.3077832150543145e-08
Iter: 516 loss: 1.3058598646864539e-08
Iter: 517 loss: 1.308279173883875e-08
Iter: 518 loss: 1.3050427405403298e-08
Iter: 519 loss: 1.3043136348755979e-08
Iter: 520 loss: 1.3023894851471596e-08
Iter: 521 loss: 1.3019584521600791e-08
Iter: 522 loss: 1.3003671028855024e-08
Iter: 523 loss: 1.2990516218280845e-08
Iter: 524 loss: 1.2970978957582702e-08
Iter: 525 loss: 1.29585444597069e-08
Iter: 526 loss: 1.2969470830626051e-08
Iter: 527 loss: 1.2951787198289821e-08
Iter: 528 loss: 1.2943684346566897e-08
Iter: 529 loss: 1.2937286797409797e-08
Iter: 530 loss: 1.2932565240930671e-08
Iter: 531 loss: 1.2927083403724282e-08
Iter: 532 loss: 1.2920705394492416e-08
Iter: 533 loss: 1.2911291591422014e-08
Iter: 534 loss: 1.2903521806606477e-08
Iter: 535 loss: 1.2897473311568319e-08
Iter: 536 loss: 1.2893371703626144e-08
Iter: 537 loss: 1.2889875833366204e-08
Iter: 538 loss: 1.2886050448912556e-08
Iter: 539 loss: 1.2883051958567648e-08
Iter: 540 loss: 1.2878817123862518e-08
Iter: 541 loss: 1.2876524735361272e-08
Iter: 542 loss: 1.2875355892560947e-08
Iter: 543 loss: 1.2874667554285679e-08
Iter: 544 loss: 1.2874201260615337e-08
Iter: 545 loss: 1.2872314769651894e-08
Iter: 546 loss: 1.2869111110092035e-08
Iter: 547 loss: 1.2864584952865243e-08
Iter: 548 loss: 1.28575452507107e-08
Iter: 549 loss: 1.2848984098923211e-08
Iter: 550 loss: 1.2838119900493439e-08
Iter: 551 loss: 1.2826276929445157e-08
Iter: 552 loss: 1.2810664529183668e-08
Iter: 553 loss: 1.2793509363007161e-08
Iter: 554 loss: 1.2777943148023496e-08
Iter: 555 loss: 1.2755229761296505e-08
Iter: 556 loss: 1.2732908949431021e-08
Iter: 557 loss: 1.2712116692625841e-08
Iter: 558 loss: 1.2690501982604019e-08
Iter: 559 loss: 1.2659407744308737e-08
Iter: 560 loss: 1.2688538220118062e-08
Iter: 561 loss: 1.2639891799892666e-08
Iter: 1 loss: 0.046603649854660034
Iter: 2 loss: 0.01664583757519722
Iter: 3 loss: 0.012263437733054161
Iter: 4 loss: 0.010590446181595325
Iter: 5 loss: 0.0093978270888328552
Iter: 6 loss: 0.0077830390073359013
Iter: 7 loss: 0.004452102817595005
Iter: 8 loss: 0.0039324932731688023
Iter: 9 loss: 0.0034669768065214157
Iter: 10 loss: 0.0034729926846921444
Iter: 11 loss: 0.0034032296389341354
Iter: 12 loss: 0.0033799975644797087
Iter: 13 loss: 0.00331357610411942
Iter: 14 loss: 0.0032166733872145414
Iter: 15 loss: 0.0031050159595906734
Iter: 16 loss: 0.0029388659168034792
Iter: 17 loss: 0.0027448732871562243
Iter: 18 loss: 0.0024648068938404322
Iter: 19 loss: 0.0027959216386079788
Iter: 20 loss: 0.0022462117485702038
Iter: 21 loss: 0.0021011692006140947
Iter: 22 loss: 0.0020259101875126362
Iter: 23 loss: 0.0019846272189170122
Iter: 24 loss: 0.0019475031876936555
Iter: 25 loss: 0.0019229326862841845
Iter: 26 loss: 0.001876343390904367
Iter: 27 loss: 0.0018268534913659096
Iter: 28 loss: 0.0017942428821697831
Iter: 29 loss: 0.0017825117101892829
Iter: 30 loss: 0.00177631969563663
Iter: 31 loss: 0.0017645334592089057
Iter: 32 loss: 0.0017451081657782197
Iter: 33 loss: 0.0017172542866319418
Iter: 34 loss: 0.001697277300991118
Iter: 35 loss: 0.0016842272598296404
Iter: 36 loss: 0.0016788952052593231
Iter: 37 loss: 0.001676234183833003
Iter: 38 loss: 0.0016713358927518129
Iter: 39 loss: 0.0016555807087570429
Iter: 40 loss: 0.0016446441877633333
Iter: 41 loss: 0.0016371399397030473
Iter: 42 loss: 0.0016320452559739351
Iter: 43 loss: 0.0016275901580229402
Iter: 44 loss: 0.0016227966407313943
Iter: 45 loss: 0.0016164954286068678
Iter: 46 loss: 0.0016113467281684279
Iter: 47 loss: 0.0016056761378422379
Iter: 48 loss: 0.0016020576003938913
Iter: 49 loss: 0.0016003802884370089
Iter: 50 loss: 0.0015998911112546921
Iter: 51 loss: 0.0015991672407835722
Iter: 52 loss: 0.0015969533706083894
Iter: 53 loss: 0.0015955986455082893
Iter: 54 loss: 0.001593463122844696
Iter: 55 loss: 0.0015928095672279596
Iter: 56 loss: 0.0015925917541608214
Iter: 57 loss: 0.0015923194587230682
Iter: 58 loss: 0.0015916656702756882
Iter: 59 loss: 0.0015904232859611511
Iter: 60 loss: 0.0015890195500105619
Iter: 61 loss: 0.0015871562063694
Iter: 62 loss: 0.0015841195126995444
Iter: 63 loss: 0.0015810303157195449
Iter: 64 loss: 0.001578183495439589
Iter: 65 loss: 0.001575582311488688
Iter: 66 loss: 0.0015742902178317308
Iter: 67 loss: 0.0015738926595076919
Iter: 68 loss: 0.00157325086183846
Iter: 69 loss: 0.0015728542348369956
Iter: 70 loss: 0.0015724645927548409
Iter: 71 loss: 0.0015719659859314561
Iter: 72 loss: 0.0015710812294855714
Iter: 73 loss: 0.0015691885491833091
Iter: 74 loss: 0.0015657879412174225
Iter: 75 loss: 0.0015650335699319839
Iter: 76 loss: 0.0016733028460294008
Iter: 77 loss: 0.0015632023569196463
Iter: 78 loss: 0.0015722481766715646
Iter: 79 loss: 0.001561969518661499
Iter: 80 loss: 0.0015608572866767645
Iter: 81 loss: 0.0015602995408698916
Iter: 82 loss: 0.0015598336467519403
Iter: 83 loss: 0.0015596072189509869
Iter: 84 loss: 0.0015594388823956251
Iter: 85 loss: 0.0015590213006362319
Iter: 86 loss: 0.0015582258347421885
Iter: 87 loss: 0.00155582872685045
Iter: 88 loss: 0.0015517259016633034
Iter: 89 loss: 0.0015490665100514889
Iter: 90 loss: 0.0015473447274416685
Iter: 91 loss: 0.0015463492600247264
Iter: 92 loss: 0.0015459962887689471
Iter: 93 loss: 0.0015450272476300597
Iter: 94 loss: 0.0015443384181708097
Iter: 95 loss: 0.0015431017382070422
Iter: 96 loss: 0.0015415002126246691
Iter: 97 loss: 0.001539339660666883
Iter: 98 loss: 0.0015375481452792883
Iter: 99 loss: 0.0015366791049018502
Iter: 100 loss: 0.0015361038967967033
Iter: 101 loss: 0.0015364282298833132
Iter: 102 loss: 0.0015357322990894318
Iter: 103 loss: 0.001535255229100585
Iter: 104 loss: 0.0015344138955697417
Iter: 105 loss: 0.0015541909961029887
Iter: 106 loss: 0.0015318344812840223
Iter: 107 loss: 0.0015290522715076804
Iter: 108 loss: 0.0015275791520252824
Iter: 109 loss: 0.0015254823956638575
Iter: 110 loss: 0.0015236766776069999
Iter: 111 loss: 0.0015224957605823874
Iter: 112 loss: 0.0015220220666378736
Iter: 113 loss: 0.0015214291634038091
Iter: 114 loss: 0.0015200183261185884
Iter: 115 loss: 0.0015176904853433371
Iter: 116 loss: 0.0015151253901422024
Iter: 117 loss: 0.0015235949540510774
Iter: 118 loss: 0.0015107155777513981
Iter: 119 loss: 0.001510529313236475
Iter: 120 loss: 0.0015084294136613607
Iter: 121 loss: 0.0015077550197020173
Iter: 122 loss: 0.0015066844644024968
Iter: 123 loss: 0.0015039235586300492
Iter: 124 loss: 0.0015013876836746931
Iter: 125 loss: 0.0015077918069437146
Iter: 126 loss: 0.0015002207364887
Iter: 127 loss: 0.0014992889482527971
Iter: 128 loss: 0.0014984558802098036
Iter: 129 loss: 0.0014961531851440668
Iter: 130 loss: 0.0014950607437640429
Iter: 131 loss: 0.0014931192854419351
Iter: 132 loss: 0.0014918807428330183
Iter: 133 loss: 0.0014911217149347067
Iter: 134 loss: 0.0014902390539646149
Iter: 135 loss: 0.0014895722270011902
Iter: 136 loss: 0.0014888390433043242
Iter: 137 loss: 0.0014873284380882978
Iter: 138 loss: 0.0014853108441457152
Iter: 139 loss: 0.0014852040912956
Iter: 140 loss: 0.0014840976800769567
Iter: 141 loss: 0.0014823587844148278
Iter: 142 loss: 0.0014807891566306353
Iter: 143 loss: 0.001480024540796876
Iter: 144 loss: 0.0014783658552914858
Iter: 145 loss: 0.0014772742288187146
Iter: 146 loss: 0.0014753012219443917
Iter: 147 loss: 0.0014743320643901825
Iter: 148 loss: 0.0014728965470567346
Iter: 149 loss: 0.0014724459033459425
Iter: 150 loss: 0.0014720020117238164
Iter: 151 loss: 0.0014718605671077967
Iter: 152 loss: 0.0014714030548930168
Iter: 153 loss: 0.0014704089844599366
Iter: 154 loss: 0.0014698980376124382
Iter: 155 loss: 0.0014686929062008858
Iter: 156 loss: 0.0014664605259895325
Iter: 157 loss: 0.0014633809914812446
Iter: 158 loss: 0.0014647369971498847
Iter: 159 loss: 0.0014616058906540275
Iter: 160 loss: 0.0014587044715881348
Iter: 161 loss: 0.0014568468322977424
Iter: 162 loss: 0.0014572667423635721
Iter: 163 loss: 0.0014558106195181608
Iter: 164 loss: 0.0014546869788318872
Iter: 165 loss: 0.0014537324896082282
Iter: 166 loss: 0.0014535458758473396
Iter: 167 loss: 0.0014524434227496386
Iter: 168 loss: 0.001450577168725431
Iter: 169 loss: 0.001449681119993329
Iter: 170 loss: 0.0014488216256722808
Iter: 171 loss: 0.001448633149266243
Iter: 172 loss: 0.0014478953089565039
Iter: 173 loss: 0.0014476298820227385
Iter: 174 loss: 0.0014467246364802122
Iter: 175 loss: 0.0014436267083510756
Iter: 176 loss: 0.0014638490974903107
Iter: 177 loss: 0.0014413102762773633
Iter: 178 loss: 0.0014547088649123907
Iter: 179 loss: 0.001438438193872571
Iter: 180 loss: 0.0014341857749968767
Iter: 181 loss: 0.0014435570919886231
Iter: 182 loss: 0.0014314444269984961
Iter: 183 loss: 0.0014302388299256563
Iter: 184 loss: 0.0014356516767293215
Iter: 185 loss: 0.0014293920248746872
Iter: 186 loss: 0.0014285014476627111
Iter: 187 loss: 0.0014275124995037913
Iter: 188 loss: 0.001426603295840323
Iter: 189 loss: 0.0014250620733946562
Iter: 190 loss: 0.0014230847591534257
Iter: 191 loss: 0.0014218132710084319
Iter: 192 loss: 0.0014211575035005808
Iter: 193 loss: 0.0014205881161615252
Iter: 194 loss: 0.0014199118595570326
Iter: 195 loss: 0.0014190607471391559
Iter: 196 loss: 0.0014182671438902617
Iter: 197 loss: 0.0014166550245136023
Iter: 198 loss: 0.0014154200907796621
Iter: 199 loss: 0.0014145643217489123
Iter: 200 loss: 0.0014136933023110032
Iter: 201 loss: 0.00141228549182415
Iter: 202 loss: 0.001410031458362937
Iter: 203 loss: 0.0014078256208449602
Iter: 204 loss: 0.0014087491435930133
Iter: 205 loss: 0.0014070972101762891
Iter: 206 loss: 0.001406486495397985
Iter: 207 loss: 0.0014059229288250208
Iter: 208 loss: 0.0014054742641746998
Iter: 209 loss: 0.00140488357283175
Iter: 210 loss: 0.0014041448011994362
Iter: 211 loss: 0.0014035413041710854
Iter: 212 loss: 0.0014031255850568414
Iter: 213 loss: 0.0014027545694261789
Iter: 214 loss: 0.0014023587573319674
Iter: 215 loss: 0.0014007135760039091
Iter: 216 loss: 0.0013991921441629529
Iter: 217 loss: 0.0013975865440443158
Iter: 218 loss: 0.001396269304677844
Iter: 219 loss: 0.0013955577742308378
Iter: 220 loss: 0.0013949022395536304
Iter: 221 loss: 0.0013942582299932837
Iter: 222 loss: 0.0013940571807324886
Iter: 223 loss: 0.0013939397176727653
Iter: 224 loss: 0.0013938343618065119
Iter: 225 loss: 0.0013936201576143503
Iter: 226 loss: 0.0013932453002780676
Iter: 227 loss: 0.0013924506492912769
Iter: 228 loss: 0.0013906012754887342
Iter: 229 loss: 0.0013889248948544264
Iter: 230 loss: 0.0013882594648748636
Iter: 231 loss: 0.0013875594595447183
Iter: 232 loss: 0.0013863594504073262
Iter: 233 loss: 0.0013854865683242679
Iter: 234 loss: 0.0013839703751727939
Iter: 235 loss: 0.0013837252045050263
Iter: 236 loss: 0.0013832818949595094
Iter: 237 loss: 0.0013832045951858163
Iter: 238 loss: 0.0013831075048074126
Iter: 239 loss: 0.0013830696698278189
Iter: 240 loss: 0.0013830024981871247
Iter: 241 loss: 0.0013827288057655096
Iter: 242 loss: 0.0013818172737956047
Iter: 243 loss: 0.0013802747707813978
Iter: 244 loss: 0.0013786570634692907
Iter: 245 loss: 0.0013830584939569235
Iter: 246 loss: 0.0013779050204902887
Iter: 247 loss: 0.0013771724188700318
Iter: 248 loss: 0.0013766490155830979
Iter: 249 loss: 0.0013763228198513389
Iter: 250 loss: 0.0013761933660134673
Iter: 251 loss: 0.0013760728761553764
Iter: 252 loss: 0.0013759529683738947
Iter: 253 loss: 0.0013758542481809855
Iter: 254 loss: 0.0013756755506619811
Iter: 255 loss: 0.0013754178071394563
Iter: 256 loss: 0.001374822692014277
Iter: 257 loss: 0.0013732465449720621
Iter: 258 loss: 0.0013711241772398353
Iter: 259 loss: 0.0013694835361093283
Iter: 260 loss: 0.0013684954028576612
Iter: 261 loss: 0.0013689100742340088
Iter: 262 loss: 0.0013676835224032402
Iter: 263 loss: 0.0013675076188519597
Iter: 264 loss: 0.0013670477783307433
Iter: 265 loss: 0.0013668533647432923
Iter: 266 loss: 0.0013665275182574987
Iter: 267 loss: 0.0013658457901328802
Iter: 268 loss: 0.0013649890897795558
Iter: 269 loss: 0.0013636586954817176
Iter: 270 loss: 0.0013619674136862159
Iter: 271 loss: 0.0013611124595627189
Iter: 272 loss: 0.0013586904387921095
Iter: 273 loss: 0.0013576393248513341
Iter: 274 loss: 0.0013561294181272388
Iter: 275 loss: 0.0013550526928156614
Iter: 276 loss: 0.0013545353431254625
Iter: 277 loss: 0.0013545452384278178
Iter: 278 loss: 0.0013542406959459186
Iter: 279 loss: 0.0013541864464059472
Iter: 280 loss: 0.0013539878418669105
Iter: 281 loss: 0.0013537004124373198
Iter: 282 loss: 0.0013535197358578444
Iter: 283 loss: 0.0013533737510442734
Iter: 284 loss: 0.001353240804746747
Iter: 285 loss: 0.0013530623400583863
Iter: 286 loss: 0.0013529387069866061
Iter: 287 loss: 0.0013527348637580872
Iter: 288 loss: 0.0013525404501706362
Iter: 289 loss: 0.0013523127418011427
Iter: 290 loss: 0.0013521111104637384
Iter: 291 loss: 0.0013519892236217856
Iter: 292 loss: 0.0013518460327759385
Iter: 293 loss: 0.0013517139013856649
Iter: 294 loss: 0.0013515284517779946
Iter: 295 loss: 0.0013512498699128628
Iter: 296 loss: 0.0013506783870980144
Iter: 297 loss: 0.0013496528845280409
Iter: 298 loss: 0.0013472680002450943
Iter: 299 loss: 0.0013477206230163574
Iter: 300 loss: 0.0013451394625008106
Iter: 301 loss: 0.0013401107862591743
Iter: 302 loss: 0.0015986214857548475
Iter: 303 loss: 0.0013380767777562141
Iter: 304 loss: 0.0013485257513821125
Iter: 305 loss: 0.0013342997990548611
Iter: 306 loss: 0.0013498507905751467
Iter: 307 loss: 0.0013330079382285476
Iter: 308 loss: 0.00133389956317842
Iter: 309 loss: 0.0013317983830347657
Iter: 310 loss: 0.0013321449514478445
Iter: 311 loss: 0.001330995000898838
Iter: 312 loss: 0.0013313780073076487
Iter: 313 loss: 0.0013303834712132812
Iter: 314 loss: 0.001329103484749794
Iter: 315 loss: 0.0013278110418468714
Iter: 316 loss: 0.0013265495654195547
Iter: 317 loss: 0.0013257802929729223
Iter: 318 loss: 0.0013256435049697757
Iter: 319 loss: 0.0013253104407340288
Iter: 320 loss: 0.001324643730185926
Iter: 321 loss: 0.0013234399957582355
Iter: 322 loss: 0.0013208936434239149
Iter: 323 loss: 0.0013269237242639065
Iter: 324 loss: 0.0013197239022701979
Iter: 325 loss: 0.0013213028432801366
Iter: 326 loss: 0.0013186723226681352
Iter: 327 loss: 0.0013389729429036379
Iter: 328 loss: 0.0013178614899516106
Iter: 329 loss: 0.0013178553199395537
Iter: 330 loss: 0.001317020389251411
Iter: 331 loss: 0.0013168571749702096
Iter: 332 loss: 0.0013162983814254403
Iter: 333 loss: 0.0013162227114662528
Iter: 334 loss: 0.0013156586792320013
Iter: 335 loss: 0.0013154374901205301
Iter: 336 loss: 0.0013151729945093393
Iter: 337 loss: 0.0013147785793989897
Iter: 338 loss: 0.0013145273551344872
Iter: 339 loss: 0.0013140768278390169
Iter: 340 loss: 0.0013136367779225111
Iter: 341 loss: 0.0013130740262567997
Iter: 342 loss: 0.0013122520176693797
Iter: 343 loss: 0.0013104837853461504
Iter: 344 loss: 0.0013081331271678209
Iter: 345 loss: 0.0013046928215771914
Iter: 346 loss: 0.0013052044669166207
Iter: 347 loss: 0.0013034214498475194
Iter: 348 loss: 0.0013028407702222466
Iter: 349 loss: 0.0013015139847993851
Iter: 350 loss: 0.0013000428443774581
Iter: 351 loss: 0.0012987303780391812
Iter: 352 loss: 0.001296647940762341
Iter: 353 loss: 0.0012934154365211725
Iter: 354 loss: 0.0012889213394373655
Iter: 355 loss: 0.0012898112181574106
Iter: 356 loss: 0.001286372309550643
Iter: 357 loss: 0.0012827010359615088
Iter: 358 loss: 0.0012803863501176238
Iter: 359 loss: 0.0012791026383638382
Iter: 360 loss: 0.0012753794435411692
