==========================================
SLURM_JOB_ID = 9520901
SLURM_SUBMIT_DIR = /home/qhaomin/NNHJB/src
SLURM_JOB_NODELIST = mgpu02
==========================================
Iteration 0
Elapsed time for kappa 84.9909 sec
Elapsed time for experts 27.1079 sec
Elapsed time for households 24.6120 sec
Iteration 1
Elapsed time for kappa 64.7315 sec
Elapsed time for experts 39.2232 sec
Elapsed time for households 40.2849 sec
Iteration 2
Elapsed time for kappa 24.4272 sec
Elapsed time for experts 43.4163 sec
Elapsed time for households 9.5817 sec
Iteration 3
Elapsed time for kappa 88.4844 sec
Elapsed time for experts 19.4141 sec
Elapsed time for households 9.1931 sec
Iteration 4
Elapsed time for kappa 60.6457 sec
Elapsed time for experts 44.7846 sec
Elapsed time for households 9.2354 sec
Iteration 5
Elapsed time for kappa 44.2774 sec
Elapsed time for experts 15.0378 sec
Elapsed time for households 14.8771 sec
Iteration 6
Elapsed time for kappa 71.9061 sec
Elapsed time for experts 18.6961 sec
Elapsed time for households 65.0822 sec
Iteration 7
Elapsed time for kappa 51.9598 sec
Elapsed time for experts 25.9762 sec
Elapsed time for households 22.5435 sec
Iteration 8
Elapsed time for kappa 35.3027 sec
Elapsed time for experts 90.1443 sec
Elapsed time for households 32.6013 sec
Iteration 9
Elapsed time for kappa 50.8178 sec
Elapsed time for experts 74.8928 sec
Elapsed time for households 56.2735 sec
Elapsed time for training 1261.3894 sec
