==========================================
SLURM_JOB_ID = 9526460
SLURM_SUBMIT_DIR = /home/qhaomin/NNHJB/src
SLURM_JOB_NODELIST = mgpu02
==========================================
Iteration 0
Elapsed time for kappa 90.2906 sec
Elapsed time for experts 44.7679 sec
Elapsed time for households 10.6404 sec
Iteration 1
Elapsed time for kappa 62.6963 sec
Elapsed time for experts 39.8821 sec
Elapsed time for households 38.2131 sec
Iteration 2
Elapsed time for kappa 15.7604 sec
Elapsed time for experts 40.2729 sec
Elapsed time for households 38.4233 sec
Iteration 3
Elapsed time for kappa 60.4079 sec
Elapsed time for experts 40.7794 sec
Elapsed time for households 37.9123 sec
Iteration 4
Elapsed time for kappa 57.0825 sec
Elapsed time for experts 40.8733 sec
Elapsed time for households 6.7236 sec
Iteration 5
Elapsed time for kappa 14.2173 sec
Elapsed time for experts 44.4205 sec
Elapsed time for households 39.9304 sec
Iteration 6
Elapsed time for kappa 58.5295 sec
Elapsed time for experts 42.1063 sec
Elapsed time for households 6.3129 sec
Iteration 7
Elapsed time for kappa 57.8436 sec
Elapsed time for experts 41.8725 sec
Elapsed time for households 40.1529 sec
Iteration 8
Elapsed time for kappa 58.0806 sec
Elapsed time for experts 41.7218 sec
Elapsed time for households 39.6776 sec
Iteration 9
Elapsed time for kappa 16.9357 sec
Elapsed time for experts 44.4063 sec
Elapsed time for households 37.8757 sec
Elapsed time for training 1209.4729 sec
