==========================================
SLURM_JOB_ID = 9536014
SLURM_SUBMIT_DIR = /home/qhaomin/NNHJB/src
SLURM_JOB_NODELIST = mgpu01
==========================================
Iteration 0
Elapsed time for kappa 136.9808 sec
Elapsed time for experts 84.3860 sec
Elapsed time for households 80.7554 sec
Iteration 1
Elapsed time for kappa 26.3828 sec
Elapsed time for experts 78.5935 sec
Elapsed time for households 78.8992 sec
Iteration 2
Elapsed time for kappa 22.8537 sec
Elapsed time for experts 80.5176 sec
Elapsed time for households 78.0322 sec
Iteration 3
Elapsed time for kappa 26.4084 sec
Elapsed time for experts 77.5739 sec
Elapsed time for households 75.8150 sec
Iteration 4
Elapsed time for kappa 24.6714 sec
Elapsed time for experts 79.0385 sec
Elapsed time for households 77.8722 sec
Iteration 5
Elapsed time for kappa 23.9048 sec
Elapsed time for experts 78.1610 sec
Elapsed time for households 75.1739 sec
Iteration 6
Elapsed time for kappa 24.7429 sec
Elapsed time for experts 77.3423 sec
Elapsed time for households 76.2492 sec
Iteration 7
Elapsed time for kappa 22.7264 sec
Elapsed time for experts 78.2980 sec
Elapsed time for households 39.0663 sec
Iteration 8
Elapsed time for kappa 22.4520 sec
Elapsed time for experts 78.4445 sec
Elapsed time for households 48.1015 sec
Iteration 9
Elapsed time for kappa 23.6703 sec
Elapsed time for experts 77.8684 sec
Elapsed time for households 37.8284 sec
Elapsed time for training 1813.7592 sec
