==========================================
SLURM_JOB_ID = 9526436
SLURM_SUBMIT_DIR = /home/qhaomin/NNHJB/src
SLURM_JOB_NODELIST = mgpu02
==========================================
Iteration 0
Elapsed time for kappa 89.0498 sec
Elapsed time for experts 45.2831 sec
Elapsed time for households 41.5302 sec
Iteration 1
Elapsed time for kappa 22.6661 sec
Elapsed time for experts 39.4214 sec
Elapsed time for households 38.3406 sec
Iteration 2
Elapsed time for kappa 25.2808 sec
Elapsed time for experts 40.0913 sec
Elapsed time for households 38.8212 sec
Iteration 3
Elapsed time for kappa 30.5806 sec
Elapsed time for experts 40.4784 sec
Elapsed time for households 38.9697 sec
Iteration 4
Elapsed time for kappa 23.6425 sec
Elapsed time for experts 7.5629 sec
Elapsed time for households 38.8582 sec
Iteration 5
Elapsed time for kappa 39.3550 sec
Elapsed time for experts 44.1613 sec
Elapsed time for households 27.5999 sec
Iteration 6
Elapsed time for kappa 57.6664 sec
Elapsed time for experts 41.0281 sec
Elapsed time for households 10.2623 sec
Iteration 7
Elapsed time for kappa 21.5073 sec
Elapsed time for experts 8.5769 sec
Elapsed time for households 9.9318 sec
Iteration 8
Elapsed time for kappa 22.4866 sec
Elapsed time for experts 8.2574 sec
Elapsed time for households 8.0780 sec
Iteration 9
Elapsed time for kappa 26.9009 sec
Elapsed time for experts 39.1731 sec
Elapsed time for households 38.9421 sec
Elapsed time for training 965.1644 sec
