==========================================
SLURM_JOB_ID = 9526438
SLURM_SUBMIT_DIR = /home/qhaomin/NNHJB/src
SLURM_JOB_NODELIST = mgpu02
==========================================
Iteration 0
Elapsed time for kappa 86.6708 sec
Elapsed time for experts 45.2512 sec
Elapsed time for households 40.5262 sec
Iteration 1
Elapsed time for kappa 60.5397 sec
Elapsed time for experts 41.0166 sec
Elapsed time for households 37.8483 sec
Iteration 2
Elapsed time for kappa 59.8662 sec
Elapsed time for experts 40.5563 sec
Elapsed time for households 38.3303 sec
Iteration 3
Elapsed time for kappa 21.6464 sec
Elapsed time for experts 40.6537 sec
Elapsed time for households 38.0682 sec
Iteration 4
Elapsed time for kappa 23.7807 sec
Elapsed time for experts 40.3644 sec
Elapsed time for households 37.5202 sec
Iteration 5
Elapsed time for kappa 24.2688 sec
Elapsed time for experts 40.9966 sec
Elapsed time for households 38.7122 sec
Iteration 6
Elapsed time for kappa 23.4859 sec
Elapsed time for experts 40.6030 sec
Elapsed time for households 38.3241 sec
Iteration 7
Elapsed time for kappa 25.2684 sec
Elapsed time for experts 40.7477 sec
Elapsed time for households 37.0102 sec
Iteration 8
Elapsed time for kappa 22.6973 sec
Elapsed time for experts 40.4149 sec
Elapsed time for households 38.0229 sec
Iteration 9
Elapsed time for kappa 19.8973 sec
Elapsed time for experts 39.9169 sec
Elapsed time for households 37.0785 sec
Elapsed time for training 1160.7396 sec
