==========================================
SLURM_JOB_ID = 9526462
SLURM_SUBMIT_DIR = /home/qhaomin/NNHJB/src
SLURM_JOB_NODELIST = mgpu02
==========================================
Iteration 0
Elapsed time for kappa 57.3126 sec
Elapsed time for experts 48.2653 sec
Elapsed time for households 40.6212 sec
Iteration 1
Elapsed time for kappa 65.1212 sec
Elapsed time for experts 41.5574 sec
Elapsed time for households 39.1446 sec
Iteration 2
Elapsed time for kappa 57.3960 sec
Elapsed time for experts 40.4237 sec
Elapsed time for households 37.6836 sec
Iteration 3
Elapsed time for kappa 27.2383 sec
Elapsed time for experts 40.1286 sec
Elapsed time for households 38.8155 sec
Iteration 4
Elapsed time for kappa 15.5057 sec
Elapsed time for experts 39.6806 sec
Elapsed time for households 38.3738 sec
Iteration 5
Elapsed time for kappa 18.5524 sec
Elapsed time for experts 41.5684 sec
Elapsed time for households 39.1556 sec
Iteration 6
Elapsed time for kappa 15.3103 sec
Elapsed time for experts 40.9743 sec
Elapsed time for households 6.2829 sec
Iteration 7
Elapsed time for kappa 15.3321 sec
Elapsed time for experts 7.5626 sec
Elapsed time for households 37.8718 sec
Iteration 8
Elapsed time for kappa 15.3394 sec
Elapsed time for experts 7.3914 sec
Elapsed time for households 37.4080 sec
Iteration 9
Elapsed time for kappa 14.0935 sec
Elapsed time for experts 41.8335 sec
Elapsed time for households 37.3657 sec
Elapsed time for training 1003.9707 sec
