==========================================
SLURM_JOB_ID = 9536055
SLURM_SUBMIT_DIR = /home/qhaomin/NNHJB/src
SLURM_JOB_NODELIST = mgpu02
==========================================
Iteration 0
Elapsed time for kappa 156.6957 sec
Elapsed time for experts 89.7038 sec
Elapsed time for households 81.9884 sec
Iteration 1
Elapsed time for kappa 21.6899 sec
Elapsed time for experts 83.7762 sec
Elapsed time for households 78.4525 sec
Iteration 2
Elapsed time for kappa 123.8377 sec
Elapsed time for experts 12.5014 sec
Elapsed time for households 12.8015 sec
Iteration 3
Elapsed time for kappa 118.9275 sec
Elapsed time for experts 86.0910 sec
Elapsed time for households 78.2633 sec
Iteration 4
Elapsed time for kappa 122.0767 sec
Elapsed time for experts 83.7062 sec
Elapsed time for households 77.7410 sec
Iteration 5
Elapsed time for kappa 24.1598 sec
Elapsed time for experts 86.1044 sec
Elapsed time for households 79.9602 sec
Iteration 6
Elapsed time for kappa 25.3829 sec
Elapsed time for experts 83.9104 sec
Elapsed time for households 78.6779 sec
Iteration 7
Elapsed time for kappa 30.4171 sec
Elapsed time for experts 82.8649 sec
Elapsed time for households 76.1656 sec
Iteration 8
Elapsed time for kappa 24.4903 sec
Elapsed time for experts 12.1122 sec
Elapsed time for households 77.3350 sec
Iteration 9
Elapsed time for kappa 126.3954 sec
Elapsed time for experts 86.6075 sec
Elapsed time for households 76.9928 sec
Elapsed time for training 2200.9047 sec
