==========================================
SLURM_JOB_ID = 9526435
SLURM_SUBMIT_DIR = /home/qhaomin/NNHJB/src
SLURM_JOB_NODELIST = mgpu02
==========================================
Iteration 0
Elapsed time for kappa 89.7909 sec
Elapsed time for experts 46.2161 sec
Elapsed time for households 40.8976 sec
Iteration 1
Elapsed time for kappa 60.7700 sec
Elapsed time for experts 41.8514 sec
Elapsed time for households 37.7864 sec
Iteration 2
Elapsed time for kappa 21.8138 sec
Elapsed time for experts 41.0765 sec
Elapsed time for households 38.0716 sec
Iteration 3
Elapsed time for kappa 24.0585 sec
Elapsed time for experts 40.8160 sec
Elapsed time for households 39.0517 sec
Iteration 4
Elapsed time for kappa 62.9958 sec
Elapsed time for experts 41.1900 sec
Elapsed time for households 37.3595 sec
Iteration 5
Elapsed time for kappa 21.4876 sec
Elapsed time for experts 41.2744 sec
Elapsed time for households 38.3615 sec
Iteration 6
Elapsed time for kappa 15.5117 sec
Elapsed time for experts 40.4552 sec
Elapsed time for households 37.0530 sec
Iteration 7
Elapsed time for kappa 17.0543 sec
Elapsed time for experts 40.5960 sec
Elapsed time for households 37.9061 sec
Iteration 8
Elapsed time for kappa 15.8446 sec
Elapsed time for experts 40.7661 sec
Elapsed time for households 38.1740 sec
Iteration 9
Elapsed time for kappa 14.5135 sec
Elapsed time for experts 39.8653 sec
Elapsed time for households 36.9714 sec
Elapsed time for training 1140.2380 sec
