/var/lib/slurmd/job9536021/slurm_script: line 16: /home/qhaomin/venv/tensorflow-gpu/bin/activate: No such file or directory
2022-07-24 22:28:08.538739: I tensorflow/core/platform/cpu_feature_guard.cc:151] This TensorFlow binary is optimized with oneAPI Deep Neural Network Library (oneDNN) to use the following CPU instructions in performance-critical operations:  AVX2 FMA
To enable them in other operations, rebuild TensorFlow with the appropriate compiler flags.
2022-07-24 22:28:09.372299: I tensorflow/core/common_runtime/gpu/gpu_device.cc:1525] Created device /job:localhost/replica:0/task:0/device:GPU:0 with 10794 MB memory:  -> device: 0, name: Tesla K80, pci bus id: 0000:0d:00.0, compute capability: 3.7
Iter: 1 loss: 0.00015928366337902844
Iter: 2 loss: 0.00010269996710121632
Iter: 3 loss: 9.1197922301944345e-05
Iter: 4 loss: 8.90698138391599e-05
Iter: 5 loss: 5.5508920922875404e-05
Iter: 6 loss: 2.2451935365097597e-05
Iter: 7 loss: 1.17911813504179e-05
Iter: 8 loss: 1.0641405424394179e-05
Iter: 9 loss: 1.0481565368536394e-05
Iter: 10 loss: 2.1470328647410497e-05
Iter: 11 loss: 1.0517386726860423e-05
Iter: 12 loss: 1.0413235941086896e-05
Iter: 13 loss: 8.6206364358076826e-06
Iter: 14 loss: 7.9564133557141759e-06
Iter: 15 loss: 7.285758329089731e-06
Iter: 16 loss: 6.6802977016777731e-06
Iter: 17 loss: 5.9417116062832065e-06
Iter: 18 loss: 6.6911479734699242e-06
Iter: 19 loss: 5.1072461246803869e-06
Iter: 20 loss: 4.6857144297973718e-06
Iter: 21 loss: 4.4316939238342457e-06
Iter: 22 loss: 3.4457257243047934e-06
Iter: 23 loss: 2.8190236207592534e-06
Iter: 24 loss: 2.2304834601527546e-06
Iter: 25 loss: 4.4315456761978567e-06
Iter: 26 loss: 1.9585145309974905e-06
Iter: 27 loss: 1.924493290061946e-06
Iter: 28 loss: 1.8995062873727875e-06
Iter: 29 loss: 1.885473693619133e-06
Iter: 30 loss: 1.8512357655708911e-06
Iter: 31 loss: 1.8312150587007636e-06
Iter: 32 loss: 1.8147298987969407e-06
Iter: 33 loss: 1.7998429484578082e-06
Iter: 34 loss: 1.7900071043186472e-06
Iter: 35 loss: 1.7842182842287002e-06
Iter: 36 loss: 1.7809248902267427e-06
Iter: 37 loss: 1.7743350326782092e-06
Iter: 38 loss: 1.7649257415541797e-06
Iter: 39 loss: 1.7579319546712213e-06
Iter: 40 loss: 1.7532620404381305e-06
Iter: 41 loss: 1.7514406636109925e-06
Iter: 42 loss: 1.7481673921793117e-06
Iter: 43 loss: 1.7380400549882324e-06
Iter: 44 loss: 1.7289328297920292e-06
Iter: 45 loss: 1.7251155668418505e-06
Iter: 46 loss: 1.7150172197943903e-06
Iter: 47 loss: 1.7880595351016382e-06
Iter: 48 loss: 1.711426421024953e-06
Iter: 49 loss: 1.7069712612283183e-06
Iter: 50 loss: 1.7049575262717553e-06
Iter: 51 loss: 1.7026135310516111e-06
Iter: 52 loss: 1.6996461909002392e-06
Iter: 53 loss: 1.6976707684079884e-06
Iter: 54 loss: 1.6965825579973171e-06
Iter: 55 loss: 1.695733544693212e-06
Iter: 56 loss: 1.695292098702339e-06
Iter: 57 loss: 1.69517329595692e-06
Iter: 58 loss: 1.6950098142842762e-06
Iter: 59 loss: 1.6949468317761784e-06
Iter: 60 loss: 1.694870661594905e-06
Iter: 61 loss: 1.6947760741459206e-06
Iter: 62 loss: 1.6945739389484515e-06
Iter: 63 loss: 1.6943816945058643e-06
Iter: 64 loss: 1.694375669103465e-06
Iter: 65 loss: 1.6943598666330217e-06
Iter: 66 loss: 1.6943253058343544e-06
Iter: 67 loss: 1.6942783531703753e-06
Iter: 68 loss: 1.6940851992330863e-06
Iter: 69 loss: 1.6937356122070923e-06
Iter: 70 loss: 1.6929025150602683e-06
Iter: 71 loss: 1.6921596852625953e-06
Iter: 72 loss: 1.6907530380194657e-06
Iter: 73 loss: 1.6887006495380774e-06
Iter: 74 loss: 1.6875771962077124e-06
Iter: 75 loss: 1.6863193650351604e-06
Iter: 76 loss: 1.6895407952688402e-06
Iter: 77 loss: 1.6843812318256823e-06
Iter: 78 loss: 1.6832340179462335e-06
Iter: 79 loss: 1.682641254774353e-06
Iter: 80 loss: 1.6827619901960134e-06
Iter: 81 loss: 1.682252900536696e-06
Iter: 82 loss: 1.6820265500427922e-06
Iter: 83 loss: 1.6819387838040711e-06
Iter: 84 loss: 1.6818848962429911e-06
Iter: 85 loss: 1.6818619315017713e-06
Iter: 86 loss: 1.6818434005472227e-06
Iter: 87 loss: 1.6817826917758794e-06
Iter: 88 loss: 1.6816536572150653e-06
Iter: 89 loss: 1.6815243952805758e-06
Iter: 90 loss: 1.6827140143504948e-06
Iter: 91 loss: 1.6813734191600815e-06
Iter: 92 loss: 1.6810438410175266e-06
Iter: 93 loss: 1.6809608496259898e-06
Iter: 94 loss: 1.6808692180347862e-06
Iter: 95 loss: 1.680732907516358e-06
Iter: 96 loss: 1.6806656049084268e-06
Iter: 97 loss: 1.6895606904654414e-06
Iter: 98 loss: 1.6805212226245203e-06
Iter: 99 loss: 1.6803436437839991e-06
Iter: 100 loss: 1.6802039226604393e-06
Iter: 101 loss: 1.6801379842945607e-06
Iter: 102 loss: 1.6800622688606381e-06
Iter: 103 loss: 1.6798836668385775e-06
Iter: 104 loss: 1.6798310298327124e-06
Iter: 105 loss: 1.6798043134258478e-06
Iter: 106 loss: 1.6797141597635346e-06
Iter: 107 loss: 1.6796700492704986e-06
Iter: 108 loss: 1.6796424233689322e-06
Iter: 109 loss: 1.6796111594885588e-06
Iter: 110 loss: 1.6794398334241123e-06
Iter: 111 loss: 1.6790514791864553e-06
Iter: 112 loss: 1.6783098999439972e-06
Iter: 113 loss: 1.6780719533926458e-06
Iter: 114 loss: 1.6780273881522589e-06
Iter: 115 loss: 1.6774440609879093e-06
Iter: 116 loss: 1.6772817161836429e-06
Iter: 117 loss: 1.677273075983976e-06
Iter: 118 loss: 1.6772701201261953e-06
Iter: 119 loss: 1.6772683011367917e-06
Iter: 120 loss: 1.6772658000263618e-06
Iter: 121 loss: 1.6772621620475547e-06
Iter: 122 loss: 1.6772570461398573e-06
Iter: 123 loss: 1.6772464732639492e-06
Iter: 124 loss: 1.6772058870628825e-06
Iter: 125 loss: 1.6771506352597498e-06
Iter: 126 loss: 1.6771051605246612e-06
Iter: 127 loss: 1.6769693047535839e-06
Iter: 128 loss: 1.6768156001489842e-06
Iter: 129 loss: 1.676616420809296e-06
Iter: 130 loss: 1.6763924577389844e-06
Iter: 131 loss: 1.6763133316999301e-06
Iter: 132 loss: 1.6762393215685734e-06
Iter: 133 loss: 1.6762121504143579e-06
Iter: 134 loss: 1.6761914594098926e-06
Iter: 135 loss: 1.6761680399213219e-06
Iter: 136 loss: 1.6761474626036943e-06
Iter: 137 loss: 1.676122678873071e-06
Iter: 138 loss: 1.6760943708504783e-06
Iter: 139 loss: 1.6760648122726707e-06
Iter: 140 loss: 1.6759853451731033e-06
Iter: 141 loss: 1.67635175785108e-06
Iter: 142 loss: 1.6759058780735359e-06
Iter: 143 loss: 1.675956468716322e-06
Iter: 144 loss: 1.6758258425397798e-06
Iter: 145 loss: 1.675677935963904e-06
Iter: 146 loss: 1.6755768683651695e-06
Iter: 147 loss: 1.6755406022639363e-06
Iter: 148 loss: 1.675216481089592e-06
Iter: 149 loss: 1.6751891962485388e-06
Iter: 150 loss: 1.6750236682128161e-06
Iter: 151 loss: 1.6749870610510698e-06
Iter: 152 loss: 1.674960003583692e-06
Iter: 153 loss: 1.674946929597354e-06
Iter: 154 loss: 1.6749374935898231e-06
Iter: 155 loss: 1.6749332871768274e-06
Iter: 156 loss: 1.6749218048062176e-06
Iter: 157 loss: 1.6749042970332084e-06
Iter: 158 loss: 1.6748806501709623e-06
Iter: 159 loss: 1.6748581401770934e-06
Iter: 160 loss: 1.6748520010878565e-06
Iter: 161 loss: 1.6748545021982864e-06
Iter: 162 loss: 1.674849727351102e-06
Iter: 163 loss: 1.6748479083616985e-06
Iter: 164 loss: 1.6748466578064836e-06
Iter: 165 loss: 1.674846089372295e-06
Iter: 166 loss: 1.6748435882618651e-06
Iter: 167 loss: 1.6748363123042509e-06
Iter: 168 loss: 1.6748128928156802e-06
Iter: 169 loss: 1.67477048762521e-06
Iter: 170 loss: 1.6747256950111478e-06
Iter: 171 loss: 1.67487428370805e-06
Iter: 172 loss: 1.6746911342124804e-06
Iter: 173 loss: 1.6747908375691622e-06
Iter: 174 loss: 1.6746416804380715e-06
Iter: 175 loss: 1.6745168522902532e-06
Iter: 176 loss: 1.6745591437938856e-06
Iter: 177 loss: 1.6744539834689931e-06
Iter: 178 loss: 1.6759406662458787e-06
Iter: 179 loss: 1.6744318145356374e-06
Iter: 180 loss: 1.674357235970092e-06
Iter: 181 loss: 1.6743393871365697e-06
Iter: 182 loss: 1.6742818615966826e-06
Iter: 183 loss: 1.6745738093959517e-06
Iter: 184 loss: 1.674257191552897e-06
Iter: 185 loss: 1.6742333173169754e-06
Iter: 186 loss: 1.6742058051022468e-06
Iter: 187 loss: 1.674190230005479e-06
Iter: 188 loss: 1.6741821582400007e-06
Iter: 189 loss: 1.6741760191507638e-06
Iter: 190 loss: 1.6741605577408336e-06
Iter: 191 loss: 1.6741341823944822e-06
Iter: 192 loss: 1.674113036642666e-06
Iter: 193 loss: 1.674093027759227e-06
Iter: 194 loss: 1.6740752926125424e-06
Iter: 195 loss: 1.6740568753448315e-06
Iter: 196 loss: 1.6741054196245386e-06
Iter: 197 loss: 1.6740548289817525e-06
Iter: 198 loss: 1.6740457340347348e-06
Iter: 199 loss: 1.6740711998863844e-06
Iter: 200 loss: 1.6740408455007127e-06
Iter: 201 loss: 1.6740344790378003e-06
Iter: 202 loss: 1.6740277715143748e-06
Iter: 203 loss: 1.6740286810090765e-06
Iter: 204 loss: 1.6740253840907826e-06
Iter: 205 loss: 1.6740229966671905e-06
Iter: 206 loss: 1.6740217461119755e-06
Iter: 207 loss: 1.6740210639909492e-06
Iter: 208 loss: 1.6740201544962474e-06
Iter: 209 loss: 1.6740193586883834e-06
Iter: 210 loss: 1.674018676567357e-06
Iter: 211 loss: 1.6740179944463307e-06
Iter: 212 loss: 1.6740177670726553e-06
Iter: 213 loss: 1.6740174260121421e-06
Iter: 214 loss: 1.6740174260121421e-06
Iter: 215 loss: 1.6740174260121421e-06
Iter: 216 loss: 1.6740174260121421e-06
Iter: 217 loss: 1.6740174260121421e-06
Iter: 218 loss: 1.6740174260121421e-06
Iter: 219 loss: 1.6740174260121421e-06
Iter: 220 loss: 1.6740174260121421e-06
Iter: 221 loss: 1.6740174260121421e-06
Iter: 222 loss: 1.6740174260121421e-06
Iter: 223 loss: 1.6740174260121421e-06
Iter: 224 loss: 1.6740174260121421e-06
Iter: 225 loss: 1.6740174260121421e-06
Iter: 226 loss: 1.6740174260121421e-06
Iter: 227 loss: 1.6740174260121421e-06
Iter: 228 loss: 1.6740174260121421e-06
Iter: 229 loss: 1.6740174260121421e-06
Iter: 230 loss: 1.6740174260121421e-06
Iter: 231 loss: 1.6740174260121421e-06
Iter: 1 loss: 0.02025422640144825
Iter: 2 loss: 0.018796276301145554
Iter: 3 loss: 0.021708188578486443
Iter: 4 loss: 0.018027326092123985
Iter: 5 loss: 0.017692580819129944
Iter: 6 loss: 0.016741389408707619
Iter: 7 loss: 0.016143713146448135
Iter: 8 loss: 0.01486535556614399
Iter: 9 loss: 0.014206036925315857
Iter: 10 loss: 0.012821982614696026
Iter: 11 loss: 0.031112650409340858
Iter: 12 loss: 0.01254294253885746
Iter: 13 loss: 0.015003547072410583
Iter: 14 loss: 0.012211213819682598
Iter: 15 loss: 0.011899204924702644
Iter: 16 loss: 0.011212148703634739
Iter: 17 loss: 0.01013523992151022
Iter: 18 loss: 0.0090339826419949532
Iter: 19 loss: 0.0069253928959369659
Iter: 20 loss: 0.006654778029769659
Iter: 21 loss: 0.20845076441764832
Iter: 22 loss: 0.028119504451751709
Iter: 23 loss: 0.0058388509787619114
Iter: 24 loss: 0.0052526728250086308
Iter: 25 loss: 0.0046362821012735367
Iter: 26 loss: 0.0040515176951885223
Iter: 27 loss: 0.0037654668558388948
Iter: 28 loss: 0.0037162210792303085
Iter: 29 loss: 0.0036157579161226749
Iter: 30 loss: 0.003555595176294446
Iter: 31 loss: 0.0035324718337506056
Iter: 32 loss: 0.0034600137732923031
Iter: 33 loss: 0.0034416187554597855
Iter: 34 loss: 0.0034176656045019627
Iter: 35 loss: 0.0034042466431856155
Iter: 36 loss: 0.003393273102119565
Iter: 37 loss: 0.0033695362508296967
Iter: 38 loss: 0.0033186420332640409
Iter: 39 loss: 0.0033001892734318972
Iter: 40 loss: 0.0032913424074649811
Iter: 41 loss: 0.0032831705175340176
Iter: 42 loss: 0.0032799937762320042
Iter: 43 loss: 0.0032585947774350643
Iter: 44 loss: 0.0032415792811661959
Iter: 45 loss: 0.003222558181732893
Iter: 46 loss: 0.0032230825163424015
Iter: 47 loss: 0.0032188624609261751
Iter: 48 loss: 0.003214547410607338
Iter: 49 loss: 0.0032133292406797409
Iter: 50 loss: 0.0032123655546456575
Iter: 51 loss: 0.0032115322537720203
Iter: 52 loss: 0.00319922948256135
Iter: 53 loss: 0.0031851134262979031
Iter: 54 loss: 0.0031720646657049656
Iter: 55 loss: 0.0031609486322849989
Iter: 56 loss: 0.0031535089947283268
Iter: 57 loss: 0.0031461049802601337
Iter: 58 loss: 0.003135728882625699
Iter: 59 loss: 0.0031275586225092411
Iter: 60 loss: 0.0031072390265762806
Iter: 61 loss: 0.0030938636045902967
Iter: 62 loss: 0.0030971120577305555
Iter: 63 loss: 0.003077829722315073
Iter: 64 loss: 0.0030797591898590326
Iter: 65 loss: 0.0030438224785029888
Iter: 66 loss: 0.0030366303399205208
Iter: 67 loss: 0.003048767801374197
Iter: 68 loss: 0.0030268365517258644
Iter: 69 loss: 0.0030184693168848753
Iter: 70 loss: 0.0030084045138210058
Iter: 71 loss: 0.0030356240458786488
Iter: 72 loss: 0.00300277816131711
Iter: 73 loss: 0.0029785714577883482
Iter: 74 loss: 0.0029347692616283894
Iter: 75 loss: 0.0029109925962984562
Iter: 76 loss: 0.0030784644186496735
Iter: 77 loss: 0.0028907291125506163
Iter: 78 loss: 0.0028863989282399416
Iter: 79 loss: 0.0028820945881307125
Iter: 80 loss: 0.0028701764531433582
Iter: 81 loss: 0.0028534927405416965
Iter: 82 loss: 0.0028206971473991871
Iter: 83 loss: 0.0028197502251714468
Iter: 84 loss: 0.0037532385904341936
Iter: 85 loss: 0.0027938107959926128
Iter: 86 loss: 0.00513872504234314
Iter: 87 loss: 0.0027719000354409218
Iter: 88 loss: 0.0029173626098781824
Iter: 89 loss: 0.0027385058347135782
Iter: 90 loss: 0.0027244852390140295
Iter: 91 loss: 0.0026641727890819311
Iter: 92 loss: 0.0023837618064135313
Iter: 93 loss: 0.0018638161709532142
Iter: 94 loss: 0.0076454267837107182
Iter: 95 loss: 0.0018105038907378912
Iter: 96 loss: 0.0020877602510154247
Iter: 97 loss: 0.0016064917435869575
Iter: 98 loss: 0.0015051460359245539
Iter: 99 loss: 0.0014205365441739559
Iter: 100 loss: 0.0013056588359177113
Iter: 101 loss: 0.0011042231926694512
Iter: 102 loss: 0.0011169655481353402
Iter: 103 loss: 0.0010443262290209532
Iter: 104 loss: 0.0010759261203929782
Iter: 105 loss: 0.000993135035969317
Iter: 106 loss: 0.00099696055985987186
Iter: 107 loss: 0.00095887237694114447
Iter: 108 loss: 0.00089881429448723793
Iter: 109 loss: 0.00085892295464873314
Iter: 110 loss: 0.00079941039439290762
Iter: 111 loss: 0.00072949583409354091
Iter: 112 loss: 0.00069234665716066957
Iter: 113 loss: 0.0006627533002756536
Iter: 114 loss: 0.00062155612977221608
Iter: 115 loss: 0.00057079445105046034
Iter: 116 loss: 0.00052537396550178528
Iter: 117 loss: 0.00054630340309813619
Iter: 118 loss: 0.00051400548545643687
Iter: 119 loss: 0.00049323384882882237
Iter: 120 loss: 0.00047416164306923747
Iter: 121 loss: 0.00046277706860564649
Iter: 122 loss: 0.00047361355973407626
Iter: 123 loss: 0.00045635216520167887
Iter: 124 loss: 0.00045142314047552645
Iter: 125 loss: 0.00044884765520691872
Iter: 126 loss: 0.00044519983930513263
Iter: 127 loss: 0.00043594968155957758
Iter: 128 loss: 0.00041863927617669106
Iter: 129 loss: 0.00038141058757901192
Iter: 130 loss: 0.00034721905831247568
Iter: 131 loss: 0.00040099801844917238
Iter: 132 loss: 0.00033143130713142455
Iter: 133 loss: 0.00032086367718875408
Iter: 134 loss: 0.0003129482502117753
Iter: 135 loss: 0.00030219467589631677
Iter: 136 loss: 0.00027948696515522897
Iter: 137 loss: 0.000248880562139675
Iter: 138 loss: 0.00026460990193299949
Iter: 139 loss: 0.00022273149807006121
Iter: 140 loss: 0.0001975289051188156
Iter: 141 loss: 0.00018634191656019539
Iter: 142 loss: 0.00018353525956626981
Iter: 143 loss: 0.00018245165119878948
Iter: 144 loss: 0.00018117798026651144
Iter: 145 loss: 0.00017940343241207302
Iter: 146 loss: 0.0001718582643661648
Iter: 147 loss: 0.00016522852820344269
Iter: 148 loss: 0.0001598210510564968
Iter: 149 loss: 0.00015414670633617789
Iter: 150 loss: 0.00014956944505684078
Iter: 151 loss: 0.00014341459609568119
Iter: 152 loss: 0.000135360547574237
Iter: 153 loss: 0.00013178368681110442
Iter: 154 loss: 0.00012957610306330025
Iter: 155 loss: 0.00012835793313570321
Iter: 156 loss: 0.00012585271906573325
Iter: 157 loss: 0.000122807381558232
Iter: 158 loss: 0.00011840441584354267
Iter: 159 loss: 0.0001178316306322813
Iter: 160 loss: 0.00011711240222211927
Iter: 161 loss: 0.00011684263881761581
Iter: 162 loss: 0.00011578737758100033
Iter: 163 loss: 0.00011468476441223174
Iter: 164 loss: 0.00011269897368038073
Iter: 165 loss: 0.00011018896475434303
Iter: 166 loss: 0.00010691501665860415
Iter: 167 loss: 0.00010053799633169547
Iter: 168 loss: 9.5116141892503947e-05
Iter: 169 loss: 0.00012347890879027545
Iter: 170 loss: 9.055477858055383e-05
Iter: 171 loss: 8.476754737785086e-05
Iter: 172 loss: 8.00279012764804e-05
Iter: 173 loss: 7.8994118666742e-05
Iter: 174 loss: 7.7899123425595462e-05
Iter: 175 loss: 7.7063872595317662e-05
Iter: 176 loss: 7.6082265877630562e-05
Iter: 177 loss: 7.4681440310087055e-05
Iter: 178 loss: 7.3673203587532043e-05
Iter: 179 loss: 7.1957954787649214e-05
Iter: 180 loss: 7.04153353581205e-05
Iter: 181 loss: 6.8998931965325028e-05
Iter: 182 loss: 6.8649256718344986e-05
Iter: 183 loss: 6.8306399043649435e-05
Iter: 184 loss: 6.71756497467868e-05
Iter: 185 loss: 6.6373446315992624e-05
Iter: 186 loss: 6.535814463859424e-05
Iter: 187 loss: 6.4999076130334288e-05
Iter: 188 loss: 6.4365878643002361e-05
Iter: 189 loss: 6.4034058596007526e-05
Iter: 190 loss: 6.3529485487379134e-05
Iter: 191 loss: 6.3051396864466369e-05
Iter: 192 loss: 6.2393410189542919e-05
Iter: 193 loss: 6.2130879086907953e-05
Iter: 194 loss: 6.1970364185981452e-05
Iter: 195 loss: 6.1621060012839735e-05
Iter: 196 loss: 6.0670474340440705e-05
Iter: 197 loss: 6.0334823501762e-05
Iter: 198 loss: 5.9846912336070091e-05
Iter: 199 loss: 5.94806406297721e-05
Iter: 200 loss: 6.631569704040885e-05
Iter: 201 loss: 5.8886409533442929e-05
Iter: 202 loss: 5.8143756177742034e-05
Iter: 203 loss: 5.6797813158482313e-05
Iter: 204 loss: 5.4711163102183491e-05
Iter: 205 loss: 5.4306350648403168e-05
Iter: 206 loss: 5.368989150156267e-05
Iter: 207 loss: 5.2604744269046932e-05
Iter: 208 loss: 5.4144009482115507e-05
Iter: 209 loss: 5.2006311307195574e-05
Iter: 210 loss: 5.1161088777007535e-05
Iter: 211 loss: 5.0206166633870453e-05
Iter: 212 loss: 4.8144778702408075e-05
Iter: 213 loss: 4.718121635960415e-05
Iter: 214 loss: 4.6365872549358755e-05
Iter: 215 loss: 4.6036420826567337e-05
Iter: 216 loss: 4.5207565563032404e-05
Iter: 217 loss: 4.4400949263945222e-05
Iter: 218 loss: 4.3310592445777729e-05
Iter: 219 loss: 4.2288462282158434e-05
Iter: 220 loss: 3.9005379221634939e-05
Iter: 221 loss: 3.7169760616961867e-05
Iter: 222 loss: 3.6046265449840575e-05
Iter: 223 loss: 4.3732918129535392e-05
Iter: 224 loss: 3.499930608086288e-05
Iter: 225 loss: 3.3379063097527251e-05
Iter: 226 loss: 3.2976062357192859e-05
Iter: 227 loss: 3.2817213650560006e-05
Iter: 228 loss: 3.2556512451265007e-05
Iter: 229 loss: 3.2357747841160744e-05
Iter: 230 loss: 3.1960815249476582e-05
Iter: 231 loss: 3.12290430883877e-05
Iter: 232 loss: 3.0476518077193759e-05
Iter: 233 loss: 2.9902230380685069e-05
Iter: 234 loss: 2.6934745619655587e-05
Iter: 235 loss: 2.54880687862169e-05
Iter: 236 loss: 2.4896580725908279e-05
Iter: 237 loss: 2.3254691768670455e-05
Iter: 238 loss: 2.2193638869794086e-05
Iter: 239 loss: 2.124048478435725e-05
Iter: 240 loss: 1.9626211724244058e-05
Iter: 241 loss: 1.922549563460052e-05
Iter: 242 loss: 1.7973346984945238e-05
Iter: 243 loss: 1.7373971786582842e-05
Iter: 244 loss: 1.6984578905976377e-05
Iter: 245 loss: 1.6887925085029565e-05
Iter: 246 loss: 1.6726980902603827e-05
Iter: 247 loss: 1.6506619431311265e-05
Iter: 248 loss: 1.62489104695851e-05
Iter: 249 loss: 1.5944784536259249e-05
Iter: 250 loss: 1.5495152183575556e-05
Iter: 251 loss: 1.5121744581847452e-05
Iter: 252 loss: 1.472176518291235e-05
Iter: 253 loss: 1.9110742869088426e-05
Iter: 254 loss: 1.4352563084685244e-05
Iter: 255 loss: 1.3943933481641579e-05
Iter: 256 loss: 1.3533959645428695e-05
Iter: 257 loss: 1.3259363186080009e-05
Iter: 258 loss: 1.297484413953498e-05
Iter: 259 loss: 1.261998295376543e-05
Iter: 260 loss: 1.2372195669740904e-05
Iter: 261 loss: 1.2106896065233741e-05
Iter: 262 loss: 1.1701768926286604e-05
Iter: 263 loss: 1.15566417662194e-05
Iter: 264 loss: 1.1384729987184983e-05
Iter: 265 loss: 1.1226505193917546e-05
Iter: 266 loss: 1.1055842151108664e-05
Iter: 267 loss: 1.0881585694733076e-05
Iter: 268 loss: 1.0779379408631939e-05
Iter: 269 loss: 1.0699035556172021e-05
Iter: 270 loss: 1.0649358046066482e-05
Iter: 271 loss: 1.062127103068633e-05
Iter: 272 loss: 1.0601393114484381e-05
Iter: 273 loss: 1.0580651178315748e-05
Iter: 274 loss: 1.0525756806600839e-05
Iter: 275 loss: 1.0451304660819005e-05
Iter: 276 loss: 1.0242220014333725e-05
Iter: 277 loss: 9.97810457192827e-06
Iter: 278 loss: 1.0172936526942067e-05
Iter: 279 loss: 9.8591390269575641e-06
Iter: 280 loss: 9.65567505772924e-06
Iter: 281 loss: 9.5697323558852077e-06
Iter: 282 loss: 9.5242230599978939e-06
Iter: 283 loss: 9.4941124189062975e-06
Iter: 284 loss: 9.429148121853359e-06
Iter: 285 loss: 9.3562930487678386e-06
Iter: 286 loss: 9.2182772277737968e-06
Iter: 287 loss: 9.1443271230673417e-06
Iter: 288 loss: 9.0621124400058761e-06
Iter: 289 loss: 8.9988143372465856e-06
Iter: 290 loss: 8.94919503480196e-06
Iter: 291 loss: 8.905424692784436e-06
Iter: 292 loss: 8.8646893345867284e-06
Iter: 293 loss: 8.7123089542728849e-06
Iter: 294 loss: 8.5359770309878513e-06
Iter: 295 loss: 8.2716851466102526e-06
Iter: 296 loss: 2.4642717107781209e-05
Iter: 297 loss: 8.0695435826783068e-06
Iter: 298 loss: 7.7976119428058155e-06
Iter: 299 loss: 7.70559381635394e-06
Iter: 300 loss: 7.4737445174832828e-06
Iter: 301 loss: 7.3910791797970887e-06
Iter: 302 loss: 7.3425007940386422e-06
Iter: 303 loss: 7.3256255745945964e-06
Iter: 304 loss: 7.3189194154110737e-06
Iter: 305 loss: 7.3153873927367385e-06
Iter: 306 loss: 7.3073688326985575e-06
Iter: 307 loss: 7.2884322435129434e-06
Iter: 308 loss: 7.2280236054211855e-06
Iter: 309 loss: 7.0834080361237284e-06
Iter: 310 loss: 6.8911540438421071e-06
Iter: 311 loss: 1.1294865544186905e-05
Iter: 312 loss: 6.826524440839421e-06
Iter: 313 loss: 6.5890139921975788e-06
Iter: 314 loss: 6.4983396441675723e-06
Iter: 315 loss: 6.44663941784529e-06
Iter: 316 loss: 6.3695451899548061e-06
Iter: 317 loss: 6.3279558162321337e-06
Iter: 318 loss: 6.2862718550604768e-06
Iter: 319 loss: 6.2370309024117887e-06
Iter: 320 loss: 6.1831838138459716e-06
Iter: 321 loss: 6.1285927586141042e-06
Iter: 322 loss: 6.0905654208909255e-06
Iter: 323 loss: 6.1411165006575175e-06
Iter: 324 loss: 6.0730499171768315e-06
Iter: 325 loss: 6.0424517869250849e-06
Iter: 326 loss: 6.0248830777709372e-06
Iter: 327 loss: 6.0040715652576182e-06
Iter: 328 loss: 5.98960605202592e-06
Iter: 329 loss: 5.9742596931755543e-06
Iter: 330 loss: 5.9595354287012015e-06
Iter: 331 loss: 5.9419508033897728e-06
Iter: 332 loss: 5.8996774896513671e-06
Iter: 333 loss: 5.87329077461618e-06
Iter: 334 loss: 5.8431151046534069e-06
Iter: 335 loss: 5.7898660088540055e-06
Iter: 336 loss: 5.7623801694717258e-06
Iter: 337 loss: 5.7158631534548476e-06
Iter: 338 loss: 5.6556482377345674e-06
Iter: 339 loss: 5.6086933000187855e-06
Iter: 340 loss: 5.569603672483936e-06
Iter: 341 loss: 5.5913656069606077e-06
Iter: 342 loss: 5.5557416089868639e-06
Iter: 343 loss: 5.5276896091527306e-06
Iter: 344 loss: 5.453116955322912e-06
Iter: 345 loss: 5.4083866416476667e-06
Iter: 346 loss: 5.3135336202103645e-06
Iter: 347 loss: 5.2569348554243334e-06
Iter: 348 loss: 5.1918186727561988e-06
Iter: 349 loss: 5.1349602472328115e-06
Iter: 350 loss: 5.0366952564218082e-06
Iter: 351 loss: 4.9371469685866032e-06
Iter: 352 loss: 4.8594556574244052e-06
Iter: 353 loss: 5.03688579556183e-06
Iter: 354 loss: 4.8283936848747544e-06
Iter: 355 loss: 4.7791613724257331e-06
Iter: 356 loss: 4.7663284021837171e-06
Iter: 357 loss: 4.73822819913039e-06
Iter: 358 loss: 4.704530965682352e-06
Iter: 359 loss: 4.6219115574785974e-06
Iter: 360 loss: 4.6120630941004492e-06
Iter: 361 loss: 4.582148449117085e-06
Iter: 362 loss: 8.1183479778701439e-06
Iter: 363 loss: 4.5655078793060966e-06
Iter: 364 loss: 4.5353490349953063e-06
Iter: 365 loss: 4.5627093641087413e-06
Iter: 366 loss: 4.5189481170382351e-06
Iter: 367 loss: 4.4834987420472316e-06
Iter: 368 loss: 4.440764769242378e-06
Iter: 369 loss: 4.4165090002934448e-06
Iter: 370 loss: 4.4083917600801215e-06
Iter: 371 loss: 4.3976679080515169e-06
Iter: 372 loss: 4.37559538113419e-06
Iter: 373 loss: 4.3827376430272125e-06
Iter: 374 loss: 4.3421796362963505e-06
Iter: 375 loss: 4.30659338235273e-06
Iter: 376 loss: 4.2507417674642056e-06
Iter: 377 loss: 4.2670280890888534e-06
Iter: 378 loss: 4.2248911995557137e-06
Iter: 379 loss: 4.2087913243449293e-06
Iter: 380 loss: 4.1934445107472129e-06
Iter: 381 loss: 4.1813118514255621e-06
Iter: 382 loss: 4.1606640479585622e-06
Iter: 383 loss: 4.1463345041847788e-06
Iter: 384 loss: 4.1377147681487259e-06
Iter: 385 loss: 4.1009907363331877e-06
Iter: 386 loss: 4.0772561078483704e-06
Iter: 387 loss: 4.2274405132047832e-06
Iter: 388 loss: 4.06091703553102e-06
Iter: 389 loss: 4.0331979107577354e-06
Iter: 390 loss: 4.0009117583394982e-06
Iter: 391 loss: 3.9824030864110682e-06
Iter: 392 loss: 4.0196259760705288e-06
Iter: 393 loss: 3.9660817492404021e-06
Iter: 394 loss: 3.9470596675528213e-06
Iter: 395 loss: 3.9108076634875033e-06
Iter: 396 loss: 3.8851403587614186e-06
Iter: 397 loss: 3.8470907384180464e-06
Iter: 398 loss: 3.8153193600010127e-06
Iter: 399 loss: 3.7980371416779235e-06
Iter: 400 loss: 3.7919794522167649e-06
Iter: 401 loss: 3.7581908145511989e-06
Iter: 402 loss: 3.7363145111157792e-06
Iter: 403 loss: 3.7068407436890993e-06
Iter: 404 loss: 3.6830308545177104e-06
Iter: 405 loss: 3.6740420910064131e-06
Iter: 406 loss: 3.6655164876719937e-06
Iter: 407 loss: 3.6631136026699096e-06
Iter: 408 loss: 3.65347477782052e-06
Iter: 409 loss: 3.6476369587035151e-06
Iter: 410 loss: 3.6358644592837663e-06
Iter: 411 loss: 3.627342493928154e-06
Iter: 412 loss: 3.6216995340510039e-06
Iter: 413 loss: 3.6145252124697436e-06
Iter: 414 loss: 3.5982079680252355e-06
Iter: 415 loss: 3.5723496694117785e-06
Iter: 416 loss: 3.5317304991622223e-06
Iter: 417 loss: 3.5252967336418806e-06
Iter: 418 loss: 3.4939134820888285e-06
Iter: 419 loss: 4.5643137127626687e-06
Iter: 420 loss: 3.439046395214973e-06
Iter: 421 loss: 3.3999101560766576e-06
Iter: 422 loss: 3.3533924579387531e-06
Iter: 423 loss: 7.8993252827785909e-06
Iter: 424 loss: 3.2856100915523712e-06
Iter: 425 loss: 3.7116635667189257e-06
Iter: 426 loss: 3.2028306122811045e-06
Iter: 427 loss: 3.1598719942849129e-06
Iter: 428 loss: 4.0295699363923632e-06
Iter: 429 loss: 3.089255869781482e-06
Iter: 430 loss: 3.0406940823013429e-06
Iter: 431 loss: 2.95630570690264e-06
Iter: 432 loss: 2.9335030831134645e-06
Iter: 433 loss: 2.9227046525193145e-06
Iter: 434 loss: 2.9113023174431873e-06
Iter: 435 loss: 2.9029765755694825e-06
Iter: 436 loss: 2.8915717393829254e-06
Iter: 437 loss: 2.8774743441317696e-06
Iter: 438 loss: 2.8569827463797992e-06
Iter: 439 loss: 2.8422978175512981e-06
Iter: 440 loss: 2.8346632916509407e-06
Iter: 441 loss: 2.8285192001931136e-06
Iter: 442 loss: 2.8235313038749155e-06
Iter: 443 loss: 2.8109493541705888e-06
Iter: 444 loss: 2.7993880848953268e-06
Iter: 445 loss: 2.7828618840430863e-06
Iter: 446 loss: 2.7688256523106247e-06
Iter: 447 loss: 2.753768512775423e-06
Iter: 448 loss: 2.7374160254112212e-06
Iter: 449 loss: 2.7179146400158061e-06
Iter: 450 loss: 2.7078829134552507e-06
Iter: 451 loss: 2.7040948680223664e-06
Iter: 452 loss: 2.6982725103152916e-06
Iter: 453 loss: 2.6882455586019205e-06
Iter: 454 loss: 2.6675072604120942e-06
Iter: 455 loss: 2.6446159608894959e-06
Iter: 456 loss: 2.7005585252481978e-06
Iter: 457 loss: 2.6329830689064693e-06
Iter: 458 loss: 2.6025113584182691e-06
Iter: 459 loss: 2.5742774596437812e-06
Iter: 460 loss: 2.6091943254868966e-06
Iter: 461 loss: 2.5572308004484512e-06
Iter: 462 loss: 2.5681931674625957e-06
Iter: 463 loss: 2.5264523628720781e-06
Iter: 464 loss: 2.5062713575607631e-06
Iter: 465 loss: 2.470790832376224e-06
Iter: 466 loss: 2.4547123302909313e-06
Iter: 467 loss: 2.43723161474918e-06
Iter: 468 loss: 2.4304565613419982e-06
Iter: 469 loss: 2.4227617814176483e-06
Iter: 470 loss: 2.4151099751179572e-06
Iter: 471 loss: 2.3999168661248405e-06
Iter: 472 loss: 2.3811039682186674e-06
Iter: 473 loss: 2.3673644591326592e-06
Iter: 474 loss: 2.4200526240747422e-06
Iter: 475 loss: 2.3541251721326262e-06
Iter: 476 loss: 2.3433522073901258e-06
Iter: 477 loss: 2.3487423277401831e-06
Iter: 478 loss: 2.332513304281747e-06
Iter: 479 loss: 2.3177774437499465e-06
Iter: 480 loss: 2.3025786504149437e-06
Iter: 481 loss: 2.3354832592303865e-06
Iter: 482 loss: 2.2973254090175033e-06
Iter: 483 loss: 2.2849301331007155e-06
Iter: 484 loss: 2.3476873138861265e-06
Iter: 485 loss: 2.2795825316279661e-06
Iter: 486 loss: 2.2693689061270561e-06
Iter: 487 loss: 2.257403366456856e-06
Iter: 488 loss: 2.2309689029498259e-06
Iter: 489 loss: 2.2299138890957693e-06
Iter: 490 loss: 2.2071126295486465e-06
Iter: 491 loss: 2.1668943190888967e-06
Iter: 492 loss: 3.3988694667641539e-06
Iter: 493 loss: 2.1613732315017842e-06
Iter: 494 loss: 2.1156536149646854e-06
Iter: 495 loss: 2.070008576993132e-06
Iter: 496 loss: 2.0067275272594998e-06
Iter: 497 loss: 1.9081451227975776e-06
Iter: 498 loss: 1.8591241541798809e-06
Iter: 499 loss: 1.8236166852148017e-06
Iter: 500 loss: 2.0927757304889383e-06
Iter: 501 loss: 1.8160833406000165e-06
Iter: 502 loss: 1.7910924725583754e-06
Iter: 503 loss: 1.7820715356720029e-06
Iter: 504 loss: 1.7743556099958369e-06
Iter: 505 loss: 1.7580478015588596e-06
Iter: 506 loss: 1.7437292854083353e-06
Iter: 507 loss: 1.7328878811895265e-06
Iter: 508 loss: 1.7322715848422376e-06
Iter: 509 loss: 1.7246982224605745e-06
Iter: 510 loss: 1.7146405753010185e-06
Iter: 511 loss: 1.7031919696819386e-06
Iter: 512 loss: 1.695605305940262e-06
Iter: 513 loss: 1.6897949990379857e-06
Iter: 514 loss: 1.6824072872623219e-06
Iter: 515 loss: 1.6931535355979577e-06
Iter: 516 loss: 1.6781883687144727e-06
