==========================================
SLURM_JOB_ID = 9520590
SLURM_SUBMIT_DIR = /home/qhaomin/NNHJB/src
SLURM_JOB_NODELIST = mgpu01
==========================================
Iteration 0
Elapsed time for kappa 88.7263 sec
Elapsed time for experts 96.8847 sec
Elapsed time for households 89.4734 sec
Iteration 1
Elapsed time for kappa 23.4232 sec
Elapsed time for experts 92.2598 sec
Elapsed time for households 85.4092 sec
Iteration 2
Elapsed time for kappa 137.3654 sec
Elapsed time for experts 90.0250 sec
Elapsed time for households 83.9718 sec
Iteration 3
Elapsed time for kappa 39.1964 sec
Elapsed time for experts 88.5250 sec
Elapsed time for households 82.3247 sec
Iteration 4
Elapsed time for kappa 40.1840 sec
Elapsed time for experts 86.4941 sec
Elapsed time for households 83.0352 sec
Iteration 5
Elapsed time for kappa 38.1936 sec
Elapsed time for experts 87.6520 sec
Elapsed time for households 83.2059 sec
Iteration 6
Elapsed time for kappa 40.9761 sec
Elapsed time for experts 86.3558 sec
Elapsed time for households 82.3287 sec
Iteration 7
Elapsed time for kappa 27.8320 sec
Elapsed time for experts 87.2310 sec
Elapsed time for households 81.8709 sec
Iteration 8
Elapsed time for kappa 28.3876 sec
Elapsed time for experts 88.2300 sec
Elapsed time for households 84.2225 sec
Iteration 9
Elapsed time for kappa 40.7097 sec
Elapsed time for experts 87.4092 sec
Elapsed time for households 82.4272 sec
Elapsed time for training 2235.4294 sec
