==========================================
SLURM_JOB_ID = 9536013
SLURM_SUBMIT_DIR = /home/qhaomin/NNHJB/src
SLURM_JOB_NODELIST = mgpu01
==========================================
Iteration 0
Elapsed time for kappa 123.5740 sec
Elapsed time for experts 86.3463 sec
Elapsed time for households 84.5148 sec
Iteration 1
Elapsed time for kappa 24.0661 sec
Elapsed time for experts 78.6487 sec
Elapsed time for households 78.5006 sec
Iteration 2
Elapsed time for kappa 28.0203 sec
Elapsed time for experts 81.3707 sec
Elapsed time for households 77.7437 sec
Iteration 3
Elapsed time for kappa 23.8258 sec
Elapsed time for experts 78.3373 sec
Elapsed time for households 78.3785 sec
Iteration 4
Elapsed time for kappa 31.9751 sec
Elapsed time for experts 78.2455 sec
Elapsed time for households 77.9208 sec
Iteration 5
Elapsed time for kappa 33.3994 sec
Elapsed time for experts 77.4683 sec
Elapsed time for households 27.0431 sec
Iteration 6
Elapsed time for kappa 21.9253 sec
Elapsed time for experts 77.3504 sec
Elapsed time for households 24.3646 sec
Iteration 7
Elapsed time for kappa 21.8347 sec
Elapsed time for experts 78.2206 sec
Elapsed time for households 33.9335 sec
Iteration 8
Elapsed time for kappa 29.6256 sec
Elapsed time for experts 78.8327 sec
Elapsed time for households 26.4693 sec
Iteration 9
Elapsed time for kappa 22.7254 sec
Elapsed time for experts 79.1426 sec
Elapsed time for households 77.0058 sec
Elapsed time for training 1741.7840 sec
