ERROR: Unable to locate a modulefile for 'cuda/11.4'
Iteration 0
Elapsed time for kappa 127.2547 sec
Elapsed time for experts 94.0018 sec
Elapsed time for households 89.7937 sec
Iteration 1
Elapsed time for kappa 39.9223 sec
Elapsed time for experts 87.6509 sec
Elapsed time for households 40.2683 sec
Iteration 2
Elapsed time for kappa 122.8793 sec
Elapsed time for experts 87.6424 sec
Elapsed time for households 89.0833 sec
Iteration 3
Elapsed time for kappa 34.2852 sec
Elapsed time for experts 85.7714 sec
Elapsed time for households 85.5912 sec
Iteration 4
Elapsed time for kappa 43.8025 sec
Elapsed time for experts 85.0344 sec
Elapsed time for households 84.4307 sec
Iteration 5
Elapsed time for kappa 63.3695 sec
Elapsed time for experts 85.2715 sec
Elapsed time for households 86.1964 sec
Iteration 6
Elapsed time for kappa 103.1942 sec
Elapsed time for experts 88.2323 sec
Elapsed time for households 10.5036 sec
Iteration 7
Elapsed time for kappa 63.0437 sec
Elapsed time for experts 85.2806 sec
Elapsed time for households 93.6434 sec
Iteration 8
Elapsed time for kappa 103.6522 sec
Elapsed time for experts 15.9323 sec
Elapsed time for households 20.6983 sec
Iteration 9
Elapsed time for kappa 52.2577 sec
Elapsed time for experts 86.5397 sec
Elapsed time for households 83.4677 sec
Elapsed time for training 2239.7617 sec
