ERROR: Unable to locate a modulefile for 'cuda/11.4'
Iteration 0
Elapsed time for kappa 160.9897 sec
Elapsed time for experts 94.7365 sec
Elapsed time for households 90.4962 sec
Iteration 1
Elapsed time for kappa 140.9675 sec
Elapsed time for experts 89.0717 sec
Elapsed time for households 88.8086 sec
Iteration 2
Elapsed time for kappa 54.9264 sec
Elapsed time for experts 87.3052 sec
Elapsed time for households 85.0758 sec
Iteration 3
Elapsed time for kappa 70.6678 sec
Elapsed time for experts 86.8979 sec
Elapsed time for households 82.3536 sec
Iteration 4
Elapsed time for kappa 145.6698 sec
Elapsed time for experts 90.4019 sec
Elapsed time for households 82.4420 sec
Iteration 5
Elapsed time for kappa 97.0373 sec
Elapsed time for experts 89.6238 sec
Elapsed time for households 84.1895 sec
Iteration 6
Elapsed time for kappa 63.1997 sec
Elapsed time for experts 90.5526 sec
Elapsed time for households 85.9370 sec
Iteration 7
Elapsed time for kappa 58.0066 sec
Elapsed time for experts 89.1228 sec
Elapsed time for households 81.2617 sec
Iteration 8
Elapsed time for kappa 55.9065 sec
Elapsed time for experts 89.0710 sec
Elapsed time for households 82.0906 sec
Iteration 9
Elapsed time for kappa 62.2351 sec
Elapsed time for experts 87.6208 sec
Elapsed time for households 84.6231 sec
Elapsed time for training 2652.2170 sec
