==========================================
SLURM_JOB_ID = 9526443
SLURM_SUBMIT_DIR = /home/qhaomin/NNHJB/src
SLURM_JOB_NODELIST = mgpu02
==========================================
Iteration 0
Elapsed time for kappa 91.4685 sec
Elapsed time for experts 49.3119 sec
Elapsed time for households 39.3213 sec
Iteration 1
Elapsed time for kappa 41.5381 sec
Elapsed time for experts 42.9102 sec
Elapsed time for households 37.8138 sec
Iteration 2
Elapsed time for kappa 16.3667 sec
Elapsed time for experts 20.3664 sec
Elapsed time for households 8.7193 sec
Iteration 3
Elapsed time for kappa 16.2330 sec
Elapsed time for experts 8.0212 sec
Elapsed time for households 37.4238 sec
Iteration 4
Elapsed time for kappa 15.3394 sec
Elapsed time for experts 42.4897 sec
Elapsed time for households 37.6738 sec
Iteration 5
Elapsed time for kappa 16.9970 sec
Elapsed time for experts 42.0941 sec
Elapsed time for households 41.5250 sec
Iteration 6
Elapsed time for kappa 18.2797 sec
Elapsed time for experts 7.8380 sec
Elapsed time for households 37.0002 sec
Iteration 7
Elapsed time for kappa 15.4585 sec
Elapsed time for experts 7.9539 sec
Elapsed time for households 37.0381 sec
Iteration 8
Elapsed time for kappa 16.0114 sec
Elapsed time for experts 42.1760 sec
Elapsed time for households 12.6795 sec
Iteration 9
Elapsed time for kappa 18.7471 sec
Elapsed time for experts 7.7399 sec
Elapsed time for households 6.7112 sec
Elapsed time for training 833.8939 sec
