==========================================
SLURM_JOB_ID = 9526457
SLURM_SUBMIT_DIR = /home/qhaomin/NNHJB/src
SLURM_JOB_NODELIST = mgpu02
==========================================
Iteration 0
Elapsed time for kappa 88.3089 sec
Elapsed time for experts 46.9316 sec
Elapsed time for households 41.2688 sec
Iteration 1
Elapsed time for kappa 58.3908 sec
Elapsed time for experts 41.9678 sec
Elapsed time for households 22.9785 sec
Iteration 2
Elapsed time for kappa 58.7460 sec
Elapsed time for experts 42.1200 sec
Elapsed time for households 44.4173 sec
Iteration 3
Elapsed time for kappa 59.8980 sec
Elapsed time for experts 41.5200 sec
Elapsed time for households 6.7465 sec
Iteration 4
Elapsed time for kappa 57.7610 sec
Elapsed time for experts 42.9652 sec
Elapsed time for households 7.1417 sec
Iteration 5
Elapsed time for kappa 61.8494 sec
Elapsed time for experts 42.0093 sec
Elapsed time for households 17.1908 sec
Iteration 6
Elapsed time for kappa 58.7398 sec
Elapsed time for experts 41.7866 sec
Elapsed time for households 6.9426 sec
Iteration 7
Elapsed time for kappa 58.2518 sec
Elapsed time for experts 42.9674 sec
Elapsed time for households 12.0493 sec
Iteration 8
Elapsed time for kappa 58.5442 sec
Elapsed time for experts 41.8684 sec
Elapsed time for households 38.6558 sec
Iteration 9
Elapsed time for kappa 59.3050 sec
Elapsed time for experts 42.4623 sec
Elapsed time for households 39.7427 sec
Elapsed time for training 1284.1875 sec
