==========================================
SLURM_JOB_ID = 9526441
SLURM_SUBMIT_DIR = /home/qhaomin/NNHJB/src
SLURM_JOB_NODELIST = mgpu02
==========================================
Iteration 0
Elapsed time for kappa 91.8311 sec
Elapsed time for experts 47.2105 sec
Elapsed time for households 40.7934 sec
Iteration 1
Elapsed time for kappa 14.3612 sec
Elapsed time for experts 41.3694 sec
Elapsed time for households 39.6730 sec
Iteration 2
Elapsed time for kappa 60.1121 sec
Elapsed time for experts 40.2223 sec
Elapsed time for households 36.8773 sec
Iteration 3
Elapsed time for kappa 57.5564 sec
Elapsed time for experts 40.3521 sec
Elapsed time for households 37.1592 sec
Iteration 4
Elapsed time for kappa 56.9539 sec
Elapsed time for experts 40.8151 sec
Elapsed time for households 6.9845 sec
Iteration 5
Elapsed time for kappa 62.2467 sec
Elapsed time for experts 42.7045 sec
Elapsed time for households 38.3373 sec
Iteration 6
Elapsed time for kappa 59.8531 sec
Elapsed time for experts 40.7680 sec
Elapsed time for households 38.7482 sec
Iteration 7
Elapsed time for kappa 14.8720 sec
Elapsed time for experts 40.1034 sec
Elapsed time for households 38.0797 sec
Iteration 8
Elapsed time for kappa 58.2161 sec
Elapsed time for experts 41.5194 sec
Elapsed time for households 38.4563 sec
Iteration 9
Elapsed time for kappa 58.2887 sec
Elapsed time for experts 41.1784 sec
Elapsed time for households 37.2400 sec
Elapsed time for training 1303.5385 sec
