==========================================
SLURM_JOB_ID = 9525979
SLURM_SUBMIT_DIR = /home/qhaomin/NNHJB/src
SLURM_JOB_NODELIST = mgpu01
==========================================
Iteration 0
Elapsed time for kappa 72.5848 sec
Elapsed time for experts 85.7670 sec
Elapsed time for households 79.2204 sec
Iteration 1
Elapsed time for kappa 117.4841 sec
Elapsed time for experts 79.7152 sec
Elapsed time for households 73.0252 sec
Iteration 2
Elapsed time for kappa 124.0800 sec
Elapsed time for experts 78.7447 sec
Elapsed time for households 11.8786 sec
Iteration 3
Elapsed time for kappa 122.9852 sec
Elapsed time for experts 77.7000 sec
Elapsed time for households 11.2192 sec
Iteration 4
Elapsed time for kappa 115.6220 sec
Elapsed time for experts 76.9949 sec
Elapsed time for households 9.4270 sec
Iteration 5
Elapsed time for kappa 26.0456 sec
Elapsed time for experts 77.6602 sec
Elapsed time for households 32.5981 sec
Iteration 6
Elapsed time for kappa 119.4049 sec
Elapsed time for experts 81.8573 sec
Elapsed time for households 16.2452 sec
Iteration 7
Elapsed time for kappa 121.9283 sec
Elapsed time for experts 16.4261 sec
Elapsed time for households 47.4793 sec
Iteration 8
Elapsed time for kappa 130.2077 sec
Elapsed time for experts 85.0874 sec
Elapsed time for households 34.9826 sec
Iteration 9
Elapsed time for kappa 18.3161 sec
Elapsed time for experts 21.8774 sec
Elapsed time for households 49.8595 sec
Elapsed time for training 2017.5476 sec
