==========================================
SLURM_JOB_ID = 9536059
SLURM_SUBMIT_DIR = /home/qhaomin/NNHJB/src
SLURM_JOB_NODELIST = mgpu02
==========================================
Iteration 0
Elapsed time for kappa 98.5256 sec
Elapsed time for experts 92.3066 sec
Elapsed time for households 80.1729 sec
Iteration 1
Elapsed time for kappa 24.7493 sec
Elapsed time for experts 82.7752 sec
Elapsed time for households 76.3872 sec
Iteration 2
Elapsed time for kappa 24.6291 sec
Elapsed time for experts 84.7672 sec
Elapsed time for households 76.4242 sec
Iteration 3
Elapsed time for kappa 25.9813 sec
Elapsed time for experts 83.0283 sec
Elapsed time for households 74.9465 sec
Iteration 4
Elapsed time for kappa 23.9624 sec
Elapsed time for experts 81.8840 sec
Elapsed time for households 67.9665 sec
Iteration 5
Elapsed time for kappa 24.1213 sec
Elapsed time for experts 81.6988 sec
Elapsed time for households 35.6865 sec
Iteration 6
Elapsed time for kappa 24.6909 sec
Elapsed time for experts 80.7133 sec
Elapsed time for households 42.6127 sec
Iteration 7
Elapsed time for kappa 24.9244 sec
Elapsed time for experts 80.6092 sec
Elapsed time for households 37.8490 sec
Iteration 8
Elapsed time for kappa 26.8329 sec
Elapsed time for experts 80.6618 sec
Elapsed time for households 38.9089 sec
Iteration 9
Elapsed time for kappa 24.4231 sec
Elapsed time for experts 80.4483 sec
Elapsed time for households 38.7205 sec
Elapsed time for training 1722.4580 sec
