/var/lib/slurmd/job9536022/slurm_script: line 16: /home/qhaomin/venv/tensorflow-gpu/bin/activate: No such file or directory
2022-07-24 22:29:21.608433: I tensorflow/core/platform/cpu_feature_guard.cc:151] This TensorFlow binary is optimized with oneAPI Deep Neural Network Library (oneDNN) to use the following CPU instructions in performance-critical operations:  AVX2 FMA
To enable them in other operations, rebuild TensorFlow with the appropriate compiler flags.
2022-07-24 22:29:22.153319: I tensorflow/core/common_runtime/gpu/gpu_device.cc:1525] Created device /job:localhost/replica:0/task:0/device:GPU:0 with 10794 MB memory:  -> device: 0, name: Tesla K80, pci bus id: 0000:0e:00.0, compute capability: 3.7
Iter: 1 loss: 0.0010830259416252375
Iter: 2 loss: 0.000742194417398423
Iter: 3 loss: 0.00062783260364085436
Iter: 4 loss: 3.6596291465684772e-05
Iter: 5 loss: 2.6275840355083346e-05
Iter: 6 loss: 0.00069512799382209778
Iter: 7 loss: 2.5428171284147538e-05
Iter: 8 loss: 2.4575920178904198e-05
Iter: 9 loss: 3.2751475373515859e-05
Iter: 10 loss: 1.2330713616393041e-05
Iter: 11 loss: 1.1427272511355113e-05
Iter: 12 loss: 1.824463288357947e-05
Iter: 13 loss: 1.1192906640644651e-05
Iter: 14 loss: 1.1046273357351311e-05
Iter: 15 loss: 1.0525445759412833e-05
Iter: 16 loss: 1.0250252671539783e-05
Iter: 17 loss: 9.3220069175004028e-06
Iter: 18 loss: 8.30096541903913e-06
Iter: 19 loss: 6.122245395090431e-06
Iter: 20 loss: 3.4410259104333818e-06
Iter: 21 loss: 1.7568023622516193e-06
Iter: 22 loss: 1.5701094753239886e-06
Iter: 23 loss: 1.4553659184457501e-06
Iter: 24 loss: 1.4516301689582178e-06
Iter: 25 loss: 1.4491779438685626e-06
Iter: 26 loss: 1.440574806110817e-06
Iter: 27 loss: 1.3880201095162192e-06
Iter: 28 loss: 1.3616790965897962e-06
Iter: 29 loss: 1.3403363254838041e-06
Iter: 30 loss: 1.3343945965971216e-06
Iter: 31 loss: 1.3263357914183871e-06
Iter: 32 loss: 1.304635247834085e-06
Iter: 33 loss: 1.2666172324315994e-06
Iter: 34 loss: 1.247701561624126e-06
Iter: 35 loss: 1.2347212532404228e-06
Iter: 36 loss: 1.2187167612864869e-06
Iter: 37 loss: 1.1913732578250347e-06
Iter: 38 loss: 1.1775116490753135e-06
Iter: 39 loss: 1.1774825452448567e-06
Iter: 40 loss: 1.1639922377071343e-06
Iter: 41 loss: 1.1629952041403158e-06
Iter: 42 loss: 1.162584680969303e-06
Iter: 43 loss: 1.1621261819527717e-06
Iter: 44 loss: 1.1610466117417673e-06
Iter: 45 loss: 1.1585771062527783e-06
Iter: 46 loss: 1.1551510397111997e-06
Iter: 47 loss: 1.1504382655402878e-06
Iter: 48 loss: 1.14933391159866e-06
Iter: 49 loss: 1.1484635251690634e-06
Iter: 50 loss: 1.1482204627100145e-06
Iter: 51 loss: 1.1478894066385692e-06
Iter: 52 loss: 1.1477607131382683e-06
Iter: 53 loss: 1.1476953432065784e-06
Iter: 54 loss: 1.1476920462882845e-06
Iter: 55 loss: 1.1476868166937493e-06
Iter: 56 loss: 1.1476333838800201e-06
Iter: 57 loss: 1.1475142400740879e-06
Iter: 58 loss: 1.1471707921373309e-06
Iter: 59 loss: 1.1467943750176346e-06
Iter: 60 loss: 1.1465638181107352e-06
Iter: 61 loss: 1.1464959470686154e-06
Iter: 62 loss: 1.1464901490398915e-06
Iter: 63 loss: 1.1464874205557862e-06
Iter: 64 loss: 1.1464826457086019e-06
Iter: 65 loss: 1.1464717317721806e-06
Iter: 66 loss: 1.14644831228361e-06
Iter: 67 loss: 1.146398062701337e-06
Iter: 68 loss: 1.1463080227258615e-06
Iter: 69 loss: 1.1461731901363237e-06
Iter: 70 loss: 1.145963551607565e-06
Iter: 71 loss: 1.1457361779321218e-06
Iter: 72 loss: 1.1456235142759397e-06
Iter: 73 loss: 1.1458370181571809e-06
Iter: 74 loss: 1.1455541653049295e-06
Iter: 75 loss: 1.1455397270765388e-06
Iter: 76 loss: 1.1455280173322535e-06
Iter: 77 loss: 1.1455115327407839e-06
Iter: 78 loss: 1.1454696959845023e-06
Iter: 79 loss: 1.1453830666141585e-06
Iter: 80 loss: 1.1452129911049269e-06
Iter: 81 loss: 1.1450902093201876e-06
Iter: 82 loss: 1.1476449799374677e-06
Iter: 83 loss: 1.1447839369793655e-06
Iter: 84 loss: 1.1462003612905391e-06
Iter: 85 loss: 1.1446390999481082e-06
Iter: 86 loss: 1.144605676017818e-06
Iter: 87 loss: 1.1446221606092877e-06
Iter: 88 loss: 1.1445170002843952e-06
Iter: 89 loss: 1.1444908523117192e-06
Iter: 90 loss: 1.1444763003964908e-06
Iter: 91 loss: 1.1444575420682668e-06
Iter: 92 loss: 1.1444479923738982e-06
Iter: 93 loss: 1.1444432175267139e-06
Iter: 94 loss: 1.1444424217188498e-06
Iter: 95 loss: 1.1444419669714989e-06
Iter: 96 loss: 1.1444315077824285e-06
Iter: 97 loss: 1.1444102483437746e-06
Iter: 98 loss: 1.1443820540080196e-06
Iter: 99 loss: 1.1443416951806284e-06
Iter: 100 loss: 1.1442983804954565e-06
Iter: 101 loss: 1.14442195808806e-06
Iter: 102 loss: 1.1442767799962894e-06
Iter: 103 loss: 1.1442136838013539e-06
Iter: 104 loss: 1.1442273262218805e-06
Iter: 105 loss: 1.1442036793596344e-06
Iter: 106 loss: 1.1441816241131164e-06
Iter: 107 loss: 1.1441636615927564e-06
Iter: 108 loss: 1.1441550213930896e-06
Iter: 109 loss: 1.1442439245001879e-06
Iter: 110 loss: 1.144150360232743e-06
Iter: 111 loss: 1.1441455853855587e-06
Iter: 112 loss: 1.1441420610935893e-06
Iter: 113 loss: 1.1441400147305103e-06
Iter: 114 loss: 1.1441376273069181e-06
Iter: 115 loss: 1.1441347851359751e-06
Iter: 116 loss: 1.1441322840255452e-06
Iter: 117 loss: 1.1441310334703303e-06
Iter: 118 loss: 1.1441286460467381e-06
Iter: 119 loss: 1.1441268270573346e-06
Iter: 120 loss: 1.1441222795838257e-06
Iter: 121 loss: 1.1441167089287774e-06
Iter: 122 loss: 1.14411159302108e-06
Iter: 123 loss: 1.144104999184492e-06
Iter: 124 loss: 1.1440930620665313e-06
Iter: 125 loss: 1.1440506568760611e-06
Iter: 126 loss: 2.14731267078605e-06
Iter: 127 loss: 1.1440500884418725e-06
Iter: 128 loss: 1.1440488378866576e-06
Iter: 129 loss: 1.260969497707265e-06
Iter: 130 loss: 1.1440839671195135e-06
Iter: 131 loss: 1.1440333764767274e-06
Iter: 132 loss: 1.1440155276432051e-06
Iter: 133 loss: 1.1439726677053841e-06
Iter: 134 loss: 1.1439451554906555e-06
Iter: 135 loss: 1.1439284435255104e-06
Iter: 136 loss: 1.1439957461334416e-06
Iter: 137 loss: 1.1439011586844572e-06
Iter: 138 loss: 1.1438974070188124e-06
Iter: 139 loss: 1.1439042282290757e-06
Iter: 140 loss: 1.1438853562140139e-06
Iter: 141 loss: 1.1438809224273427e-06
Iter: 142 loss: 1.1438760338933207e-06
Iter: 143 loss: 1.1438662568252767e-06
Iter: 144 loss: 1.1438604587965528e-06
Iter: 145 loss: 1.1438553428888554e-06
Iter: 146 loss: 1.1438494311732939e-06
Iter: 147 loss: 1.1438427236498683e-06
Iter: 148 loss: 1.1438693263698951e-06
Iter: 149 loss: 1.1438376077421708e-06
Iter: 150 loss: 1.1438278306741267e-06
Iter: 151 loss: 1.1438171441113809e-06
Iter: 152 loss: 1.1438181672929204e-06
Iter: 153 loss: 1.1438038427513675e-06
Iter: 154 loss: 1.1437971352279419e-06
Iter: 155 loss: 1.1437816738180118e-06
Iter: 156 loss: 1.1437765579103143e-06
Iter: 157 loss: 1.1437734883656958e-06
Iter: 158 loss: 1.1437721241236432e-06
Iter: 159 loss: 1.1437716693762923e-06
Iter: 160 loss: 1.1437698503868887e-06
Iter: 161 loss: 1.1437675766501343e-06
Iter: 162 loss: 1.1437616649345728e-06
Iter: 163 loss: 1.1437552984716604e-06
Iter: 164 loss: 1.1437447255957522e-06
Iter: 165 loss: 1.1437401781222434e-06
Iter: 166 loss: 1.1437392686275416e-06
Iter: 167 loss: 1.1437371085776249e-06
Iter: 168 loss: 1.1437343800935196e-06
Iter: 169 loss: 1.1437239209044492e-06
Iter: 170 loss: 1.143716644946835e-06
Iter: 171 loss: 1.1437086868681945e-06
Iter: 172 loss: 1.1437006151027163e-06
Iter: 173 loss: 1.1436961813160451e-06
Iter: 174 loss: 1.1436866316216765e-06
Iter: 175 loss: 1.1436811746534659e-06
Iter: 176 loss: 1.1436753766247421e-06
Iter: 177 loss: 1.143676627179957e-06
Iter: 178 loss: 1.1436728755143122e-06
Iter: 179 loss: 1.1436716249590972e-06
Iter: 180 loss: 1.1436688964749919e-06
Iter: 181 loss: 1.1436668501119129e-06
Iter: 182 loss: 1.14366400794097e-06
Iter: 183 loss: 1.1436601425884874e-06
Iter: 184 loss: 1.1436527529440355e-06
Iter: 185 loss: 1.1438123692641966e-06
Iter: 186 loss: 1.1436488875915529e-06
Iter: 187 loss: 1.1436436579970177e-06
Iter: 188 loss: 1.1436310387580306e-06
Iter: 189 loss: 1.1436197837610962e-06
Iter: 190 loss: 1.143766894529108e-06
Iter: 191 loss: 1.1436120530561311e-06
Iter: 192 loss: 1.1435952274041483e-06
Iter: 193 loss: 1.1435861324571306e-06
Iter: 194 loss: 1.1435824944783235e-06
Iter: 195 loss: 1.1435674878157442e-06
Iter: 196 loss: 1.1437257398938527e-06
Iter: 197 loss: 1.1435621445343713e-06
Iter: 198 loss: 1.1435571423135116e-06
Iter: 199 loss: 1.1435531632741913e-06
Iter: 200 loss: 1.1435492979217088e-06
Iter: 201 loss: 1.1435431588324718e-06
Iter: 202 loss: 1.1435392934799893e-06
Iter: 203 loss: 1.1435340638854541e-06
Iter: 204 loss: 1.1435338365117786e-06
Iter: 205 loss: 1.1435329270170769e-06
Iter: 206 loss: 1.1435309943408356e-06
Iter: 207 loss: 1.1435290616645943e-06
Iter: 208 loss: 1.1435270153015153e-06
Iter: 209 loss: 1.1435228088885196e-06
Iter: 210 loss: 1.1435201940912521e-06
Iter: 211 loss: 1.1435192845965503e-06
Iter: 212 loss: 1.1435191709097126e-06
Iter: 213 loss: 1.1435189435360371e-06
Iter: 214 loss: 1.1435176929808222e-06
Iter: 215 loss: 1.1435155329309055e-06
Iter: 216 loss: 1.1435109854573966e-06
Iter: 217 loss: 1.1435029136919184e-06
Iter: 218 loss: 1.1434951829869533e-06
Iter: 219 loss: 1.1434900670792558e-06
Iter: 220 loss: 1.1434879070293391e-06
Iter: 221 loss: 1.1434867701609619e-06
Iter: 222 loss: 1.1434851785452338e-06
Iter: 223 loss: 1.1434843827373697e-06
Iter: 224 loss: 1.1434837006163434e-06
Iter: 225 loss: 1.1434827911216416e-06
Iter: 226 loss: 1.1434819953137776e-06
Iter: 227 loss: 1.143481426879589e-06
Iter: 228 loss: 1.1434809721322381e-06
Iter: 229 loss: 1.1434806310717249e-06
Iter: 230 loss: 1.143480176324374e-06
Iter: 231 loss: 1.1434798352638609e-06
Iter: 232 loss: 1.1434791531428345e-06
Iter: 233 loss: 1.1434782436481328e-06
Iter: 234 loss: 1.1435342912591295e-06
Iter: 235 loss: 1.143477334153431e-06
Iter: 236 loss: 1.1434774478402687e-06
Iter: 237 loss: 1.1434764246587292e-06
Iter: 238 loss: 1.1434740372351371e-06
Iter: 239 loss: 1.1434717634983826e-06
Iter: 240 loss: 1.143464260167093e-06
Iter: 241 loss: 1.1439809668445378e-06
Iter: 242 loss: 1.1434631232987158e-06
Iter: 243 loss: 1.1434582347646938e-06
Iter: 244 loss: 1.1434497082518646e-06
Iter: 245 loss: 1.1434411817390355e-06
Iter: 246 loss: 1.1434322004788555e-06
Iter: 247 loss: 1.1435262194936513e-06
Iter: 248 loss: 1.1434207181082456e-06
Iter: 249 loss: 1.1434087809902849e-06
Iter: 250 loss: 1.1434094631113112e-06
Iter: 251 loss: 1.1434041198299383e-06
Iter: 252 loss: 1.1433945701355697e-06
Iter: 253 loss: 1.1433845656938502e-06
Iter: 254 loss: 1.1433767213020474e-06
Iter: 255 loss: 1.1433646704972489e-06
Iter: 256 loss: 1.1433527333792881e-06
Iter: 257 loss: 1.143392410085653e-06
Iter: 258 loss: 1.1433388635850861e-06
Iter: 259 loss: 1.1433296549512306e-06
Iter: 260 loss: 1.1433214694989147e-06
Iter: 261 loss: 1.143313966167625e-06
Iter: 262 loss: 1.143309077633603e-06
Iter: 263 loss: 1.1433043027864187e-06
Iter: 264 loss: 1.1433012332418002e-06
Iter: 265 loss: 1.1432975952629931e-06
Iter: 266 loss: 1.143296003647265e-06
Iter: 267 loss: 1.143295207839401e-06
Iter: 268 loss: 1.1432942983446992e-06
Iter: 269 loss: 1.1432938435973483e-06
Iter: 270 loss: 1.1432933888499974e-06
Iter: 271 loss: 1.1432932751631597e-06
Iter: 272 loss: 1.1432930477894843e-06
Iter: 273 loss: 1.1432930477894843e-06
Iter: 274 loss: 1.1432930477894843e-06
Iter: 275 loss: 1.1432930477894843e-06
Iter: 276 loss: 1.1432930477894843e-06
Iter: 277 loss: 1.1432930477894843e-06
Iter: 278 loss: 1.1432930477894843e-06
Iter: 279 loss: 1.1432930477894843e-06
Iter: 280 loss: 1.1432930477894843e-06
Iter: 281 loss: 1.1432930477894843e-06
Iter: 282 loss: 1.1432930477894843e-06
Iter: 283 loss: 1.1432930477894843e-06
Iter: 284 loss: 1.1432930477894843e-06
Iter: 285 loss: 1.1432930477894843e-06
