/var/lib/slurmd/job9536020/slurm_script: line 16: /home/qhaomin/venv/tensorflow-gpu/bin/activate: No such file or directory
2022-07-24 22:28:03.129156: I tensorflow/core/platform/cpu_feature_guard.cc:151] This TensorFlow binary is optimized with oneAPI Deep Neural Network Library (oneDNN) to use the following CPU instructions in performance-critical operations:  AVX2 FMA
To enable them in other operations, rebuild TensorFlow with the appropriate compiler flags.
2022-07-24 22:28:04.164778: I tensorflow/core/common_runtime/gpu/gpu_device.cc:1525] Created device /job:localhost/replica:0/task:0/device:GPU:0 with 10794 MB memory:  -> device: 0, name: Tesla K80, pci bus id: 0000:0d:00.0, compute capability: 3.7
Iter: 1 loss: 0.00072016444755718112
Iter: 2 loss: 0.00051329267444089055
Iter: 3 loss: 0.00041738874278962612
Iter: 4 loss: 1.3582352039520629e-05
Iter: 5 loss: 7.415218078676844e-06
Iter: 6 loss: 9.052496352524031e-06
Iter: 7 loss: 6.0887050494784489e-06
Iter: 8 loss: 5.9901503846049309e-06
Iter: 9 loss: 5.2435170800890774e-06
Iter: 10 loss: 5.5983359743549954e-06
Iter: 11 loss: 4.1117173168458976e-06
Iter: 12 loss: 5.2829477681370918e-06
Iter: 13 loss: 2.9350528620852856e-06
Iter: 14 loss: 1.5929068695186288e-06
Iter: 15 loss: 1.1044099892387749e-06
Iter: 16 loss: 1.083814026969776e-06
Iter: 17 loss: 1.0810460935317678e-06
Iter: 18 loss: 1.0379383184044855e-06
Iter: 19 loss: 9.4748565970803611e-07
Iter: 20 loss: 8.3615287849170272e-07
Iter: 21 loss: 7.4423945761736832e-07
Iter: 22 loss: 7.08041056896036e-07
Iter: 23 loss: 7.0249348027573433e-07
Iter: 24 loss: 6.969772812226438e-07
Iter: 25 loss: 6.8824607524220482e-07
Iter: 26 loss: 6.7115342972101644e-07
Iter: 27 loss: 6.5483112621222972e-07
Iter: 28 loss: 6.4311348069168162e-07
Iter: 29 loss: 6.4103659269676427e-07
Iter: 30 loss: 6.3997333654697286e-07
Iter: 31 loss: 6.3977029185480205e-07
Iter: 32 loss: 6.3960141005736659e-07
Iter: 33 loss: 6.3861369881124119e-07
Iter: 34 loss: 6.3677759953861823e-07
Iter: 35 loss: 6.3200184285960859e-07
Iter: 36 loss: 6.224350954653346e-07
Iter: 37 loss: 6.1706703036179533e-07
Iter: 38 loss: 6.1376613302854821e-07
Iter: 39 loss: 6.0588109818127123e-07
Iter: 40 loss: 6.0141684343761881e-07
Iter: 41 loss: 5.986403834867815e-07
Iter: 42 loss: 5.9752767356258119e-07
Iter: 43 loss: 5.9684077768906718e-07
Iter: 44 loss: 5.9549984143814072e-07
Iter: 45 loss: 5.9404447938504745e-07
Iter: 46 loss: 5.9428947452033754e-07
Iter: 47 loss: 5.9226539406154188e-07
Iter: 48 loss: 5.9069259350508219e-07
Iter: 49 loss: 5.9031970067735529e-07
Iter: 50 loss: 5.8854857343249023e-07
Iter: 51 loss: 5.8843852457357571e-07
Iter: 52 loss: 5.8838026006924338e-07
Iter: 53 loss: 5.8813259329326684e-07
Iter: 54 loss: 5.8784041812032228e-07
Iter: 55 loss: 5.874802582184202e-07
Iter: 56 loss: 5.8713487760542193e-07
Iter: 57 loss: 5.8699959026853321e-07
Iter: 58 loss: 5.8686111970018828e-07
Iter: 59 loss: 5.8667563962444547e-07
Iter: 60 loss: 5.8639375311031472e-07
Iter: 61 loss: 5.8604581454346771e-07
Iter: 62 loss: 5.858350959897507e-07
Iter: 63 loss: 5.857927476426994e-07
Iter: 64 loss: 5.8572669558998314e-07
Iter: 65 loss: 5.8547163916955469e-07
Iter: 66 loss: 5.8447596984478878e-07
Iter: 67 loss: 5.8411734471519594e-07
Iter: 68 loss: 5.845113264513202e-07
Iter: 69 loss: 5.8354561360829393e-07
Iter: 70 loss: 5.8346068954051589e-07
Iter: 71 loss: 5.8320881635154365e-07
Iter: 72 loss: 5.8209980124956928e-07
Iter: 73 loss: 5.8126471458308515e-07
Iter: 74 loss: 5.8110617828788236e-07
Iter: 75 loss: 5.8489729326538509e-07
Iter: 76 loss: 5.8045861806022e-07
Iter: 77 loss: 5.7981537793239113e-07
Iter: 78 loss: 5.7948670928453794e-07
Iter: 79 loss: 5.8051136875292286e-07
Iter: 80 loss: 5.79182028559444e-07
Iter: 81 loss: 5.79049697080336e-07
Iter: 82 loss: 5.7892947324944544e-07
Iter: 83 loss: 5.7862627045324189e-07
Iter: 84 loss: 5.7825457133731106e-07
Iter: 85 loss: 5.7764134453464067e-07
Iter: 86 loss: 5.7728630054043606e-07
Iter: 87 loss: 5.7721098301044549e-07
Iter: 88 loss: 5.7712179568625288e-07
Iter: 89 loss: 5.7707279665919486e-07
Iter: 90 loss: 5.7705807421370992e-07
Iter: 91 loss: 5.77053128836269e-07
Iter: 92 loss: 5.7704926348378649e-07
Iter: 93 loss: 5.7704545497472282e-07
Iter: 94 loss: 5.7704289702087408e-07
Iter: 95 loss: 5.7703834954736521e-07
Iter: 96 loss: 5.7702845879248343e-07
Iter: 97 loss: 5.7700310662767151e-07
Iter: 98 loss: 5.7694097677085665e-07
Iter: 99 loss: 5.7681006637722021e-07
Iter: 100 loss: 5.765617743236362e-07
Iter: 101 loss: 5.76857530631969e-07
Iter: 102 loss: 5.7638590078568086e-07
Iter: 103 loss: 5.7824092891678447e-07
Iter: 104 loss: 5.7621912219474325e-07
Iter: 105 loss: 5.7602494507591473e-07
Iter: 106 loss: 5.7595474345362163e-07
Iter: 107 loss: 5.7592922075855313e-07
Iter: 108 loss: 5.7591262248024577e-07
Iter: 109 loss: 5.7589318203099538e-07
Iter: 110 loss: 5.7587914170653676e-07
Iter: 111 loss: 5.75844751438126e-07
Iter: 112 loss: 5.75781427869515e-07
Iter: 113 loss: 5.7574169431973132e-07
Iter: 114 loss: 5.7573208778194385e-07
Iter: 115 loss: 5.7573049616621574e-07
Iter: 116 loss: 5.7573032563595916e-07
Iter: 117 loss: 5.7573015510570258e-07
Iter: 118 loss: 5.7573004141886486e-07
Iter: 119 loss: 5.75729984575446e-07
Iter: 120 loss: 5.7572987088860827e-07
Iter: 121 loss: 5.7572890455048764e-07
Iter: 122 loss: 5.7572526657168055e-07
Iter: 123 loss: 5.7570406397644547e-07
Iter: 124 loss: 5.7568496458770824e-07
Iter: 125 loss: 5.7566683153709164e-07
Iter: 126 loss: 5.7566342093196e-07
Iter: 127 loss: 5.756626819675148e-07
Iter: 128 loss: 5.7566222722016391e-07
Iter: 129 loss: 5.7566205668990733e-07
Iter: 130 loss: 5.7566194300306961e-07
Iter: 131 loss: 5.7566120403862442e-07
Iter: 132 loss: 5.7566046507417923e-07
Iter: 133 loss: 5.756581913374248e-07
Iter: 134 loss: 5.7565341649024049e-07
Iter: 135 loss: 5.7564466260373592e-07
Iter: 136 loss: 5.75635226596205e-07
Iter: 137 loss: 5.7563261179893743e-07
Iter: 138 loss: 5.7563084965295275e-07
Iter: 139 loss: 5.7562550637157983e-07
Iter: 140 loss: 5.7562300526115e-07
Iter: 141 loss: 5.756216410190973e-07
Iter: 142 loss: 5.7562129995858413e-07
Iter: 143 loss: 5.7562118627174641e-07
Iter: 144 loss: 5.7562118627174641e-07
Iter: 145 loss: 5.7562118627174641e-07
Iter: 146 loss: 5.7562118627174641e-07
Iter: 147 loss: 5.7562118627174641e-07
Iter: 148 loss: 5.7562118627174641e-07
Iter: 149 loss: 5.7562118627174641e-07
Iter: 150 loss: 5.7562118627174641e-07
Iter: 151 loss: 5.7562118627174641e-07
Iter: 152 loss: 5.7562118627174641e-07
Iter: 153 loss: 5.7562118627174641e-07
Iter: 154 loss: 5.7562118627174641e-07
Iter: 155 loss: 5.7562118627174641e-07
Iter: 156 loss: 5.7562118627174641e-07
Iter: 157 loss: 5.7562118627174641e-07
Iter: 158 loss: 5.7562118627174641e-07
Iter: 1 loss: 0.025518272072076797
Iter: 2 loss: 0.023812230676412582
Iter: 3 loss: 0.023207904770970345
Iter: 4 loss: 0.022909749299287796
Iter: 5 loss: 0.022207746282219887
Iter: 6 loss: 0.020050728693604469
Iter: 7 loss: 0.0696730986237526
Iter: 8 loss: 0.018497291952371597
Iter: 9 loss: 0.069679439067840576
Iter: 10 loss: 0.018368739634752274
Iter: 11 loss: 0.016680020838975906
Iter: 12 loss: 0.015679022297263145
Iter: 13 loss: 0.013684061355888844
Iter: 14 loss: 0.017459800466895103
Iter: 15 loss: 0.013315883465111256
Iter: 16 loss: 0.013036918826401234
Iter: 17 loss: 0.011753943748772144
Iter: 18 loss: 0.0097148017957806587
Iter: 19 loss: 0.0082686236128211021
Iter: 20 loss: 0.0072987093590199947
Iter: 21 loss: 0.0066770268604159355
Iter: 22 loss: 0.0062756659463047981
Iter: 23 loss: 0.0058263903483748436
Iter: 24 loss: 0.0050287968479096889
Iter: 25 loss: 0.0035358176100999117
Iter: 26 loss: 0.0031815159600228071
Iter: 27 loss: 0.0030731570441275835
Iter: 28 loss: 0.0029768706299364567
Iter: 29 loss: 0.0028647554572671652
Iter: 30 loss: 0.0027271057479083538
Iter: 31 loss: 0.0025952388532459736
Iter: 32 loss: 0.0023405188694596291
Iter: 33 loss: 0.0021984160412102938
Iter: 34 loss: 0.0025945417582988739
Iter: 35 loss: 0.0019615876954048872
Iter: 36 loss: 0.0017910335445776582
Iter: 37 loss: 0.0016815731069073081
Iter: 38 loss: 0.0017139434348791838
Iter: 39 loss: 0.0016239664983004332
Iter: 40 loss: 0.001530354842543602
Iter: 41 loss: 0.0014094958314672112
Iter: 42 loss: 0.0013359319418668747
Iter: 43 loss: 0.0012665221001952887
Iter: 44 loss: 0.00119626650121063
Iter: 45 loss: 0.0011067917803302407
Iter: 46 loss: 0.0010432910639792681
Iter: 47 loss: 0.000892847019713372
Iter: 48 loss: 0.00072232598904520273
Iter: 49 loss: 0.00063757027965039015
Iter: 50 loss: 0.00056185002904385328
Iter: 51 loss: 0.00052724534180015326
Iter: 52 loss: 0.00046477295109070837
Iter: 53 loss: 0.0004439277108758688
Iter: 54 loss: 0.00039625205681659281
Iter: 55 loss: 0.00028945744270458817
Iter: 56 loss: 0.00025014494895003736
Iter: 57 loss: 0.00023281951143871993
Iter: 58 loss: 0.00022570672444999218
Iter: 59 loss: 0.00021546501375269145
Iter: 60 loss: 0.00020362800569273531
Iter: 61 loss: 0.00018662997172214091
Iter: 62 loss: 0.00015933759277686477
Iter: 63 loss: 0.00014162389561533928
Iter: 64 loss: 0.00013300769205670804
Iter: 65 loss: 0.00012872624211013317
Iter: 66 loss: 0.00012515168054960668
Iter: 67 loss: 0.00011708154488587752
Iter: 68 loss: 0.00010723023297032341
Iter: 69 loss: 9.6942247182596475e-05
Iter: 70 loss: 8.8540058641228825e-05
Iter: 71 loss: 8.4591461927630007e-05
Iter: 72 loss: 8.0032230471260846e-05
Iter: 73 loss: 7.7903896453790367e-05
Iter: 74 loss: 7.6710712164640427e-05
Iter: 75 loss: 7.3476738180033863e-05
Iter: 76 loss: 7.073095184750855e-05
Iter: 77 loss: 6.7899920395575464e-05
Iter: 78 loss: 6.6219421569257975e-05
Iter: 79 loss: 6.4349544118158519e-05
Iter: 80 loss: 6.2966544646769762e-05
Iter: 81 loss: 6.1898550484329462e-05
Iter: 82 loss: 6.1024380556773394e-05
Iter: 83 loss: 6.0065834986744449e-05
Iter: 84 loss: 5.8680561778601259e-05
Iter: 85 loss: 5.6207085435744375e-05
Iter: 86 loss: 5.3355692216428e-05
Iter: 87 loss: 5.2226543630240485e-05
Iter: 88 loss: 5.166762275621295e-05
Iter: 89 loss: 5.1402672397671267e-05
Iter: 90 loss: 5.0329465011600405e-05
Iter: 91 loss: 4.7977293434087187e-05
Iter: 92 loss: 4.6770637709414586e-05
Iter: 93 loss: 4.6131906856317073e-05
Iter: 94 loss: 4.5630342356162146e-05
Iter: 95 loss: 4.5394688640953973e-05
Iter: 96 loss: 4.5151769882068038e-05
Iter: 97 loss: 4.4986201828578487e-05
Iter: 98 loss: 4.4913536839885637e-05
Iter: 99 loss: 4.4493663153843954e-05
Iter: 100 loss: 4.279260610928759e-05
Iter: 101 loss: 4.1367580706719309e-05
Iter: 102 loss: 3.8357276935130358e-05
Iter: 103 loss: 3.573843787307851e-05
Iter: 104 loss: 3.4062009945046157e-05
Iter: 105 loss: 3.3292722946498543e-05
Iter: 106 loss: 3.2343879865948111e-05
Iter: 107 loss: 3.1817500712350011e-05
Iter: 108 loss: 3.1469819077756256e-05
Iter: 109 loss: 3.1192223104881123e-05
Iter: 110 loss: 3.0971270462032408e-05
Iter: 111 loss: 2.979576493089553e-05
Iter: 112 loss: 2.7795049390988424e-05
Iter: 113 loss: 2.5337334591313265e-05
Iter: 114 loss: 2.2616639398620464e-05
Iter: 115 loss: 2.7672675059875473e-05
Iter: 116 loss: 2.0852015950367786e-05
Iter: 117 loss: 1.8829974578693509e-05
Iter: 118 loss: 1.7031052266247571e-05
Iter: 119 loss: 1.5956957213347778e-05
Iter: 120 loss: 1.5233525118674152e-05
Iter: 121 loss: 1.4784690392843913e-05
Iter: 122 loss: 1.4098075553192757e-05
Iter: 123 loss: 1.3630005923914723e-05
Iter: 124 loss: 1.3568007489084266e-05
Iter: 125 loss: 1.3456992746796459e-05
Iter: 126 loss: 1.3432683772407472e-05
Iter: 127 loss: 1.33313824335346e-05
Iter: 128 loss: 1.2737744327750988e-05
Iter: 129 loss: 1.0077227670990396e-05
Iter: 130 loss: 8.06427124189213e-06
Iter: 131 loss: 7.1070548983698245e-06
Iter: 132 loss: 7.0030118877184577e-06
Iter: 133 loss: 6.9774878284079023e-06
Iter: 134 loss: 6.831663085904438e-06
Iter: 135 loss: 6.8045947045902722e-06
Iter: 136 loss: 6.7780829340335913e-06
Iter: 137 loss: 6.6037318902090192e-06
Iter: 138 loss: 6.2641170188726392e-06
Iter: 139 loss: 6.0128272707515862e-06
Iter: 140 loss: 5.7708498388819862e-06
Iter: 141 loss: 5.5666582738922443e-06
Iter: 142 loss: 5.2920127018296625e-06
Iter: 143 loss: 5.2050445447093807e-06
Iter: 144 loss: 5.1615747906907927e-06
Iter: 145 loss: 5.1349270506761968e-06
Iter: 146 loss: 5.1209458433731925e-06
Iter: 147 loss: 5.1001179599552415e-06
Iter: 148 loss: 5.0392227421980351e-06
Iter: 149 loss: 4.9301320359518286e-06
Iter: 150 loss: 4.7686967263871338e-06
Iter: 151 loss: 4.5664737626793794e-06
Iter: 152 loss: 4.3783161345345434e-06
Iter: 153 loss: 4.1771613723540213e-06
Iter: 154 loss: 4.075339347764384e-06
Iter: 155 loss: 3.9889719118946232e-06
Iter: 156 loss: 3.9507622204837389e-06
Iter: 157 loss: 3.9318856579484418e-06
Iter: 158 loss: 3.8975949792074971e-06
Iter: 159 loss: 3.8440402931883e-06
Iter: 160 loss: 3.6984777125326218e-06
Iter: 161 loss: 3.4779830002662493e-06
Iter: 162 loss: 3.2227494557446335e-06
Iter: 163 loss: 3.1378763196698856e-06
Iter: 164 loss: 3.1417323498317273e-06
Iter: 165 loss: 3.1227759791363496e-06
Iter: 166 loss: 3.1147221761784749e-06
Iter: 167 loss: 3.1114709599933121e-06
Iter: 168 loss: 3.1014526484796079e-06
Iter: 169 loss: 3.05542562273331e-06
Iter: 170 loss: 3.0007170153112384e-06
Iter: 171 loss: 2.8693052627204452e-06
Iter: 172 loss: 2.6711850296123885e-06
Iter: 173 loss: 2.4526332254026784e-06
Iter: 174 loss: 3.6098911095905351e-06
Iter: 175 loss: 2.3521811272075865e-06
Iter: 176 loss: 2.2122399059298914e-06
Iter: 177 loss: 2.6416510081617162e-06
Iter: 178 loss: 2.1687385469704168e-06
Iter: 179 loss: 2.2827478005638113e-06
Iter: 180 loss: 2.1235393887764076e-06
Iter: 181 loss: 2.04107482204563e-06
Iter: 182 loss: 2.0069821857759962e-06
Iter: 183 loss: 1.990184728128952e-06
Iter: 184 loss: 1.96049700207368e-06
Iter: 185 loss: 1.949965280800825e-06
Iter: 186 loss: 1.9385192899790127e-06
Iter: 187 loss: 1.931262204379891e-06
Iter: 188 loss: 1.92262291420775e-06
Iter: 189 loss: 1.9129590782540618e-06
Iter: 190 loss: 1.9018800685444148e-06
Iter: 191 loss: 1.8886612451751716e-06
Iter: 192 loss: 1.8633736544870771e-06
Iter: 193 loss: 1.8213268049294129e-06
Iter: 194 loss: 1.7467182260588743e-06
Iter: 195 loss: 1.6380748775191023e-06
Iter: 196 loss: 1.552683670524857e-06
Iter: 197 loss: 1.4992340311437147e-06
Iter: 198 loss: 1.462155296394485e-06
Iter: 199 loss: 1.4493649587166146e-06
Iter: 200 loss: 1.4459867543337168e-06
Iter: 201 loss: 1.4380490256371559e-06
Iter: 202 loss: 1.4317207615022198e-06
Iter: 203 loss: 1.4234464060791652e-06
Iter: 204 loss: 1.4154796872389852e-06
Iter: 205 loss: 1.4081530252951779e-06
Iter: 206 loss: 1.4020770322531462e-06
Iter: 207 loss: 1.3952512745163403e-06
Iter: 208 loss: 1.3914466308051487e-06
Iter: 209 loss: 1.3884954341847333e-06
Iter: 210 loss: 1.3841888630850008e-06
Iter: 211 loss: 1.3774232456853497e-06
Iter: 212 loss: 1.3664165408044937e-06
Iter: 213 loss: 1.3535452580981655e-06
Iter: 214 loss: 1.3405203844740754e-06
Iter: 215 loss: 1.3334877166926162e-06
Iter: 216 loss: 1.3193515542297973e-06
Iter: 217 loss: 1.3115259207552299e-06
Iter: 218 loss: 1.3074155731374049e-06
Iter: 219 loss: 1.3052236909061321e-06
Iter: 220 loss: 1.3003991625737399e-06
Iter: 221 loss: 1.3038313682045555e-06
Iter: 222 loss: 1.2982879979972495e-06
Iter: 223 loss: 1.293062950935564e-06
Iter: 224 loss: 1.2722458677671966e-06
Iter: 225 loss: 1.2432617495505838e-06
Iter: 226 loss: 1.1842251979032881e-06
Iter: 227 loss: 1.1266943147347774e-06
Iter: 228 loss: 1.3738078905589646e-06
Iter: 229 loss: 1.0965238743665395e-06
Iter: 230 loss: 1.0672540611267323e-06
Iter: 231 loss: 1.0650368267306476e-06
Iter: 232 loss: 1.0584988103801152e-06
Iter: 233 loss: 1.0518502904233173e-06
Iter: 234 loss: 1.0488553243703791e-06
Iter: 235 loss: 1.0475614544702694e-06
Iter: 236 loss: 1.0463006674399367e-06
Iter: 237 loss: 1.0451993830429274e-06
Iter: 238 loss: 1.0436477850817028e-06
Iter: 239 loss: 1.0414433972982806e-06
Iter: 240 loss: 1.0386704616394127e-06
Iter: 241 loss: 1.0347083616579766e-06
Iter: 242 loss: 1.0302589998900658e-06
Iter: 243 loss: 1.0244477834930876e-06
Iter: 244 loss: 1.018695570564887e-06
Iter: 245 loss: 1.009241145766282e-06
Iter: 246 loss: 9.9229930583533132e-07
Iter: 247 loss: 9.69565235209302e-07
Iter: 248 loss: 9.4365248060057638e-07
Iter: 249 loss: 9.4106309234121e-07
Iter: 250 loss: 9.3344095830616425e-07
Iter: 251 loss: 9.0357178805788863e-07
Iter: 252 loss: 8.9763523192232242e-07
Iter: 253 loss: 8.9254751856060466e-07
Iter: 254 loss: 8.8845717982621863e-07
Iter: 255 loss: 8.8504276618550648e-07
Iter: 256 loss: 8.82789095157932e-07
Iter: 257 loss: 8.8128820152633125e-07
Iter: 258 loss: 8.7988411223705043e-07
Iter: 259 loss: 8.7830022721391288e-07
Iter: 260 loss: 8.7703591589161078e-07
Iter: 261 loss: 8.7636090029263869e-07
Iter: 262 loss: 8.7596151843172265e-07
Iter: 263 loss: 8.7565894091312657e-07
Iter: 264 loss: 8.7534760950802593e-07
Iter: 265 loss: 8.7472318455184e-07
Iter: 266 loss: 8.73029591730301e-07
Iter: 267 loss: 8.7004809756763279e-07
Iter: 268 loss: 8.6236815377560561e-07
Iter: 269 loss: 8.4672848288391833e-07
Iter: 270 loss: 8.227850116782065e-07
Iter: 271 loss: 8.7938587967073545e-07
Iter: 272 loss: 8.1595982237558928e-07
Iter: 273 loss: 7.9533367625117535e-07
Iter: 274 loss: 7.8530513292207615e-07
Iter: 275 loss: 7.8160098837543046e-07
Iter: 276 loss: 7.7798756592528662e-07
Iter: 277 loss: 7.7701679401798174e-07
Iter: 278 loss: 7.7611520055143046e-07
Iter: 279 loss: 7.7477432114392286e-07
Iter: 280 loss: 7.73661838593398e-07
Iter: 281 loss: 7.725795398982882e-07
Iter: 282 loss: 7.7103402418288169e-07
Iter: 283 loss: 7.6915904401175794e-07
Iter: 284 loss: 7.6906417234567925e-07
Iter: 285 loss: 7.6782123414886883e-07
Iter: 286 loss: 7.6475032528833253e-07
Iter: 287 loss: 7.8143955306586577e-07
Iter: 288 loss: 7.6265536108621745e-07
Iter: 289 loss: 7.56872452711832e-07
Iter: 290 loss: 7.5784356567965006e-07
Iter: 291 loss: 7.5349998951423913e-07
Iter: 292 loss: 7.4879824296658626e-07
Iter: 293 loss: 7.455113291143789e-07
Iter: 294 loss: 7.42055988212087e-07
Iter: 295 loss: 7.3918062071243185e-07
Iter: 296 loss: 7.3465355399093824e-07
Iter: 297 loss: 7.3102694386761868e-07
Iter: 298 loss: 7.2843681664380711e-07
Iter: 299 loss: 7.2540467499493388e-07
Iter: 300 loss: 7.224255682558578e-07
Iter: 301 loss: 7.1743130547474721e-07
Iter: 302 loss: 7.1326934403259656e-07
Iter: 303 loss: 7.1677038704365259e-07
Iter: 304 loss: 7.10786594027013e-07
Iter: 305 loss: 7.0713531385990791e-07
Iter: 306 loss: 7.0183148181968136e-07
Iter: 307 loss: 6.9591476403729757e-07
Iter: 308 loss: 6.8876744307999616e-07
Iter: 309 loss: 7.0125287265909719e-07
Iter: 310 loss: 6.8450464141278644e-07
Iter: 311 loss: 6.8331507918628631e-07
Iter: 312 loss: 6.786152653148747e-07
Iter: 313 loss: 6.7333473907638108e-07
Iter: 314 loss: 6.7030919126409572e-07
Iter: 315 loss: 6.6760037498170277e-07
Iter: 316 loss: 6.6505037921160692e-07
Iter: 317 loss: 6.6238351337233325e-07
Iter: 318 loss: 6.602421080970089e-07
Iter: 319 loss: 6.5821302541735349e-07
Iter: 320 loss: 6.5916918856601114e-07
Iter: 321 loss: 6.5732206167012919e-07
Iter: 322 loss: 6.5561619067011634e-07
Iter: 323 loss: 6.5450501551822526e-07
Iter: 324 loss: 6.53184827115183e-07
Iter: 325 loss: 6.52409312351665e-07
Iter: 326 loss: 6.5211668243136955e-07
Iter: 327 loss: 6.51122888939426e-07
Iter: 328 loss: 6.492384727607714e-07
Iter: 329 loss: 6.4715703729234519e-07
Iter: 330 loss: 6.5109986735478742e-07
Iter: 331 loss: 6.4425580603710841e-07
Iter: 332 loss: 6.4118160025827819e-07
Iter: 333 loss: 6.37934249425598e-07
Iter: 334 loss: 6.3042909914656775e-07
Iter: 335 loss: 6.2938840983406408e-07
Iter: 336 loss: 6.2732971173318219e-07
Iter: 337 loss: 6.2048661675362382e-07
Iter: 338 loss: 6.17875343777996e-07
Iter: 339 loss: 6.1546791130240308e-07
Iter: 340 loss: 6.0323958450680948e-07
Iter: 341 loss: 6.0598915752052562e-07
Iter: 342 loss: 5.9980914102197858e-07
Iter: 343 loss: 5.9076620573250693e-07
Iter: 344 loss: 5.9787271311506629e-07
Iter: 345 loss: 5.8579706774253282e-07
Iter: 346 loss: 5.820083970320411e-07
Iter: 347 loss: 5.74391719965206e-07
Iter: 348 loss: 5.7584367141316761e-07
Iter: 349 loss: 5.7187543234249461e-07
Iter: 350 loss: 5.6992695363078383e-07
Iter: 351 loss: 5.676034788848483e-07
Iter: 352 loss: 5.6672757864362211e-07
Iter: 353 loss: 5.6674537063372554e-07
Iter: 354 loss: 5.6563749240012839e-07
Iter: 355 loss: 5.6475965948266094e-07
Iter: 356 loss: 5.6414398841297952e-07
Iter: 357 loss: 5.63123649044428e-07
Iter: 358 loss: 5.6170472362282453e-07
Iter: 359 loss: 5.5977670854190364e-07
Iter: 360 loss: 5.587214673141716e-07
Iter: 361 loss: 5.5246971442102222e-07
Iter: 362 loss: 5.4862323395354906e-07
Iter: 363 loss: 5.424339519777277e-07
Iter: 364 loss: 5.336302706382412e-07
Iter: 365 loss: 5.2244894277464482e-07
Iter: 366 loss: 5.6454450714227278e-07
Iter: 367 loss: 5.1873200845875544e-07
Iter: 368 loss: 5.1494288300091284e-07
Iter: 369 loss: 5.1329072903172346e-07
Iter: 370 loss: 5.1248400723125087e-07
Iter: 371 loss: 5.1199702966187033e-07
Iter: 372 loss: 5.1165790182494675e-07
Iter: 373 loss: 5.1142382062607794e-07
Iter: 374 loss: 5.1111447874063742e-07
Iter: 375 loss: 5.1081406127195805e-07
Iter: 376 loss: 5.1040507287325454e-07
Iter: 377 loss: 5.1513461585273035e-07
Iter: 378 loss: 5.1003678436245536e-07
Iter: 379 loss: 5.0827674158426817e-07
Iter: 380 loss: 5.0982532684429316e-07
Iter: 381 loss: 5.0708257504084031e-07
Iter: 382 loss: 5.0445248689356958e-07
Iter: 383 loss: 5.0295545861445135e-07
Iter: 384 loss: 5.009698043068056e-07
Iter: 385 loss: 5.0012215524475323e-07
Iter: 386 loss: 4.986638373338792e-07
Iter: 387 loss: 4.9743425734050106e-07
Iter: 388 loss: 4.950813945470145e-07
Iter: 389 loss: 4.9388336265110411e-07
Iter: 390 loss: 4.9211502073376323e-07
Iter: 391 loss: 4.8973981847666437e-07
Iter: 392 loss: 4.8703543598094257e-07
Iter: 393 loss: 4.8351370196542121e-07
Iter: 394 loss: 4.7837977490416961e-07
Iter: 395 loss: 4.7804394398554e-07
Iter: 396 loss: 4.765118433169846e-07
Iter: 397 loss: 4.7488327936662245e-07
Iter: 398 loss: 4.728626663563773e-07
Iter: 399 loss: 4.7181976015053806e-07
Iter: 400 loss: 4.7036638761710492e-07
Iter: 401 loss: 4.6885119786566065e-07
Iter: 402 loss: 4.6725472202524543e-07
Iter: 403 loss: 4.6706344392077881e-07
Iter: 404 loss: 4.6478800186378066e-07
Iter: 405 loss: 4.6388254304474685e-07
Iter: 406 loss: 4.6320502633534488e-07
Iter: 407 loss: 4.6168588596628979e-07
Iter: 408 loss: 4.604790717621654e-07
Iter: 409 loss: 4.5864513253945915e-07
Iter: 410 loss: 4.5652399194295867e-07
Iter: 411 loss: 4.548620324840158e-07
Iter: 412 loss: 4.5412457438942511e-07
Iter: 413 loss: 4.5306578044801427e-07
Iter: 414 loss: 4.5287887928679993e-07
Iter: 415 loss: 4.5056586372993479e-07
Iter: 416 loss: 4.4909694452144322e-07
Iter: 417 loss: 4.4791650566367025e-07
Iter: 418 loss: 4.4629638296100893e-07
Iter: 419 loss: 4.4553681277648138e-07
Iter: 420 loss: 4.4488334083325753e-07
Iter: 421 loss: 4.4457337367020955e-07
Iter: 422 loss: 4.4439215685088129e-07
Iter: 423 loss: 4.4428261958273652e-07
Iter: 424 loss: 4.4418374045562814e-07
Iter: 425 loss: 4.4398228737918544e-07
Iter: 426 loss: 4.4341322791296989e-07
Iter: 427 loss: 4.4278937139097252e-07
Iter: 428 loss: 4.41908099446664e-07
Iter: 429 loss: 4.41126445593909e-07
Iter: 430 loss: 4.402141655646119e-07
Iter: 431 loss: 4.3928054083153256e-07
Iter: 432 loss: 4.3684377715180744e-07
Iter: 433 loss: 4.3413439243522589e-07
Iter: 434 loss: 4.30340890034131e-07
Iter: 435 loss: 4.4367789087118581e-07
Iter: 436 loss: 4.2743241124298947e-07
Iter: 437 loss: 4.222038114676252e-07
Iter: 438 loss: 4.1740577216842212e-07
Iter: 439 loss: 4.1871757616718241e-07
Iter: 440 loss: 4.1668050698717707e-07
Iter: 441 loss: 4.1573417774998234e-07
Iter: 442 loss: 4.1512234361107403e-07
Iter: 443 loss: 4.1446227783126233e-07
Iter: 444 loss: 4.1326484279125e-07
Iter: 445 loss: 4.1258664396082168e-07
Iter: 446 loss: 4.1083052337853587e-07
Iter: 447 loss: 4.0970999748424219e-07
Iter: 448 loss: 4.0832173908711411e-07
Iter: 449 loss: 4.0695863390283193e-07
Iter: 450 loss: 4.0517517163607408e-07
Iter: 451 loss: 4.0254104760606424e-07
Iter: 452 loss: 3.9840361409915204e-07
Iter: 453 loss: 3.9934843698574696e-07
Iter: 454 loss: 3.9558480580126343e-07
Iter: 455 loss: 3.9443057175958529e-07
Iter: 456 loss: 3.9278174313039926e-07
Iter: 457 loss: 3.8991802853161062e-07
Iter: 458 loss: 3.8902999222045764e-07
Iter: 459 loss: 3.8850083683428238e-07
Iter: 460 loss: 3.8826107129352749e-07
Iter: 461 loss: 3.8817393033241387e-07
Iter: 462 loss: 3.8811600688859471e-07
Iter: 463 loss: 3.8807988289590867e-07
Iter: 464 loss: 3.8801886148576159e-07
Iter: 465 loss: 3.8790813050582074e-07
Iter: 466 loss: 3.8771753452238045e-07
Iter: 467 loss: 3.87165385973276e-07
Iter: 468 loss: 3.8623392129011336e-07
Iter: 469 loss: 3.8404314750550839e-07
Iter: 470 loss: 3.8215767972360482e-07
Iter: 471 loss: 3.9226733861141838e-07
Iter: 472 loss: 3.8043609151827695e-07
Iter: 473 loss: 3.7801925145686255e-07
Iter: 474 loss: 3.7518091744459525e-07
Iter: 475 loss: 3.7293625609891023e-07
Iter: 476 loss: 3.7363838600867894e-07
Iter: 477 loss: 3.7209460401754768e-07
Iter: 478 loss: 3.7111658457433805e-07
Iter: 479 loss: 3.7008697972851223e-07
Iter: 480 loss: 3.6924978985553025e-07
Iter: 481 loss: 3.6817581872128358e-07
Iter: 482 loss: 3.6677857906397549e-07
Iter: 483 loss: 3.6545679904520512e-07
Iter: 484 loss: 3.6456975749388221e-07
Iter: 485 loss: 3.6341080544843862e-07
Iter: 486 loss: 3.6526060398500704e-07
Iter: 487 loss: 3.6262076719140168e-07
Iter: 488 loss: 3.6132820468992577e-07
Iter: 489 loss: 3.5973047829429561e-07
Iter: 490 loss: 3.5813332033285405e-07
Iter: 491 loss: 3.5704633205568825e-07
Iter: 492 loss: 3.5515637364369468e-07
Iter: 493 loss: 3.54091383769628e-07
Iter: 494 loss: 3.5292822531118873e-07
Iter: 495 loss: 3.5237130191489996e-07
Iter: 496 loss: 3.5178442203687155e-07
Iter: 497 loss: 3.5142633691975789e-07
Iter: 498 loss: 3.5085020044789417e-07
Iter: 499 loss: 3.5042899071413558e-07
Iter: 500 loss: 3.5001144738089351e-07
Iter: 501 loss: 3.4994644693142618e-07
Iter: 502 loss: 3.4983969499080558e-07
Iter: 503 loss: 3.4965916029250366e-07
Iter: 504 loss: 3.4952304872604145e-07
Iter: 505 loss: 3.4939915849463432e-07
Iter: 506 loss: 3.4921237102025771e-07
Iter: 507 loss: 3.4909052715192956e-07
Iter: 508 loss: 3.4896470424428117e-07
Iter: 509 loss: 3.4884624255937524e-07
Iter: 510 loss: 3.4870589615820791e-07
Iter: 511 loss: 3.4859644415519142e-07
Iter: 512 loss: 3.4847394658754638e-07
Iter: 513 loss: 3.4835161955015792e-07
Iter: 514 loss: 3.4824333283722808e-07
Iter: 515 loss: 3.4810977922461461e-07
Iter: 516 loss: 3.4795414194377372e-07
Iter: 517 loss: 3.4902021184279874e-07
Iter: 518 loss: 3.4787981917361321e-07
Iter: 519 loss: 3.4770894785651763e-07
Iter: 520 loss: 3.4753264799292083e-07
Iter: 521 loss: 3.4732155995698122e-07
Iter: 522 loss: 3.4701844242590596e-07
Iter: 523 loss: 3.4631852940947283e-07
Iter: 524 loss: 3.4618091149241081e-07
Iter: 525 loss: 3.4508835256019665e-07
Iter: 526 loss: 3.446649259331025e-07
Iter: 527 loss: 3.439456008891284e-07
Iter: 528 loss: 3.429151718137291e-07
Iter: 529 loss: 3.465863187557261e-07
Iter: 530 loss: 3.41626162025932e-07
Iter: 531 loss: 3.3955788580897206e-07
Iter: 532 loss: 3.3903927487699548e-07
Iter: 533 loss: 3.3799420862123952e-07
Iter: 534 loss: 5.8190465779262013e-07
Iter: 535 loss: 3.3538634625074337e-07
Iter: 536 loss: 3.3432033319513721e-07
Iter: 537 loss: 3.3207410865543352e-07
Iter: 538 loss: 3.3093175488829729e-07
Iter: 539 loss: 3.290726340310357e-07
Iter: 540 loss: 3.2787690429358918e-07
Iter: 541 loss: 3.2527660209780151e-07
Iter: 542 loss: 3.2261795013255323e-07
Iter: 543 loss: 3.2343382372346241e-07
Iter: 544 loss: 3.1959652346813527e-07
Iter: 545 loss: 3.1686238344263984e-07
Iter: 546 loss: 3.1441715009350446e-07
Iter: 547 loss: 3.115393099051289e-07
Iter: 548 loss: 3.0913545856492419e-07
Iter: 549 loss: 3.0675147399961133e-07
Iter: 550 loss: 3.045606433715875e-07
Iter: 551 loss: 3.0225979230635858e-07
Iter: 552 loss: 3.0182818022694846e-07
Iter: 553 loss: 3.006731787991157e-07
Iter: 1 loss: 0.0040084319189190865
Iter: 2 loss: 0.0044148103334009647
Iter: 3 loss: 0.0035903272219002247
Iter: 4 loss: 0.0031117121689021587
Iter: 5 loss: 0.00556990597397089
Iter: 6 loss: 0.0023327930830419064
Iter: 7 loss: 0.0014872268075123429
Iter: 8 loss: 0.010364915244281292
Iter: 9 loss: 0.00089149374980479479
Iter: 10 loss: 0.0039601041935384274
Iter: 11 loss: 0.00062734255334362388
Iter: 12 loss: 0.00048771913861855865
Iter: 13 loss: 0.00037204887485131621
Iter: 14 loss: 0.00034036993747577071
Iter: 15 loss: 0.00026402706862427294
Iter: 16 loss: 0.00020331420819275081
Iter: 17 loss: 0.00019835922284983099
Iter: 18 loss: 0.00019641255494207144
Iter: 19 loss: 0.00019012052507605404
Iter: 20 loss: 0.0001842454366851598
Iter: 21 loss: 0.00017333152936771512
Iter: 22 loss: 0.00015981179603841156
Iter: 23 loss: 0.00015478841669391841
Iter: 24 loss: 0.00015122062177397311
Iter: 25 loss: 0.00014455670316237956
Iter: 26 loss: 0.00013351219240576029
Iter: 27 loss: 0.00012435833923518658
Iter: 28 loss: 0.00011600030120462179
Iter: 29 loss: 0.000115046146675013
Iter: 30 loss: 0.00011178228305652738
Iter: 31 loss: 0.00011117181566078216
Iter: 32 loss: 0.00010979878425132483
Iter: 33 loss: 0.0001077929264283739
Iter: 34 loss: 0.00010428174573462456
Iter: 35 loss: 0.00010143160034203902
Iter: 36 loss: 9.9817800219170749e-05
Iter: 37 loss: 9.9359138403087854e-05
Iter: 38 loss: 9.9208366009406745e-05
Iter: 39 loss: 9.8656186310108751e-05
Iter: 40 loss: 9.6294439572375268e-05
Iter: 41 loss: 9.4039292889647186e-05
Iter: 42 loss: 9.096772555494681e-05
Iter: 43 loss: 8.9897039288189262e-05
Iter: 44 loss: 8.8404456619173288e-05
Iter: 45 loss: 8.7613007053732872e-05
Iter: 46 loss: 8.6841508164070547e-05
Iter: 47 loss: 8.5584244516212493e-05
Iter: 48 loss: 8.2829144957941025e-05
Iter: 49 loss: 8.1516671343706548e-05
Iter: 50 loss: 7.71583872847259e-05
Iter: 51 loss: 7.3555311246309429e-05
Iter: 52 loss: 6.849605415482074e-05
Iter: 53 loss: 6.1903141613584012e-05
Iter: 54 loss: 0.012266987003386021
Iter: 55 loss: 7.0878755650483072e-05
Iter: 56 loss: 5.6735625548753887e-05
Iter: 57 loss: 4.9373637011740357e-05
Iter: 58 loss: 3.80269339075312e-05
Iter: 59 loss: 3.4171640436397865e-05
Iter: 60 loss: 5.4397336498368531e-05
Iter: 61 loss: 2.9823506338289008e-05
Iter: 62 loss: 2.671448964974843e-05
Iter: 63 loss: 2.3570271878270432e-05
Iter: 64 loss: 2.36192463489715e-05
Iter: 65 loss: 2.2409578377846628e-05
Iter: 66 loss: 2.1014875528635457e-05
Iter: 67 loss: 1.9106755644315854e-05
Iter: 68 loss: 1.6311585568473674e-05
Iter: 69 loss: 1.3655097973241936e-05
Iter: 70 loss: 1.0979515536746476e-05
Iter: 71 loss: 9.36059768719133e-06
Iter: 72 loss: 7.4001363827846944e-06
Iter: 73 loss: 6.0373308770067524e-06
Iter: 74 loss: 5.1270808398840018e-06
Iter: 75 loss: 4.5568494897452183e-06
Iter: 76 loss: 4.0730315049586352e-06
Iter: 77 loss: 3.5861789910995867e-06
Iter: 78 loss: 3.3913875086000189e-06
Iter: 79 loss: 2.9896000341977924e-06
Iter: 80 loss: 2.7904029593628366e-06
Iter: 81 loss: 2.1423461475933436e-06
Iter: 82 loss: 1.925370497701806e-06
Iter: 83 loss: 1.7468548776378157e-06
Iter: 84 loss: 1.5458932693945826e-06
Iter: 85 loss: 1.4354878885569633e-06
Iter: 86 loss: 1.3596243206848158e-06
Iter: 87 loss: 1.2905144330943585e-06
Iter: 88 loss: 1.2517587038018974e-06
Iter: 89 loss: 1.1845889957839972e-06
Iter: 90 loss: 1.1070094387832796e-06
Iter: 91 loss: 1.001896407615277e-06
Iter: 92 loss: 9.0604299884944339e-07
Iter: 93 loss: 7.9592791735194623e-07
Iter: 94 loss: 7.1203277229869855e-07
Iter: 95 loss: 6.3936579408618854e-07
Iter: 96 loss: 6.0858565120724961e-07
Iter: 97 loss: 5.81937399601884e-07
Iter: 98 loss: 5.5677850241409033e-07
Iter: 99 loss: 5.3530504828813719e-07
Iter: 100 loss: 5.1748384066740982e-07
Iter: 101 loss: 5.0523078698461177e-07
Iter: 102 loss: 4.9218522235605633e-07
Iter: 103 loss: 4.8436652377858991e-07
Iter: 104 loss: 4.7971451522244024e-07
Iter: 105 loss: 4.7542889092255791e-07
Iter: 106 loss: 4.6448667490039952e-07
Iter: 107 loss: 4.5920211277916678e-07
Iter: 108 loss: 4.4343534000290674e-07
Iter: 109 loss: 4.2149781620537397e-07
Iter: 110 loss: 4.0170834836317226e-07
Iter: 111 loss: 3.9012121533232857e-07
Iter: 112 loss: 3.8196066043383325e-07
Iter: 113 loss: 3.72752992916503e-07
Iter: 114 loss: 3.6257659985494683e-07
Iter: 115 loss: 3.5168127965334861e-07
Iter: 116 loss: 3.4616405741871858e-07
Iter: 117 loss: 3.4291846873202303e-07
Iter: 118 loss: 3.4075301869052055e-07
Iter: 119 loss: 3.3852640513032384e-07
Iter: 120 loss: 3.3458519510531914e-07
Iter: 121 loss: 3.0732294931112847e-07
Iter: 122 loss: 2.8432961585167504e-07
Iter: 123 loss: 2.6599803959470592e-07
Iter: 124 loss: 2.5944353865270386e-07
Iter: 125 loss: 2.5745183052094944e-07
Iter: 126 loss: 2.5595036845516006e-07
Iter: 127 loss: 2.5383087631780654e-07
Iter: 128 loss: 2.5125342517640092e-07
Iter: 129 loss: 2.4960615974123357e-07
Iter: 130 loss: 2.4691954081390577e-07
Iter: 131 loss: 2.3968837581378466e-07
Iter: 132 loss: 2.3510798996539961e-07
Iter: 133 loss: 2.3106549917883967e-07
Iter: 134 loss: 2.2803301646945329e-07
Iter: 135 loss: 2.2507006747218838e-07
Iter: 136 loss: 2.2123246878891223e-07
Iter: 137 loss: 2.2033300695056823e-07
Iter: 138 loss: 2.1958767604246532e-07
Iter: 139 loss: 2.1862888388568535e-07
Iter: 140 loss: 2.1679048245459853e-07
Iter: 141 loss: 2.1285109141899738e-07
Iter: 142 loss: 2.047247846803657e-07
Iter: 143 loss: 1.9797812456090469e-07
Iter: 144 loss: 2.2232033813907037e-07
Iter: 145 loss: 1.8879110541547561e-07
Iter: 146 loss: 1.8318313266263431e-07
Iter: 147 loss: 1.6853550732776057e-07
Iter: 148 loss: 1.6250409373697039e-07
Iter: 149 loss: 1.5760829796818143e-07
Iter: 150 loss: 1.5431844246904802e-07
Iter: 151 loss: 1.5138093090172333e-07
Iter: 152 loss: 1.4850078855488391e-07
Iter: 153 loss: 1.5613051118634758e-07
Iter: 154 loss: 1.4674785120405431e-07
Iter: 155 loss: 1.4524479752253683e-07
Iter: 156 loss: 1.4488816191260412e-07
Iter: 157 loss: 1.4461188868608588e-07
Iter: 158 loss: 1.4410339588266652e-07
Iter: 159 loss: 1.4292709238361567e-07
Iter: 160 loss: 1.4083289556765521e-07
Iter: 161 loss: 1.3678273091954907e-07
Iter: 162 loss: 1.2920888536882558e-07
Iter: 163 loss: 1.2167133434104471e-07
Iter: 164 loss: 1.1576240410704486e-07
Iter: 165 loss: 1.1302923041967006e-07
Iter: 166 loss: 1.0854738263788022e-07
Iter: 167 loss: 1.0704235364755732e-07
Iter: 168 loss: 1.0598962774110987e-07
Iter: 169 loss: 1.0443888953659552e-07
Iter: 170 loss: 1.0352359680609879e-07
Iter: 171 loss: 1.0280365358994459e-07
Iter: 172 loss: 1.0248783155475394e-07
Iter: 173 loss: 1.0223904922668225e-07
Iter: 174 loss: 1.0185813437146862e-07
Iter: 175 loss: 1.014354893413838e-07
Iter: 176 loss: 1.0078765910748189e-07
Iter: 177 loss: 1.0000403705134886e-07
Iter: 178 loss: 9.8759890931887639e-08
Iter: 179 loss: 9.7455640002408472e-08
Iter: 180 loss: 9.5309054870540422e-08
Iter: 181 loss: 9.4962423702327214e-08
Iter: 182 loss: 9.3586493221664568e-08
Iter: 183 loss: 9.2812541652165237e-08
Iter: 184 loss: 9.2110958860303072e-08
Iter: 185 loss: 9.107041165634655e-08
Iter: 186 loss: 9.0147821651953564e-08
Iter: 187 loss: 8.9532228741973086e-08
Iter: 188 loss: 8.9089994048663357e-08
Iter: 189 loss: 8.8740698345191049e-08
Iter: 190 loss: 8.8450519797333982e-08
Iter: 191 loss: 8.8175212908936373e-08
Iter: 192 loss: 8.7974278528690775e-08
Iter: 193 loss: 8.77059704862404e-08
Iter: 194 loss: 8.73759802288987e-08
Iter: 195 loss: 8.7031658324576711e-08
Iter: 196 loss: 8.6429437828883238e-08
Iter: 197 loss: 8.5262684024201008e-08
Iter: 198 loss: 8.3357726055055537e-08
Iter: 199 loss: 8.2484433505669585e-08
Iter: 200 loss: 8.1380932215324719e-08
Iter: 201 loss: 8.06813531539774e-08
Iter: 202 loss: 8.00933648292812e-08
Iter: 203 loss: 7.909969923503013e-08
Iter: 204 loss: 7.7674442877651018e-08
Iter: 205 loss: 7.616455377501552e-08
Iter: 206 loss: 7.3118862076171354e-08
Iter: 207 loss: 6.99384798963365e-08
Iter: 208 loss: 1.081345573084036e-07
Iter: 209 loss: 6.8791273122315033e-08
Iter: 210 loss: 6.5890539246993285e-08
Iter: 211 loss: 6.48538076575278e-08
Iter: 212 loss: 6.3936440142242645e-08
Iter: 213 loss: 6.3169878217195219e-08
Iter: 214 loss: 6.2694539337826427e-08
Iter: 215 loss: 6.2259488231575233e-08
Iter: 216 loss: 6.1906433757030754e-08
Iter: 217 loss: 6.160048826586717e-08
Iter: 218 loss: 6.090537851832778e-08
Iter: 219 loss: 6.0010542313193582e-08
Iter: 220 loss: 5.9287753373382657e-08
Iter: 221 loss: 5.926168000769394e-08
Iter: 222 loss: 5.8886485021503177e-08
Iter: 223 loss: 5.8711048467330329e-08
Iter: 224 loss: 5.8634963551185137e-08
Iter: 225 loss: 5.8597471763732756e-08
Iter: 226 loss: 5.8568833338767945e-08
Iter: 227 loss: 5.8522992674170382e-08
Iter: 228 loss: 5.8412258141515849e-08
Iter: 229 loss: 5.8205909425623759e-08
Iter: 230 loss: 5.7873240422168237e-08
Iter: 231 loss: 5.7296698940945134e-08
Iter: 232 loss: 5.690059623475463e-08
Iter: 233 loss: 5.6800718795102512e-08
Iter: 234 loss: 5.6653597368949704e-08
Iter: 235 loss: 5.6352327248987422e-08
Iter: 236 loss: 5.6258166125644493e-08
Iter: 237 loss: 5.6119006330845878e-08
Iter: 238 loss: 5.5985520219792306e-08
Iter: 239 loss: 5.5890780004119733e-08
Iter: 240 loss: 5.7708330558625676e-08
Iter: 241 loss: 5.5843550228473759e-08
Iter: 242 loss: 5.5849795899121091e-08
Iter: 243 loss: 5.5795617015519383e-08
Iter: 244 loss: 5.5714462376954543e-08
Iter: 245 loss: 5.5617704219912412e-08
Iter: 246 loss: 5.6023139904937125e-08
Iter: 247 loss: 5.5561706346907158e-08
Iter: 248 loss: 5.5542262344943083e-08
Iter: 249 loss: 5.5521049091566965e-08
Iter: 250 loss: 5.5424038691853639e-08
Iter: 251 loss: 5.5268422727294819e-08
Iter: 252 loss: 5.52497567696264e-08
Iter: 253 loss: 5.5181363478595813e-08
Iter: 254 loss: 5.4944116811839194e-08
Iter: 255 loss: 5.465923180736354e-08
Iter: 256 loss: 5.5425505962602983e-08
Iter: 257 loss: 5.4543910721349675e-08
Iter: 258 loss: 5.4224575052330692e-08
Iter: 259 loss: 5.3848644654408417e-08
Iter: 260 loss: 5.3483937278997473e-08
Iter: 261 loss: 5.3191705262634059e-08
Iter: 262 loss: 5.4383541225888621e-08
Iter: 263 loss: 5.2893732060965704e-08
Iter: 264 loss: 5.3023473611801819e-08
Iter: 265 loss: 5.2584859133730788e-08
Iter: 266 loss: 5.2327987276612475e-08
Iter: 267 loss: 5.2164626396233871e-08
Iter: 268 loss: 5.2062791411344733e-08
Iter: 269 loss: 5.19150376021571e-08
Iter: 270 loss: 5.1704109438333035e-08
Iter: 271 loss: 5.1472859752266231e-08
Iter: 272 loss: 5.1083667074180994e-08
Iter: 273 loss: 5.0954923835888621e-08
Iter: 274 loss: 5.0891792113816336e-08
Iter: 275 loss: 5.0853394384375861e-08
Iter: 276 loss: 5.0793584449593254e-08
Iter: 277 loss: 5.07018071971288e-08
Iter: 278 loss: 5.0600817758095218e-08
Iter: 279 loss: 5.0485461144944566e-08
Iter: 280 loss: 5.0260211992281256e-08
Iter: 281 loss: 5.0038931220797167e-08
Iter: 282 loss: 4.985354351561e-08
Iter: 283 loss: 4.9681972313919687e-08
Iter: 284 loss: 4.9514063960032217e-08
Iter: 285 loss: 4.9243844557622651e-08
Iter: 286 loss: 4.9037669924700822e-08
Iter: 287 loss: 4.9124064815941892e-08
Iter: 288 loss: 4.8648974626530617e-08
Iter: 289 loss: 4.8481201275762942e-08
Iter: 290 loss: 4.8196124424748632e-08
Iter: 291 loss: 4.8009052733277713e-08
Iter: 292 loss: 4.7820691406741389e-08
Iter: 293 loss: 4.7687855442291038e-08
Iter: 294 loss: 4.7617554344014934e-08
Iter: 295 loss: 4.7570750894010416e-08
Iter: 296 loss: 4.7560000382418366e-08
Iter: 297 loss: 4.7542741299366753e-08
Iter: 298 loss: 4.7503480260502329e-08
Iter: 299 loss: 4.74456847143756e-08
Iter: 300 loss: 4.7334825836742311e-08
Iter: 301 loss: 4.7194248509185854e-08
Iter: 302 loss: 4.7019504734180373e-08
Iter: 303 loss: 4.6835538114464725e-08
Iter: 304 loss: 4.6706990275424687e-08
Iter: 305 loss: 4.65341578603784e-08
Iter: 306 loss: 4.6307274459422842e-08
Iter: 307 loss: 4.6207308201928754e-08
Iter: 308 loss: 4.5906556778163576e-08
Iter: 309 loss: 4.5902972090061667e-08
Iter: 310 loss: 4.5762732270304696e-08
Iter: 311 loss: 4.5550002880645479e-08
Iter: 312 loss: 4.5266727255466321e-08
Iter: 313 loss: 4.55239899110893e-08
Iter: 314 loss: 4.5042774843295774e-08
Iter: 315 loss: 4.5013813121386193e-08
Iter: 316 loss: 4.485699278689026e-08
Iter: 317 loss: 4.4336822213608684e-08
Iter: 318 loss: 4.3853539466454095e-08
Iter: 319 loss: 4.4030379342530068e-08
Iter: 320 loss: 4.3687510498102711e-08
Iter: 321 loss: 4.3505657743025949e-08
Iter: 322 loss: 4.3407805350170747e-08
Iter: 323 loss: 4.3292033069519675e-08
Iter: 324 loss: 4.3154848583526473e-08
Iter: 325 loss: 4.2764717989030032e-08
Iter: 326 loss: 4.2421781643042777e-08
Iter: 327 loss: 4.2011386369722459e-08
Iter: 328 loss: 4.181756096954814e-08
Iter: 329 loss: 4.1400490147225355e-08
Iter: 330 loss: 4.1049297294648568e-08
Iter: 331 loss: 4.0861117156509863e-08
Iter: 332 loss: 4.0639918097440386e-08
Iter: 333 loss: 4.0501763720612871e-08
Iter: 334 loss: 4.0303792303575392e-08
Iter: 335 loss: 4.0078198537685239e-08
Iter: 336 loss: 3.9864506362619068e-08
Iter: 337 loss: 3.9899497039641574e-08
Iter: 338 loss: 3.9835175158486891e-08
Iter: 339 loss: 3.9817155794708015e-08
Iter: 340 loss: 3.9804540108434594e-08
Iter: 341 loss: 3.9799679996121995e-08
Iter: 342 loss: 3.9792869443999734e-08
Iter: 343 loss: 3.9779354921165577e-08
Iter: 344 loss: 3.976782636527787e-08
Iter: 345 loss: 3.9750396751969674e-08
Iter: 346 loss: 3.9728725198528991e-08
Iter: 347 loss: 3.9687840569513355e-08
Iter: 348 loss: 3.9665373208208621e-08
Iter: 349 loss: 3.963472039458793e-08
Iter: 350 loss: 3.9618612390768249e-08
Iter: 351 loss: 3.9607119362017329e-08
Iter: 352 loss: 3.9600063672651231e-08
Iter: 353 loss: 3.9588854860994616e-08
Iter: 354 loss: 3.9571272480998232e-08
Iter: 355 loss: 3.9546591779071605e-08
Iter: 356 loss: 3.9514425509423745e-08
Iter: 357 loss: 3.9480958946569444e-08
Iter: 358 loss: 3.94283112825633e-08
Iter: 359 loss: 3.9360362080742561e-08
Iter: 360 loss: 3.916423452210438e-08
Iter: 361 loss: 3.90949175255173e-08
Iter: 362 loss: 3.8917963962603608e-08
Iter: 363 loss: 3.8859827355963716e-08
Iter: 364 loss: 3.8770970434143237e-08
Iter: 365 loss: 3.8736008178830161e-08
Iter: 366 loss: 3.8704342841811012e-08
Iter: 367 loss: 3.8669419666348404e-08
Iter: 368 loss: 3.8609520913723827e-08
Iter: 369 loss: 3.84385892004957e-08
Iter: 370 loss: 3.8334881935497833e-08
Iter: 371 loss: 3.925519109770903e-08
Iter: 372 loss: 3.8153238790528121e-08
Iter: 373 loss: 3.9241996319105965e-08
Iter: 374 loss: 3.8048909800636466e-08
Iter: 375 loss: 3.776965584734171e-08
Iter: 376 loss: 3.7508108619022096e-08
Iter: 377 loss: 3.7212235071137911e-08
Iter: 378 loss: 3.9120170214346217e-08
Iter: 379 loss: 3.7066474334324084e-08
Iter: 380 loss: 3.7234446637057772e-08
Iter: 381 loss: 3.6690678939521604e-08
Iter: 382 loss: 3.6728327046375853e-08
Iter: 383 loss: 3.6463170260958577e-08
Iter: 384 loss: 3.624067090868266e-08
Iter: 385 loss: 3.6110300527525396e-08
Iter: 386 loss: 3.5982075985430129e-08
Iter: 387 loss: 3.5999025982391686e-08
Iter: 388 loss: 3.5854583302352694e-08
Iter: 389 loss: 3.5792531605238764e-08
Iter: 390 loss: 3.5712410806354455e-08
Iter: 391 loss: 3.5699354583584864e-08
Iter: 392 loss: 3.563974360076827e-08
Iter: 393 loss: 3.5619475369230713e-08
Iter: 394 loss: 3.5589884816999984e-08
Iter: 395 loss: 3.558234240585989e-08
Iter: 396 loss: 3.55552920439095e-08
Iter: 397 loss: 3.5545792087532391e-08
Iter: 398 loss: 3.5532984554720315e-08
Iter: 399 loss: 3.5517228269554835e-08
Iter: 400 loss: 3.55006939400937e-08
Iter: 401 loss: 3.546952598298958e-08
Iter: 402 loss: 3.5437292211781823e-08
Iter: 403 loss: 3.538171000627699e-08
Iter: 404 loss: 3.5333986403429662e-08
Iter: 405 loss: 3.5321480851280285e-08
Iter: 406 loss: 3.5306570111970359e-08
Iter: 407 loss: 3.5267401443661583e-08
Iter: 408 loss: 3.524066727322861e-08
Iter: 409 loss: 3.5203989057208673e-08
Iter: 410 loss: 3.5155238720108173e-08
Iter: 411 loss: 3.5102591056102028e-08
Iter: 412 loss: 3.5026385347691757e-08
Iter: 413 loss: 3.4924454439533292e-08
Iter: 414 loss: 3.4985102814744096e-08
Iter: 415 loss: 3.4886717514837073e-08
Iter: 416 loss: 3.4845694329987964e-08
Iter: 417 loss: 3.4789895408948723e-08
Iter: 418 loss: 3.4722344111060011e-08
Iter: 419 loss: 3.4673934834472675e-08
Iter: 420 loss: 3.4575968754779751e-08
Iter: 421 loss: 3.4514737734525625e-08
Iter: 422 loss: 3.4462264153489741e-08
Iter: 423 loss: 3.4405797322278886e-08
Iter: 424 loss: 3.4655535330330167e-08
Iter: 425 loss: 3.4370707169273373e-08
Iter: 426 loss: 3.4373396573528225e-08
Iter: 427 loss: 3.4339933563387603e-08
Iter: 428 loss: 3.4448571994971644e-08
Iter: 429 loss: 3.4301571361083916e-08
Iter: 430 loss: 3.419848582097984e-08
Iter: 431 loss: 3.4071867105467391e-08
Iter: 432 loss: 3.41285257832169e-08
Iter: 433 loss: 3.4031298667969168e-08
Iter: 434 loss: 3.4687548833289839e-08
Iter: 435 loss: 3.3999548065821728e-08
Iter: 436 loss: 3.414005078639093e-08
Iter: 437 loss: 3.3971168988955469e-08
Iter: 438 loss: 3.3946903954529262e-08
Iter: 439 loss: 3.3918517772235646e-08
Iter: 440 loss: 3.3898459150805138e-08
Iter: 441 loss: 3.3862953330299206e-08
Iter: 442 loss: 3.37867369637479e-08
Iter: 443 loss: 3.3599203419498735e-08
Iter: 444 loss: 3.3938043486614333e-08
Iter: 445 loss: 3.3538054111659221e-08
Iter: 446 loss: 3.3604575122581082e-08
Iter: 447 loss: 3.3495116014137238e-08
Iter: 448 loss: 3.3494259810140647e-08
Iter: 449 loss: 3.3461780901689053e-08
Iter: 450 loss: 3.3445950009536318e-08
Iter: 451 loss: 3.3428488421805014e-08
Iter: 452 loss: 3.3420292311348021e-08
Iter: 453 loss: 3.3410390898325204e-08
Iter: 454 loss: 3.3398578125343192e-08
Iter: 455 loss: 3.3372380414675717e-08
Iter: 456 loss: 3.3341269300990461e-08
Iter: 457 loss: 3.3311795988311133e-08
Iter: 458 loss: 3.331660280991855e-08
Iter: 459 loss: 3.3297418156053027e-08
Iter: 460 loss: 3.3278997335628446e-08
Iter: 461 loss: 3.326008979342987e-08
Iter: 462 loss: 3.3246390529484415e-08
Iter: 463 loss: 3.3230001861284109e-08
Iter: 464 loss: 3.3227582463268845e-08
Iter: 465 loss: 3.3220445061488135e-08
Iter: 466 loss: 3.3203452431962432e-08
Iter: 467 loss: 3.3175297176057938e-08
Iter: 468 loss: 3.3112371511379024e-08
Iter: 469 loss: 3.2875441036139819e-08
Iter: 470 loss: 3.3070115534883371e-08
Iter: 471 loss: 3.2767275115475059e-08
Iter: 472 loss: 3.2491062285089356e-08
Iter: 473 loss: 3.2316215481387189e-08
Iter: 474 loss: 3.456439046090054e-08
Iter: 475 loss: 3.2218764545177692e-08
Iter: 476 loss: 3.2094455093556462e-08
Iter: 477 loss: 3.1966258973170625e-08
Iter: 478 loss: 3.202299225790739e-08
Iter: 479 loss: 3.187300379181579e-08
Iter: 480 loss: 3.1762123597900427e-08
Iter: 481 loss: 3.1857460669471038e-08
Iter: 482 loss: 3.1618817786238651e-08
Iter: 483 loss: 3.1587227056206757e-08
Iter: 484 loss: 3.1428449176473805e-08
Iter: 485 loss: 3.1364425723268141e-08
Iter: 486 loss: 3.1317945570208394e-08
Iter: 487 loss: 3.1161874858298688e-08
Iter: 488 loss: 3.1008870138293787e-08
Iter: 489 loss: 3.1763914165594542e-08
Iter: 490 loss: 3.08331387088856e-08
Iter: 491 loss: 3.0699869313366435e-08
Iter: 492 loss: 3.0403633388687012e-08
Iter: 493 loss: 3.0865031419580191e-08
Iter: 494 loss: 3.0351589686006264e-08
Iter: 495 loss: 3.0250578930690608e-08
Iter: 496 loss: 3.0203121781369191e-08
Iter: 497 loss: 3.0228552105882045e-08
Iter: 498 loss: 3.0106910742233595e-08
Iter: 499 loss: 2.9964553505124059e-08
Iter: 500 loss: 2.9827443626118111e-08
Iter: 501 loss: 2.9824786196286368e-08
Iter: 502 loss: 2.9779684496133996e-08
Iter: 503 loss: 2.9699483761191914e-08
Iter: 504 loss: 2.9692094116740009e-08
Iter: 505 loss: 2.9677760693402888e-08
Iter: 506 loss: 2.9657627464985126e-08
Iter: 507 loss: 2.9650198740682754e-08
Iter: 508 loss: 2.9635405240924229e-08
Iter: 509 loss: 2.9629712017253951e-08
Iter: 510 loss: 2.9621720187833489e-08
Iter: 511 loss: 2.9611333829393516e-08
Iter: 512 loss: 2.9599954487480318e-08
Iter: 513 loss: 2.958747913339721e-08
Iter: 514 loss: 2.9572129633947952e-08
Iter: 515 loss: 2.9562409409322754e-08
Iter: 516 loss: 2.9556838754274395e-08
Iter: 517 loss: 2.9551660674087543e-08
Iter: 518 loss: 2.9542707835616966e-08
Iter: 519 loss: 2.9528456124694458e-08
Iter: 520 loss: 2.9499821252443326e-08
Iter: 521 loss: 2.9465965667441196e-08
Iter: 522 loss: 2.939818877223388e-08
Iter: 523 loss: 2.9314112026668226e-08
Iter: 524 loss: 2.9152037228641348e-08
Iter: 525 loss: 2.9098384146664102e-08
Iter: 526 loss: 2.904460494335126e-08
Iter: 527 loss: 2.8967466647600304e-08
Iter: 528 loss: 2.9254696443103967e-08
Iter: 529 loss: 2.8859673761871818e-08
Iter: 530 loss: 2.8771319549036889e-08
Iter: 531 loss: 2.8717874300809854e-08
Iter: 532 loss: 2.8665919415971075e-08
Iter: 533 loss: 2.8644985050618743e-08
Iter: 534 loss: 2.8627169967876398e-08
Iter: 535 loss: 2.8607962221371963e-08
Iter: 536 loss: 2.8552083364274949e-08
Iter: 537 loss: 2.8524066664203929e-08
Iter: 538 loss: 2.8488893022426964e-08
Iter: 539 loss: 2.8446748956412193e-08
Iter: 540 loss: 2.8409857577571529e-08
Iter: 541 loss: 2.8387692196929493e-08
Iter: 542 loss: 2.8419739450669113e-08
Iter: 543 loss: 2.8367997728651062e-08
Iter: 544 loss: 2.8336733848277618e-08
Iter: 545 loss: 2.830204337556097e-08
Iter: 546 loss: 2.8268496876648896e-08
Iter: 547 loss: 2.8248328121094346e-08
Iter: 548 loss: 2.8230966009346048e-08
Iter: 549 loss: 2.8220256353961304e-08
Iter: 550 loss: 2.8200815904710907e-08
Iter: 551 loss: 2.8190012102413675e-08
Iter: 552 loss: 2.81719341188591e-08
Iter: 553 loss: 2.8153545272857627e-08
Iter: 554 loss: 2.814178046151028e-08
Iter: 555 loss: 2.8126972750897039e-08
Iter: 556 loss: 2.8116463823835147e-08
Iter: 557 loss: 2.8102638438554095e-08
Iter: 558 loss: 2.8076749813976676e-08
Iter: 559 loss: 2.8051150735564079e-08
Iter: 560 loss: 2.8032104637532029e-08
