==========================================
SLURM_JOB_ID = 9536020
SLURM_SUBMIT_DIR = /home/qhaomin/NNHJB/src
SLURM_JOB_NODELIST = mgpu02
==========================================
Iteration 0
Elapsed time for kappa 78.3143 sec
Elapsed time for experts 84.9478 sec
Elapsed time for households 79.0851 sec
Iteration 1
Elapsed time for kappa 33.1897 sec
Elapsed time for experts 77.7600 sec
Elapsed time for households 73.7054 sec
Iteration 2
Elapsed time for kappa 26.7753 sec
Elapsed time for experts 80.0912 sec
Elapsed time for households 75.5037 sec
Iteration 3
Elapsed time for kappa 24.8518 sec
Elapsed time for experts 76.9497 sec
Elapsed time for households 75.7299 sec
Iteration 4
Elapsed time for kappa 30.1393 sec
Elapsed time for experts 77.7858 sec
Elapsed time for households 73.0902 sec
Iteration 5
Elapsed time for kappa 22.8448 sec
Elapsed time for experts 78.0002 sec
Elapsed time for households 74.2226 sec
Iteration 6
Elapsed time for kappa 22.4288 sec
Elapsed time for experts 77.5405 sec
Elapsed time for households 74.8586 sec
Iteration 7
Elapsed time for kappa 22.4409 sec
Elapsed time for experts 81.8342 sec
Elapsed time for households 74.2039 sec
Iteration 8
Elapsed time for kappa 23.0962 sec
Elapsed time for experts 78.0733 sec
Elapsed time for households 47.2293 sec
Iteration 9
Elapsed time for kappa 21.3876 sec
Elapsed time for experts 76.7974 sec
Elapsed time for households 72.3825 sec
Elapsed time for training 1816.1093 sec
