==========================================
SLURM_JOB_ID = 9526440
SLURM_SUBMIT_DIR = /home/qhaomin/NNHJB/src
SLURM_JOB_NODELIST = mgpu02
==========================================
Iteration 0
Elapsed time for kappa 85.2381 sec
Elapsed time for experts 46.7386 sec
Elapsed time for households 40.4519 sec
Iteration 1
Elapsed time for kappa 57.8469 sec
Elapsed time for experts 41.8323 sec
Elapsed time for households 6.8309 sec
Iteration 2
Elapsed time for kappa 60.5779 sec
Elapsed time for experts 41.2640 sec
Elapsed time for households 6.7521 sec
Iteration 3
Elapsed time for kappa 18.1722 sec
Elapsed time for experts 40.3990 sec
Elapsed time for households 9.1403 sec
Iteration 4
Elapsed time for kappa 51.1182 sec
Elapsed time for experts 40.7994 sec
Elapsed time for households 21.7147 sec
Iteration 5
Elapsed time for kappa 14.8293 sec
Elapsed time for experts 48.1918 sec
Elapsed time for households 14.6229 sec
Iteration 6
Elapsed time for kappa 64.1104 sec
Elapsed time for experts 47.6024 sec
Elapsed time for households 10.4770 sec
Iteration 7
Elapsed time for kappa 15.1805 sec
Elapsed time for experts 48.2962 sec
Elapsed time for households 8.4090 sec
Iteration 8
Elapsed time for kappa 21.7087 sec
Elapsed time for experts 47.4598 sec
Elapsed time for households 11.2457 sec
Iteration 9
Elapsed time for kappa 68.8518 sec
Elapsed time for experts 47.2120 sec
Elapsed time for households 8.7275 sec
Elapsed time for training 1046.4531 sec
