==========================================
SLURM_JOB_ID = 9526458
SLURM_SUBMIT_DIR = /home/qhaomin/NNHJB/src
SLURM_JOB_NODELIST = mgpu02
==========================================
Iteration 0
Elapsed time for kappa 60.6748 sec
Elapsed time for experts 45.5796 sec
Elapsed time for households 42.2463 sec
Iteration 1
Elapsed time for kappa 23.7965 sec
Elapsed time for experts 40.3826 sec
Elapsed time for households 36.8164 sec
Iteration 2
Elapsed time for kappa 61.1635 sec
Elapsed time for experts 41.8416 sec
Elapsed time for households 36.5542 sec
Iteration 3
Elapsed time for kappa 59.9279 sec
Elapsed time for experts 42.0631 sec
Elapsed time for households 23.9321 sec
Iteration 4
Elapsed time for kappa 59.6469 sec
Elapsed time for experts 8.0261 sec
Elapsed time for households 6.9274 sec
Iteration 5
Elapsed time for kappa 59.2229 sec
Elapsed time for experts 41.4617 sec
Elapsed time for households 7.0370 sec
Iteration 6
Elapsed time for kappa 65.4988 sec
Elapsed time for experts 40.5351 sec
Elapsed time for households 14.6994 sec
Iteration 7
Elapsed time for kappa 19.9868 sec
Elapsed time for experts 40.9641 sec
Elapsed time for households 7.0174 sec
Iteration 8
Elapsed time for kappa 18.6832 sec
Elapsed time for experts 40.3900 sec
Elapsed time for households 6.7219 sec
Iteration 9
Elapsed time for kappa 15.5646 sec
Elapsed time for experts 40.3741 sec
Elapsed time for households 8.7781 sec
Elapsed time for training 1017.1653 sec
