==========================================
SLURM_JOB_ID = 9522534
SLURM_SUBMIT_DIR = /home/qhaomin/NNHJB/src
SLURM_JOB_NODELIST = mgpu02
==========================================
Iteration 0
Elapsed time for kappa 76.8913 sec
Elapsed time for experts 40.3616 sec
Elapsed time for households 35.2572 sec
Iteration 1
Elapsed time for kappa 50.3984 sec
Elapsed time for experts 34.7742 sec
Elapsed time for households 31.6482 sec
Iteration 2
Elapsed time for kappa 49.5880 sec
Elapsed time for experts 34.5393 sec
Elapsed time for households 31.5422 sec
Iteration 3
Elapsed time for kappa 23.3460 sec
Elapsed time for experts 34.3374 sec
Elapsed time for households 31.3050 sec
Iteration 4
Elapsed time for kappa 23.2452 sec
Elapsed time for experts 34.6041 sec
Elapsed time for households 31.4677 sec
Iteration 5
Elapsed time for kappa 16.0079 sec
Elapsed time for experts 34.2457 sec
Elapsed time for households 35.1538 sec
Iteration 6
Elapsed time for kappa 21.3481 sec
Elapsed time for experts 35.0142 sec
Elapsed time for households 31.1905 sec
Iteration 7
Elapsed time for kappa 23.6644 sec
Elapsed time for experts 34.4825 sec
Elapsed time for households 31.6620 sec
Iteration 8
Elapsed time for kappa 19.1463 sec
Elapsed time for experts 34.2614 sec
Elapsed time for households 30.9894 sec
Iteration 9
Elapsed time for kappa 20.0201 sec
Elapsed time for experts 35.2810 sec
Elapsed time for households 31.6272 sec
Elapsed time for training 998.0572 sec
