==========================================
SLURM_JOB_ID = 9526466
SLURM_SUBMIT_DIR = /home/qhaomin/NNHJB/src
SLURM_JOB_NODELIST = mgpu02
==========================================
Iteration 0
Elapsed time for kappa 55.9713 sec
Elapsed time for experts 47.1593 sec
Elapsed time for households 10.0113 sec
Iteration 1
Elapsed time for kappa 60.8753 sec
Elapsed time for experts 40.1531 sec
Elapsed time for households 35.2168 sec
Iteration 2
Elapsed time for kappa 59.6635 sec
Elapsed time for experts 40.4054 sec
Elapsed time for households 6.9037 sec
Iteration 3
Elapsed time for kappa 15.2781 sec
Elapsed time for experts 39.9246 sec
Elapsed time for households 37.6298 sec
Iteration 4
Elapsed time for kappa 61.2084 sec
Elapsed time for experts 40.3229 sec
Elapsed time for households 39.1039 sec
Iteration 5
Elapsed time for kappa 58.0700 sec
Elapsed time for experts 41.0665 sec
Elapsed time for households 7.1430 sec
Iteration 6
Elapsed time for kappa 64.7115 sec
Elapsed time for experts 43.7895 sec
Elapsed time for households 13.4142 sec
Iteration 7
Elapsed time for kappa 58.4717 sec
Elapsed time for experts 10.4265 sec
Elapsed time for households 37.7706 sec
Iteration 8
Elapsed time for kappa 23.1753 sec
Elapsed time for experts 43.9942 sec
Elapsed time for households 13.6695 sec
Iteration 9
Elapsed time for kappa 60.1626 sec
Elapsed time for experts 26.4920 sec
Elapsed time for households 22.4010 sec
Elapsed time for training 1115.2382 sec
