==========================================
SLURM_JOB_ID = 9520595
SLURM_SUBMIT_DIR = /home/qhaomin/NNHJB/src
SLURM_JOB_NODELIST = mgpu01
==========================================
Iteration 0
Elapsed time for kappa 73.0148 sec
Elapsed time for experts 97.5150 sec
Elapsed time for households 89.4059 sec
Iteration 1
Elapsed time for kappa 135.0342 sec
Elapsed time for experts 89.0101 sec
Elapsed time for households 86.3027 sec
Iteration 2
Elapsed time for kappa 48.5939 sec
Elapsed time for experts 87.8865 sec
Elapsed time for households 84.7965 sec
Iteration 3
Elapsed time for kappa 29.8500 sec
Elapsed time for experts 89.6039 sec
Elapsed time for households 86.3610 sec
Iteration 4
Elapsed time for kappa 34.1566 sec
Elapsed time for experts 87.3757 sec
Elapsed time for households 83.6530 sec
Iteration 5
Elapsed time for kappa 41.4148 sec
Elapsed time for experts 86.7204 sec
Elapsed time for households 83.7657 sec
Iteration 6
Elapsed time for kappa 40.5332 sec
Elapsed time for experts 87.3796 sec
Elapsed time for households 67.7748 sec
Iteration 7
Elapsed time for kappa 38.6346 sec
Elapsed time for experts 85.9710 sec
Elapsed time for households 81.2177 sec
Iteration 8
Elapsed time for kappa 22.4126 sec
Elapsed time for experts 86.5979 sec
Elapsed time for households 82.2367 sec
Iteration 9
Elapsed time for kappa 26.9974 sec
Elapsed time for experts 86.5372 sec
Elapsed time for households 83.2897 sec
Elapsed time for training 2205.1540 sec
