==========================================
SLURM_JOB_ID = 9536050
SLURM_SUBMIT_DIR = /home/qhaomin/NNHJB/src
SLURM_JOB_NODELIST = mgpu02
==========================================
Iteration 0
Elapsed time for kappa 159.8070 sec
Elapsed time for experts 84.0741 sec
Elapsed time for households 80.7763 sec
Iteration 1
Elapsed time for kappa 122.3467 sec
Elapsed time for experts 78.5979 sec
Elapsed time for households 77.8244 sec
Iteration 2
Elapsed time for kappa 24.6741 sec
Elapsed time for experts 14.7560 sec
Elapsed time for households 77.6573 sec
Iteration 3
Elapsed time for kappa 121.3190 sec
Elapsed time for experts 13.7801 sec
Elapsed time for households 75.6763 sec
Iteration 4
Elapsed time for kappa 47.0979 sec
Elapsed time for experts 78.7431 sec
Elapsed time for households 10.6083 sec
Iteration 5
Elapsed time for kappa 120.0637 sec
Elapsed time for experts 78.7053 sec
Elapsed time for households 76.1314 sec
Iteration 6
Elapsed time for kappa 23.4034 sec
Elapsed time for experts 79.5810 sec
Elapsed time for households 12.4279 sec
Iteration 7
Elapsed time for kappa 120.6754 sec
Elapsed time for experts 84.6404 sec
Elapsed time for households 12.3782 sec
Iteration 8
Elapsed time for kappa 118.4984 sec
Elapsed time for experts 81.4315 sec
Elapsed time for households 76.8502 sec
Iteration 9
Elapsed time for kappa 24.3763 sec
Elapsed time for experts 81.4391 sec
Elapsed time for households 74.0910 sec
Elapsed time for training 2133.4646 sec
