==========================================
SLURM_JOB_ID = 9526452
SLURM_SUBMIT_DIR = /home/qhaomin/NNHJB/src
SLURM_JOB_NODELIST = mgpu02
==========================================
Iteration 0
Elapsed time for kappa 42.7079 sec
Elapsed time for experts 48.3983 sec
Elapsed time for households 11.4071 sec
Iteration 1
Elapsed time for kappa 15.1010 sec
Elapsed time for experts 43.4416 sec
Elapsed time for households 41.7318 sec
Iteration 2
Elapsed time for kappa 15.4270 sec
Elapsed time for experts 43.3214 sec
Elapsed time for households 40.6823 sec
Iteration 3
Elapsed time for kappa 15.6274 sec
Elapsed time for experts 41.9213 sec
Elapsed time for households 39.5333 sec
Iteration 4
Elapsed time for kappa 15.1816 sec
Elapsed time for experts 42.6383 sec
Elapsed time for households 40.0124 sec
Iteration 5
Elapsed time for kappa 15.2952 sec
Elapsed time for experts 45.3743 sec
Elapsed time for households 40.1356 sec
Iteration 6
Elapsed time for kappa 15.5065 sec
Elapsed time for experts 41.3722 sec
Elapsed time for households 39.3387 sec
Iteration 7
Elapsed time for kappa 15.7216 sec
Elapsed time for experts 41.1062 sec
Elapsed time for households 38.2805 sec
Iteration 8
Elapsed time for kappa 15.3148 sec
Elapsed time for experts 41.7055 sec
Elapsed time for households 38.7784 sec
Iteration 9
Elapsed time for kappa 15.3553 sec
Elapsed time for experts 41.2445 sec
Elapsed time for households 38.4091 sec
Elapsed time for training 980.7268 sec
