==========================================
SLURM_JOB_ID = 9522536
SLURM_SUBMIT_DIR = /home/qhaomin/NNHJB/src
SLURM_JOB_NODELIST = mgpu02
==========================================
Iteration 0
Elapsed time for kappa 76.7867 sec
Elapsed time for experts 40.9273 sec
Elapsed time for households 18.1282 sec
Iteration 1
Elapsed time for kappa 39.0786 sec
Elapsed time for experts 9.4330 sec
Elapsed time for households 36.3294 sec
Iteration 2
Elapsed time for kappa 26.6056 sec
Elapsed time for experts 35.2752 sec
Elapsed time for households 8.1537 sec
Iteration 3
Elapsed time for kappa 23.9775 sec
Elapsed time for experts 33.9528 sec
Elapsed time for households 30.6707 sec
Iteration 4
Elapsed time for kappa 36.5163 sec
Elapsed time for experts 34.4077 sec
Elapsed time for households 30.1721 sec
Iteration 5
Elapsed time for kappa 50.3248 sec
Elapsed time for experts 38.3600 sec
Elapsed time for households 30.4891 sec
Iteration 6
Elapsed time for kappa 51.6489 sec
Elapsed time for experts 35.2596 sec
Elapsed time for households 15.0307 sec
Iteration 7
Elapsed time for kappa 23.6442 sec
Elapsed time for experts 35.5885 sec
Elapsed time for households 30.9548 sec
Iteration 8
Elapsed time for kappa 44.0892 sec
Elapsed time for experts 34.7230 sec
Elapsed time for households 30.9317 sec
Iteration 9
Elapsed time for kappa 29.0103 sec
Elapsed time for experts 17.4781 sec
Elapsed time for households 7.0933 sec
Elapsed time for training 955.7029 sec
