==========================================
SLURM_JOB_ID = 9520604
SLURM_SUBMIT_DIR = /home/qhaomin/NNHJB/src
SLURM_JOB_NODELIST = mgpu02
==========================================
Iteration 0
Elapsed time for kappa 169.7474 sec
Elapsed time for experts 97.1883 sec
Elapsed time for households 89.8241 sec
Iteration 1
Elapsed time for kappa 149.7056 sec
Elapsed time for experts 91.7851 sec
Elapsed time for households 87.0393 sec
Iteration 2
Elapsed time for kappa 136.3798 sec
Elapsed time for experts 92.0619 sec
Elapsed time for households 85.6343 sec
Iteration 3
Elapsed time for kappa 70.1211 sec
Elapsed time for experts 89.2395 sec
Elapsed time for households 85.8086 sec
Iteration 4
Elapsed time for kappa 44.3274 sec
Elapsed time for experts 89.1098 sec
Elapsed time for households 84.0759 sec
Iteration 5
Elapsed time for kappa 37.4807 sec
Elapsed time for experts 89.7896 sec
Elapsed time for households 84.1178 sec
Iteration 6
Elapsed time for kappa 38.2693 sec
Elapsed time for experts 89.3838 sec
Elapsed time for households 82.8569 sec
Iteration 7
Elapsed time for kappa 37.6928 sec
Elapsed time for experts 88.9198 sec
Elapsed time for households 81.6746 sec
Iteration 8
Elapsed time for kappa 41.7429 sec
Elapsed time for experts 87.4968 sec
Elapsed time for households 81.6413 sec
Iteration 9
Elapsed time for kappa 22.2300 sec
Elapsed time for experts 88.2918 sec
Elapsed time for households 82.6768 sec
Elapsed time for training 2497.2385 sec
