==========================================
SLURM_JOB_ID = 9536026
SLURM_SUBMIT_DIR = /home/qhaomin/NNHJB/src
SLURM_JOB_NODELIST = mgpu01
==========================================
Iteration 0
Elapsed time for kappa 92.6864 sec
Elapsed time for experts 89.5931 sec
Elapsed time for households 77.6429 sec
Iteration 1
Elapsed time for kappa 47.7229 sec
Elapsed time for experts 81.6786 sec
Elapsed time for households 73.8297 sec
Iteration 2
Elapsed time for kappa 30.2886 sec
Elapsed time for experts 82.2300 sec
Elapsed time for households 76.0739 sec
Iteration 3
Elapsed time for kappa 27.9183 sec
Elapsed time for experts 80.9694 sec
Elapsed time for households 75.1927 sec
Iteration 4
Elapsed time for kappa 23.6064 sec
Elapsed time for experts 79.1366 sec
Elapsed time for households 72.9962 sec
Iteration 5
Elapsed time for kappa 22.8687 sec
Elapsed time for experts 79.8369 sec
Elapsed time for households 74.2130 sec
Iteration 6
Elapsed time for kappa 28.6166 sec
Elapsed time for experts 79.4348 sec
Elapsed time for households 31.9892 sec
Iteration 7
Elapsed time for kappa 23.3406 sec
Elapsed time for experts 13.4324 sec
Elapsed time for households 74.0766 sec
Iteration 8
Elapsed time for kappa 32.3511 sec
Elapsed time for experts 9.9414 sec
Elapsed time for households 72.6977 sec
Iteration 9
Elapsed time for kappa 21.7050 sec
Elapsed time for experts 78.9623 sec
Elapsed time for households 51.1497 sec
Elapsed time for training 1707.0693 sec
